{
"/Users/nmashton/Caktus/repos/Traffic-Stops/traffic_stops/static/js/app/base/DataHandlerBase.js":{"path":"/Users/nmashton/Caktus/repos/Traffic-Stops/traffic_stops/static/js/app/base/DataHandlerBase.js","s":{"1":1,"2":1,"3":1,"4":1,"5":1,"6":1,"7":2,"8":1,"9":0,"10":0,"11":0,"12":0,"13":0,"14":0,"15":0,"16":0,"17":0,"18":0,"19":0},"b":{"1":[0,2],"2":[2,2],"3":[0,0]},"f":{"1":2,"2":0,"3":0,"4":0,"5":0},"fnMap":{"1":{"loc":{"start":{"line":0,"column":0},"end":{"line":0,"column":0},"skip":true},"name":"_interopRequireDefault","skip":true,"line":15},"2":{"loc":{"start":{"line":5,"column":15},"end":{"line":5,"column":26}},"name":"constructor","line":18},"3":{"loc":{"start":{"line":10,"column":12},"end":{"line":10,"column":24}},"name":"get_data","line":23},"4":{"loc":{"start":{"line":11,"column":29},"end":{"line":11,"column":46}},"name":"(anonymous_4)","line":26},"5":{"loc":{"start":{"line":20,"column":14},"end":{"line":20,"column":26}},"name":"clean_data","line":35}},"statementMap":{"1":{"start":{"line":0,"column":0},"end":{"line":0,"column":0},"skip":true},"2":{"end":{"line":1,"column":-15},"start":{"line":1,"column":-15}},"3":{"start":{"line":0,"column":0},"end":{"line":0,"column":0},"skip":true},"4":{"end":{"line":2,"column":0},"start":{"line":2,"column":0}},"5":{"start":{"line":0,"column":0},"end":{"line":0,"column":0},"skip":true},"6":{"start":{"line":0,"column":0},"end":{"line":0,"column":0},"skip":true},"7":{"start":{"line":0,"column":0},"end":{"line":0,"column":0},"skip":true},"8":{"start":{"line":0,"column":0},"end":{"line":0,"column":0},"skip":true},"9":{"end":{"line":6,"column":4},"start":{"line":6,"column":4}},"10":{"end":{"line":7,"column":4},"start":{"line":7,"column":4}},"11":{"end":{"line":10,"column":24},"start":{"line":10,"column":24}},"12":{"end":{"line":11,"column":4},"start":{"line":11,"column":4}},"13":{"end":{"line":12,"column":17},"start":{"line":12,"column":6}},"14":{"end":{"line":12,"column":17},"start":{"line":12,"column":17}},"15":{"end":{"line":13,"column":6},"start":{"line":13,"column":6}},"16":{"end":{"line":14,"column":6},"start":{"line":14,"column":6}},"17":{"end":{"line":15,"column":6},"start":{"line":15,"column":6}},"18":{"end":{"line":16,"column":6},"start":{"line":16,"column":6}},"19":{"end":{"line":21,"column":4},"start":{"line":21,"column":4}}},"branchMap":{"1":{"line":15,"type":"cond-expr","locations":[{"start":{"line":0,"column":0},"end":{"line":0,"column":0},"skip":true},{"start":{"line":0,"column":0},"end":{"line":0,"column":0},"skip":true}]},"2":{"line":15,"type":"binary-expr","locations":[{"start":{"line":0,"column":0},"end":{"line":0,"column":0},"skip":true},{"start":{"line":0,"column":0},"end":{"line":0,"column":0},"skip":true}]},"3":{"line":27,"type":"if","locations":[{"end":{"line":12,"column":6},"start":{"line":12,"column":6}},{"end":{"line":12,"column":6},"start":{"line":12,"column":6}}]}},"l":{"0":2,"1":1,"2":1,"6":0,"7":0,"10":0,"11":0,"12":0,"13":0,"14":0,"15":0,"16":0,"21":0}},
"/Users/nmashton/Caktus/repos/Traffic-Stops/traffic_stops/static/js/app/base/TableBase.js":{"path":"/Users/nmashton/Caktus/repos/Traffic-Stops/traffic_stops/static/js/app/base/TableBase.js","s":{"1":0,"2":0,"3":0,"4":0,"5":0,"6":1,"7":0,"8":0,"9":0,"10":0,"11":0,"12":0,"13":0,"14":0,"15":0,"16":0,"17":0,"18":0,"19":0,"20":0,"21":0,"22":0,"23":0,"24":0,"25":0,"26":0},"b":{"1":[0,0],"2":[0,0],"3":[0,0],"4":[0,0]},"f":{"1":0,"2":0,"3":0,"4":0,"5":0,"6":0,"7":0,"8":0},"fnMap":{"1":{"loc":{"start":{"line":0,"column":0},"end":{"line":0,"column":0},"skip":true},"name":"_interopRequireDefault","skip":true,"line":15},"2":{"loc":{"start":{"line":6,"column":15},"end":{"line":6,"column":25}},"name":"constructor","line":19},"3":{"loc":{"start":{"line":11,"column":10},"end":{"line":11,"column":24}},"name":"update","line":24},"4":{"loc":{"start":{"line":16,"column":20},"end":{"line":16,"column":30}},"name":"get_tabular_data","line":29},"5":{"loc":{"start":{"line":20,"column":13},"end":{"line":20,"column":23}},"name":"showError","line":33},"6":{"loc":{"start":{"line":26,"column":14},"end":{"line":26,"column":24}},"name":"draw_table","line":37},"7":{"loc":{"start":{"line":32,"column":19},"end":{"line":32,"column":35}},"name":"(anonymous_7)","line":43},"8":{"loc":{"start":{"line":34,"column":18},"end":{"line":34,"column":29}},"name":"(anonymous_8)","line":45}},"statementMap":{"1":{"start":{"line":0,"column":0},"end":{"line":0,"column":0},"skip":true},"2":{"end":{"line":1,"column":-15},"start":{"line":1,"column":-15}},"3":{"start":{"line":0,"column":0},"end":{"line":0,"column":0},"skip":true},"4":{"end":{"line":2,"column":0},"start":{"line":2,"column":0}},"5":{"start":{"line":0,"column":0},"end":{"line":0,"column":0},"skip":true},"6":{"start":{"line":0,"column":0},"end":{"line":0,"column":0},"skip":true},"7":{"start":{"line":0,"column":0},"end":{"line":0,"column":0},"skip":true},"8":{"start":{"line":0,"column":0},"end":{"line":0,"column":0},"skip":true},"9":{"end":{"line":7,"column":4},"start":{"line":7,"column":4}},"10":{"end":{"line":8,"column":4},"start":{"line":8,"column":4}},"11":{"end":{"line":9,"column":4},"start":{"line":9,"column":4}},"12":{"start":{"line":0,"column":0},"end":{"line":0,"column":0},"skip":true},"13":{"start":{"line":0,"column":0},"end":{"line":0,"column":0},"skip":true},"14":{"end":{"line":13,"column":4},"start":{"line":13,"column":4}},"15":{"end":{"line":14,"column":4},"start":{"line":14,"column":4}},"16":{"end":{"line":18,"column":4},"start":{"line":18,"column":4}},"17":{"end":{"line":21,"column":4},"start":{"line":21,"column":4}},"18":{"end":{"line":27,"column":4},"start":{"line":27,"column":4}},"19":{"end":{"line":32,"column":4},"start":{"line":32,"column":4}},"20":{"end":{"line":33,"column":6},"start":{"line":33,"column":6}},"21":{"end":{"line":34,"column":6},"start":{"line":34,"column":6}},"22":{"end":{"line":35,"column":8},"start":{"line":35,"column":8}},"23":{"end":{"line":36,"column":8},"start":{"line":36,"column":8}},"24":{"end":{"line":38,"column":6},"start":{"line":38,"column":6}},"25":{"end":{"line":40,"column":4},"start":{"line":40,"column":4}},"26":{"end":{"line":41,"column":4},"start":{"line":41,"column":4}}},"branchMap":{"1":{"line":15,"type":"cond-expr","locations":[{"start":{"line":0,"column":0},"end":{"line":0,"column":0},"skip":true},{"start":{"line":0,"column":0},"end":{"line":0,"column":0},"skip":true}]},"2":{"line":15,"type":"binary-expr","locations":[{"start":{"line":0,"column":0},"end":{"line":0,"column":0},"skip":true},{"start":{"line":0,"column":0},"end":{"line":0,"column":0},"skip":true}]},"3":{"line":25,"type":"if","locations":[{"end":{"line":12,"column":4},"start":{"line":12,"column":4}},{"end":{"line":12,"column":4},"start":{"line":12,"column":4}}]},"4":{"line":46,"type":"cond-expr","locations":[{"end":{"line":35,"column":19},"start":{"line":35,"column":31}},{"end":{"line":35,"column":8},"start":{"line":35,"column":43}}]}},"l":{"0":1,"1":0,"2":0,"7":0,"8":0,"9":0,"13":0,"14":0,"18":0,"21":0,"27":0,"32":0,"33":0,"34":0,"35":0,"36":0,"38":0,"40":0,"41":0}},
"/Users/nmashton/Caktus/repos/Traffic-Stops/traffic_stops/static/js/app/base/VisualBase.js":{"path":"/Users/nmashton/Caktus/repos/Traffic-Stops/traffic_stops/static/js/app/base/VisualBase.js","s":{"1":0,"2":0,"3":0,"4":0,"5":0,"6":1,"7":0,"8":0,"9":0,"10":0,"11":0,"12":0,"13":0,"14":0,"15":0,"16":0,"17":0,"18":0,"19":0,"20":0,"21":0,"22":0,"23":0,"24":0,"25":0,"26":0,"27":0,"28":0,"29":0,"30":0},"b":{"1":[0,0],"2":[0,0],"3":[0,0]},"f":{"1":0,"2":0,"3":0,"4":0,"5":0,"6":0,"7":0,"8":0,"9":0,"10":0,"11":0},"fnMap":{"1":{"loc":{"start":{"line":0,"column":0},"end":{"line":0,"column":0},"skip":true},"name":"_interopRequireDefault","skip":true,"line":15},"2":{"loc":{"start":{"line":5,"column":15},"end":{"line":5,"column":25}},"name":"constructor","line":18},"3":{"loc":{"start":{"line":13,"column":10},"end":{"line":13,"column":20}},"name":"setDOM","line":26},"4":{"loc":{"start":{"line":17,"column":15},"end":{"line":17,"column":25}},"name":"loader_show","line":30},"5":{"loc":{"start":{"line":22,"column":13},"end":{"line":22,"column":23}},"name":"showError","line":33},"6":{"loc":{"start":{"line":28,"column":15},"end":{"line":28,"column":25}},"name":"loader_hide","line":37},"7":{"loc":{"start":{"line":31,"column":10},"end":{"line":31,"column":24}},"name":"update","line":40},"8":{"loc":{"start":{"line":39,"column":15},"end":{"line":39,"column":25}},"name":"drawStartup","line":48},"9":{"loc":{"start":{"line":42,"column":13},"end":{"line":42,"column":23}},"name":"drawChart","line":51},"10":{"loc":{"start":{"line":45,"column":19},"end":{"line":45,"column":29}},"name":"setDefaultChart","line":54},"11":{"loc":{"start":{"line":48,"column":21},"end":{"line":48,"column":35}},"name":"triggerRaceToggle","line":57}},"statementMap":{"1":{"start":{"line":0,"column":0},"end":{"line":0,"column":0},"skip":true},"2":{"end":{"line":1,"column":-15},"start":{"line":1,"column":-15}},"3":{"start":{"line":0,"column":0},"end":{"line":0,"column":0},"skip":true},"4":{"end":{"line":2,"column":0},"start":{"line":2,"column":0}},"5":{"start":{"line":0,"column":0},"end":{"line":0,"column":0},"skip":true},"6":{"start":{"line":0,"column":0},"end":{"line":0,"column":0},"skip":true},"7":{"start":{"line":0,"column":0},"end":{"line":0,"column":0},"skip":true},"8":{"start":{"line":0,"column":0},"end":{"line":0,"column":0},"skip":true},"9":{"end":{"line":6,"column":4},"start":{"line":6,"column":4}},"10":{"end":{"line":7,"column":4},"start":{"line":7,"column":4}},"11":{"end":{"line":8,"column":4},"start":{"line":8,"column":4}},"12":{"end":{"line":9,"column":4},"start":{"line":9,"column":4}},"13":{"end":{"line":10,"column":4},"start":{"line":10,"column":4}},"14":{"end":{"line":11,"column":4},"start":{"line":11,"column":4}},"15":{"end":{"line":14,"column":4},"start":{"line":14,"column":4}},"16":{"end":{"line":15,"column":4},"start":{"line":15,"column":4}},"17":{"end":{"line":18,"column":4},"start":{"line":18,"column":4}},"18":{"end":{"line":23,"column":4},"start":{"line":23,"column":4}},"19":{"end":{"line":24,"column":4},"start":{"line":24,"column":4}},"20":{"end":{"line":29,"column":4},"start":{"line":29,"column":4}},"21":{"start":{"line":0,"column":0},"end":{"line":0,"column":0},"skip":true},"22":{"start":{"line":0,"column":0},"end":{"line":0,"column":0},"skip":true},"23":{"end":{"line":33,"column":4},"start":{"line":33,"column":4}},"24":{"end":{"line":34,"column":4},"start":{"line":34,"column":4}},"25":{"end":{"line":35,"column":4},"start":{"line":35,"column":4}},"26":{"end":{"line":36,"column":4},"start":{"line":36,"column":4}},"27":{"end":{"line":37,"column":4},"start":{"line":37,"column":4}},"28":{"end":{"line":40,"column":4},"start":{"line":40,"column":4}},"29":{"end":{"line":43,"column":4},"start":{"line":43,"column":4}},"30":{"end":{"line":46,"column":4},"start":{"line":46,"column":4}}},"branchMap":{"1":{"line":15,"type":"cond-expr","locations":[{"start":{"line":0,"column":0},"end":{"line":0,"column":0},"skip":true},{"start":{"line":0,"column":0},"end":{"line":0,"column":0},"skip":true}]},"2":{"line":15,"type":"binary-expr","locations":[{"start":{"line":0,"column":0},"end":{"line":0,"column":0},"skip":true},{"start":{"line":0,"column":0},"end":{"line":0,"column":0},"skip":true}]},"3":{"line":41,"type":"if","locations":[{"end":{"line":32,"column":4},"start":{"line":32,"column":4}},{"end":{"line":32,"column":4},"start":{"line":32,"column":4}}]}},"l":{"0":1,"1":0,"2":0,"6":0,"7":0,"8":0,"9":0,"10":0,"11":0,"14":0,"15":0,"18":0,"23":0,"24":0,"29":0,"33":0,"34":0,"35":0,"36":0,"37":0,"40":0,"43":0,"46":0}},
"/Users/nmashton/Caktus/repos/Traffic-Stops/traffic_stops/static/js/app/states/md/Stops.js":{"path":"/Users/nmashton/Caktus/repos/Traffic-Stops/traffic_stops/static/js/app/states/md/Stops.js","s":{"1":0,"2":0,"3":0,"4":0,"5":0,"6":0,"7":0,"8":0,"9":0,"10":0,"11":0,"12":0,"13":0,"14":0,"15":0,"16":0,"17":1,"18":0,"19":0,"20":0,"21":0,"22":0,"23":0,"24":0,"25":0,"26":0,"27":0,"28":0,"29":0,"30":0,"31":0,"32":0,"33":0,"34":0,"35":0,"36":0,"37":0,"38":0,"39":0,"40":0,"41":0,"42":0,"43":0,"44":0,"45":0,"46":0,"47":0,"48":0,"49":0,"50":0,"51":0,"52":0,"53":0,"54":0,"55":0,"56":0,"57":0,"58":0,"59":0,"60":0,"61":0,"62":0,"63":0,"64":0,"65":0,"66":0,"67":0,"68":0,"69":0,"70":0,"71":0,"72":0,"73":0,"74":0,"75":0,"76":0,"77":0,"78":0,"79":0,"80":0,"81":0,"82":0,"83":0,"84":0,"85":0,"86":0,"87":0,"88":0,"89":0,"90":0,"91":0,"92":0,"93":0,"94":0,"95":0,"96":0,"97":0,"98":0,"99":0,"100":0,"101":0,"102":0,"103":0,"104":0},"b":{"1":[0,0],"2":[0,0],"3":[0,0],"4":[0,0],"5":[0,0],"6":[0,0],"7":[0,0],"8":[0,0],"9":[0,0]},"f":{"1":0,"2":0,"3":0,"4":0,"5":0,"6":0,"7":0,"8":0,"9":0,"10":0,"11":0,"12":0,"13":0,"14":0,"15":0,"16":0,"17":0,"18":0,"19":0,"20":0,"21":0,"22":0,"23":0,"24":0,"25":0,"26":0,"27":0,"28":0,"29":0,"30":0,"31":0,"32":0,"33":0,"34":0},"fnMap":{"1":{"loc":{"start":{"line":0,"column":0},"end":{"line":0,"column":0},"skip":true},"name":"_interopRequireDefault","skip":true,"line":35},"2":{"loc":{"start":{"line":13,"column":14},"end":{"line":13,"column":26}},"name":"clean_data","line":40},"3":{"loc":{"start":{"line":22,"column":28},"end":{"line":22,"column":37}},"name":"(anonymous_3)","line":49},"4":{"loc":{"start":{"line":27,"column":19},"end":{"line":27,"column":29}},"name":"(anonymous_4)","line":54},"5":{"loc":{"start":{"line":28,"column":29},"end":{"line":28,"column":38}},"name":"(anonymous_5)","line":55},"6":{"loc":{"start":{"line":38,"column":17},"end":{"line":38,"column":24}},"name":"(anonymous_6)","line":65},"7":{"loc":{"start":{"line":47,"column":28},"end":{"line":47,"column":46}},"name":"get_total_by_race","line":74},"8":{"loc":{"start":{"line":49,"column":27},"end":{"line":49,"column":42}},"name":"(anonymous_8)","line":76},"9":{"loc":{"start":{"line":55,"column":30},"end":{"line":55,"column":37}},"name":"(anonymous_9)","line":82},"10":{"loc":{"start":{"line":58,"column":17},"end":{"line":58,"column":25}},"name":"(anonymous_10)","line":85},"11":{"loc":{"start":{"line":61,"column":34},"end":{"line":61,"column":49}},"name":"(anonymous_11)","line":88},"12":{"loc":{"start":{"line":83,"column":19},"end":{"line":83,"column":29}},"name":"setDefaultChart","line":110},"13":{"loc":{"start":{"line":85,"column":9},"end":{"line":85,"column":9}},"name":"(anonymous_13)","line":111},"14":{"loc":{"start":{"line":86,"column":9},"end":{"line":86,"column":9}},"name":"(anonymous_14)","line":113},"15":{"loc":{"start":{"line":87,"column":13},"end":{"line":87,"column":13}},"name":"(anonymous_15)","line":115},"16":{"loc":{"start":{"line":96,"column":15},"end":{"line":96,"column":25}},"name":"drawStartup","line":119},"17":{"loc":{"start":{"line":101,"column":32},"end":{"line":101,"column":32}},"name":"(anonymous_17)","line":125},"18":{"loc":{"start":{"line":102,"column":18},"end":{"line":102,"column":24}},"name":"getData","line":128},"19":{"loc":{"start":{"line":119,"column":13},"end":{"line":119,"column":23}},"name":"drawChart","line":140},"20":{"loc":{"start":{"line":122,"column":16},"end":{"line":122,"column":22}},"name":"(anonymous_20)","line":145},"21":{"loc":{"start":{"line":133,"column":15},"end":{"line":133,"column":25}},"name":"_formatData","line":149},"22":{"loc":{"start":{"line":139,"column":18},"end":{"line":139,"column":28}},"name":"(anonymous_22)","line":155},"23":{"loc":{"start":{"line":150,"column":21},"end":{"line":150,"column":21}},"name":"triggerRaceToggle","line":166},"24":{"loc":{"start":{"line":158,"column":19},"end":{"line":158,"column":29}},"name":"setDefaultChart","line":176},"25":{"loc":{"start":{"line":176,"column":15},"end":{"line":176,"column":25}},"name":"drawStartup","line":183},"26":{"loc":{"start":{"line":177,"column":13},"end":{"line":177,"column":23}},"name":"drawChart","line":184},"27":{"loc":{"start":{"line":180,"column":16},"end":{"line":180,"column":22}},"name":"(anonymous_27)","line":189},"28":{"loc":{"start":{"line":190,"column":15},"end":{"line":190,"column":25}},"name":"_formatData","line":193},"29":{"loc":{"start":{"line":197,"column":27},"end":{"line":197,"column":46}},"name":"(anonymous_29)","line":200},"30":{"loc":{"start":{"line":200,"column":30},"end":{"line":200,"column":41}},"name":"(anonymous_30)","line":203},"31":{"loc":{"start":{"line":211,"column":21},"end":{"line":211,"column":21}},"name":"triggerRaceToggle","line":216},"32":{"loc":{"start":{"line":215,"column":20},"end":{"line":215,"column":30}},"name":"get_tabular_data","line":222},"33":{"loc":{"start":{"line":224,"column":26},"end":{"line":224,"column":40}},"name":"(anonymous_33)","line":233},"34":{"loc":{"start":{"line":226,"column":32},"end":{"line":226,"column":43}},"name":"(anonymous_34)","line":235}},"statementMap":{"1":{"end":{"line":1,"column":-15},"start":{"line":1,"column":-15}},"2":{"start":{"line":0,"column":0},"end":{"line":0,"column":0},"skip":true},"3":{"end":{"line":2,"column":0},"start":{"line":2,"column":0}},"4":{"start":{"line":0,"column":0},"end":{"line":0,"column":0},"skip":true},"5":{"end":{"line":3,"column":0},"start":{"line":3,"column":0}},"6":{"start":{"line":0,"column":0},"end":{"line":0,"column":0},"skip":true},"7":{"end":{"line":4,"column":0},"start":{"line":4,"column":0}},"8":{"start":{"line":0,"column":0},"end":{"line":0,"column":0},"skip":true},"9":{"end":{"line":6,"column":0},"start":{"line":6,"column":0}},"10":{"start":{"line":0,"column":0},"end":{"line":0,"column":0},"skip":true},"11":{"end":{"line":7,"column":0},"start":{"line":7,"column":0}},"12":{"start":{"line":0,"column":0},"end":{"line":0,"column":0},"skip":true},"13":{"end":{"line":8,"column":0},"start":{"line":8,"column":0}},"14":{"start":{"line":0,"column":0},"end":{"line":0,"column":0},"skip":true},"15":{"end":{"line":9,"column":0},"start":{"line":9,"column":0}},"16":{"start":{"line":0,"column":0},"end":{"line":0,"column":0},"skip":true},"17":{"start":{"line":0,"column":0},"end":{"line":0,"column":0},"skip":true},"18":{"start":{"line":0,"column":0},"end":{"line":0,"column":0},"skip":true},"19":{"end":{"line":10,"column":0},"start":{"line":10,"column":0}},"20":{"end":{"line":12,"column":0},"start":{"line":12,"column":0}},"21":{"end":{"line":15,"column":4},"start":{"line":15,"column":4}},"22":{"end":{"line":33,"column":5},"start":{"line":19,"column":4}},"23":{"end":{"line":21,"column":6},"start":{"line":21,"column":6}},"24":{"end":{"line":22,"column":6},"start":{"line":22,"column":6}},"25":{"end":{"line":23,"column":8},"start":{"line":23,"column":8}},"26":{"end":{"line":27,"column":6},"start":{"line":27,"column":6}},"27":{"end":{"line":28,"column":8},"start":{"line":28,"column":8}},"28":{"end":{"line":29,"column":10},"start":{"line":29,"column":10}},"29":{"end":{"line":32,"column":6},"start":{"line":32,"column":6}},"30":{"end":{"line":36,"column":4},"start":{"line":36,"column":4}},"31":{"end":{"line":38,"column":4},"start":{"line":38,"column":4}},"32":{"end":{"line":39,"column":38},"start":{"line":39,"column":6}},"33":{"end":{"line":39,"column":38},"start":{"line":39,"column":38}},"34":{"end":{"line":42,"column":4},"start":{"line":42,"column":4}},"35":{"end":{"line":46,"column":4},"start":{"line":46,"column":4}},"36":{"end":{"line":48,"column":10},"start":{"line":48,"column":10}},"37":{"end":{"line":49,"column":10},"start":{"line":49,"column":10}},"38":{"end":{"line":50,"column":12},"start":{"line":50,"column":12}},"39":{"end":{"line":52,"column":10},"start":{"line":52,"column":10}},"40":{"end":{"line":55,"column":4},"start":{"line":55,"column":4}},"41":{"end":{"line":56,"column":6},"start":{"line":56,"column":6}},"42":{"end":{"line":58,"column":4},"start":{"line":58,"column":4}},"43":{"end":{"line":64,"column":7},"start":{"line":59,"column":6}},"44":{"end":{"line":60,"column":8},"start":{"line":60,"column":8}},"45":{"end":{"line":61,"column":8},"start":{"line":61,"column":8}},"46":{"end":{"line":62,"column":10},"start":{"line":62,"column":10}},"47":{"end":{"line":68,"column":4},"start":{"line":68,"column":4}},"48":{"end":{"line":77,"column":0},"start":{"line":77,"column":0}},"49":{"end":{"line":84,"column":4},"start":{"line":84,"column":4}},"50":{"end":{"line":85,"column":9},"start":{"line":85,"column":9}},"51":{"end":{"line":86,"column":9},"start":{"line":86,"column":9}},"52":{"end":{"line":87,"column":13},"start":{"line":87,"column":13}},"53":{"end":{"line":96,"column":25},"start":{"line":96,"column":25}},"54":{"end":{"line":99,"column":4},"start":{"line":99,"column":4}},"55":{"end":{"line":101,"column":32},"start":{"line":101,"column":32}},"56":{"end":{"line":103,"column":10},"start":{"line":103,"column":10}},"57":{"end":{"line":104,"column":10},"start":{"line":104,"column":10}},"58":{"end":{"line":105,"column":10},"start":{"line":105,"column":10}},"59":{"end":{"line":108,"column":4},"start":{"line":108,"column":4}},"60":{"end":{"line":113,"column":4},"start":{"line":113,"column":4}},"61":{"end":{"line":117,"column":4},"start":{"line":117,"column":4}},"62":{"end":{"line":119,"column":23},"start":{"line":119,"column":23}},"63":{"end":{"line":120,"column":4},"start":{"line":120,"column":4}},"64":{"end":{"line":122,"column":4},"start":{"line":122,"column":4}},"65":{"end":{"line":123,"column":6},"start":{"line":123,"column":6}},"66":{"end":{"line":134,"column":4},"start":{"line":134,"column":4}},"67":{"end":{"line":139,"column":4},"start":{"line":139,"column":4}},"68":{"end":{"line":140,"column":14},"start":{"line":140,"column":6}},"69":{"end":{"line":140,"column":14},"start":{"line":140,"column":14}},"70":{"end":{"line":141,"column":6},"start":{"line":141,"column":6}},"71":{"end":{"line":148,"column":4},"start":{"line":148,"column":4}},"72":{"end":{"line":150,"column":21},"start":{"line":150,"column":21}},"73":{"end":{"line":153,"column":0},"start":{"line":153,"column":0}},"74":{"end":{"line":159,"column":4},"start":{"line":159,"column":4}},"75":{"end":{"line":169,"column":4},"start":{"line":169,"column":4}},"76":{"end":{"line":172,"column":4},"start":{"line":172,"column":4}},"77":{"end":{"line":177,"column":23},"start":{"line":177,"column":23}},"78":{"end":{"line":178,"column":4},"start":{"line":178,"column":4}},"79":{"end":{"line":180,"column":4},"start":{"line":180,"column":4}},"80":{"end":{"line":181,"column":8},"start":{"line":181,"column":8}},"81":{"end":{"line":191,"column":4},"start":{"line":191,"column":4}},"82":{"end":{"line":197,"column":4},"start":{"line":197,"column":4}},"83":{"end":{"line":198,"column":34},"start":{"line":198,"column":6}},"84":{"end":{"line":198,"column":34},"start":{"line":198,"column":34}},"85":{"end":{"line":200,"column":6},"start":{"line":200,"column":6}},"86":{"end":{"line":200,"column":42},"start":{"line":200,"column":42}},"87":{"end":{"line":201,"column":6},"start":{"line":201,"column":6}},"88":{"end":{"line":207,"column":6},"start":{"line":207,"column":6}},"89":{"end":{"line":209,"column":4},"start":{"line":209,"column":4}},"90":{"end":{"line":211,"column":21},"start":{"line":211,"column":21}},"91":{"end":{"line":214,"column":0},"start":{"line":214,"column":0}},"92":{"end":{"line":216,"column":4},"start":{"line":216,"column":4}},"93":{"end":{"line":219,"column":4},"start":{"line":219,"column":4}},"94":{"end":{"line":220,"column":4},"start":{"line":220,"column":4}},"95":{"end":{"line":221,"column":4},"start":{"line":221,"column":4}},"96":{"end":{"line":224,"column":4},"start":{"line":224,"column":4}},"97":{"end":{"line":225,"column":6},"start":{"line":225,"column":6}},"98":{"end":{"line":226,"column":6},"start":{"line":226,"column":6}},"99":{"end":{"line":226,"column":45},"start":{"line":226,"column":45}},"100":{"end":{"line":227,"column":6},"start":{"line":227,"column":6}},"101":{"end":{"line":230,"column":4},"start":{"line":230,"column":4}},"102":{"end":{"line":234,"column":38},"start":{"line":234,"column":0}},"103":{"end":{"line":234,"column":38},"start":{"line":234,"column":38}},"104":{"end":{"line":236,"column":0},"start":{"line":236,"column":0}}},"branchMap":{"1":{"line":35,"type":"cond-expr","locations":[{"start":{"line":0,"column":0},"end":{"line":0,"column":0},"skip":true},{"start":{"line":0,"column":0},"end":{"line":0,"column":0},"skip":true}]},"2":{"line":35,"type":"binary-expr","locations":[{"start":{"line":0,"column":0},"end":{"line":0,"column":0},"skip":true},{"start":{"line":0,"column":0},"end":{"line":0,"column":0},"skip":true}]},"3":{"line":46,"type":"if","locations":[{"end":{"line":19,"column":4},"start":{"line":19,"column":4}},{"end":{"line":19,"column":4},"start":{"line":19,"column":4}}]},"4":{"line":66,"type":"if","locations":[{"end":{"line":39,"column":6},"start":{"line":39,"column":6}},{"end":{"line":39,"column":6},"start":{"line":39,"column":6}}]},"5":{"line":86,"type":"if","locations":[{"end":{"line":59,"column":6},"start":{"line":59,"column":6}},{"end":{"line":59,"column":6},"start":{"line":59,"column":6}}]},"6":{"line":156,"type":"if","locations":[{"end":{"line":140,"column":6},"start":{"line":140,"column":6}},{"end":{"line":140,"column":6},"start":{"line":140,"column":6}}]},"7":{"line":201,"type":"if","locations":[{"end":{"line":198,"column":6},"start":{"line":198,"column":6}},{"end":{"line":198,"column":6},"start":{"line":198,"column":6}}]},"8":{"line":236,"type":"binary-expr","locations":[{"end":{"line":226,"column":55},"start":{"line":226,"column":55}},{"end":{"line":226,"column":54},"start":{"line":226,"column":65}}]},"9":{"line":245,"type":"if","locations":[{"end":{"line":234,"column":0},"start":{"line":234,"column":0}},{"end":{"line":234,"column":0},"start":{"line":234,"column":0}}]}},"l":{"0":1,"1":0,"2":0,"3":0,"4":0,"6":0,"7":0,"8":0,"9":0,"10":0,"12":0,"15":0,"19":0,"21":0,"22":0,"23":0,"27":0,"28":0,"29":0,"32":0,"36":0,"38":0,"39":0,"42":0,"46":0,"48":0,"49":0,"50":0,"52":0,"55":0,"56":0,"58":0,"59":0,"60":0,"61":0,"62":0,"68":0,"77":0,"84":0,"85":0,"86":0,"87":0,"96":0,"99":0,"101":0,"103":0,"104":0,"105":0,"108":0,"113":0,"117":0,"119":0,"120":0,"122":0,"123":0,"134":0,"139":0,"140":0,"141":0,"148":0,"150":0,"153":0,"159":0,"169":0,"172":0,"177":0,"178":0,"180":0,"181":0,"191":0,"197":0,"198":0,"200":0,"201":0,"207":0,"209":0,"211":0,"214":0,"216":0,"219":0,"220":0,"221":0,"224":0,"225":0,"226":0,"227":0,"230":0,"234":0,"236":0}},
"/Users/nmashton/Caktus/repos/Traffic-Stops/traffic_stops/static/js/app/states/md/defaults.js":{"path":"/Users/nmashton/Caktus/repos/Traffic-Stops/traffic_stops/static/js/app/states/md/defaults.js","s":{"1":0,"2":0},"b":{},"f":{},"fnMap":{},"statementMap":{"1":{"start":{"line":0,"column":0},"end":{"line":0,"column":0},"skip":true},"2":{"start":{"line":0,"column":0},"end":{"line":0,"column":0},"skip":true}},"branchMap":{},"l":{"0":1}},
"/Users/nmashton/Caktus/repos/Traffic-Stops/traffic_stops/static/js/app/states/md/index.js":{"path":"/Users/nmashton/Caktus/repos/Traffic-Stops/traffic_stops/static/js/app/states/md/index.js","s":{"1":0},"b":{},"f":{},"fnMap":{},"statementMap":{"1":{"end":{"line":1,"column":-15},"start":{"line":1,"column":-15}}},"branchMap":{},"l":{"1":0}},
"/Users/nmashton/Caktus/repos/Traffic-Stops/traffic_stops/static/js/app/states/nc/Stops.js":{"path":"/Users/nmashton/Caktus/repos/Traffic-Stops/traffic_stops/static/js/app/states/nc/Stops.js","s":{"1":0,"2":0,"3":0,"4":0,"5":0,"6":0,"7":0,"8":0,"9":0,"10":0,"11":0,"12":0,"13":0,"14":0,"15":0,"16":0,"17":0,"18":0,"19":1,"20":0,"21":0,"22":0,"23":0,"24":0,"25":0,"26":0,"27":0,"28":0,"29":0,"30":0,"31":0,"32":0,"33":0,"34":0,"35":0,"36":0,"37":0,"38":0,"39":0,"40":0,"41":0,"42":0,"43":0,"44":0,"45":0,"46":0,"47":0,"48":0,"49":0,"50":0,"51":0,"52":0,"53":0,"54":0,"55":0,"56":0,"57":0,"58":0,"59":0,"60":0,"61":0,"62":0,"63":0,"64":0,"65":0,"66":0,"67":0,"68":0,"69":0,"70":0,"71":0,"72":0,"73":0,"74":0,"75":0,"76":0,"77":0,"78":0,"79":0,"80":0,"81":0,"82":0,"83":0,"84":0,"85":0,"86":0,"87":0,"88":0,"89":0,"90":0,"91":0,"92":0,"93":0,"94":0,"95":0,"96":0,"97":0,"98":0,"99":0,"100":0,"101":0,"102":0,"103":0,"104":0,"105":0,"106":0,"107":0,"108":0,"109":0},"b":{"1":[0,0],"2":[0,0],"3":[0,0],"4":[0,0],"5":[0,0],"6":[0,0],"7":[0,0],"8":[0,0],"9":[0,0],"10":[0,0],"11":[0,0]},"f":{"1":0,"2":0,"3":0,"4":0,"5":0,"6":0,"7":0,"8":0,"9":0,"10":0,"11":0,"12":0,"13":0,"14":0,"15":0,"16":0,"17":0,"18":0,"19":0,"20":0,"21":0,"22":0,"23":0,"24":0,"25":0,"26":0,"27":0,"28":0,"29":0,"30":0,"31":0,"32":0,"33":0,"34":0,"35":0,"36":0},"fnMap":{"1":{"loc":{"start":{"line":0,"column":0},"end":{"line":0,"column":0},"skip":true},"name":"_interopRequireDefault","skip":true,"line":40},"2":{"loc":{"start":{"line":13,"column":14},"end":{"line":13,"column":24}},"name":"clean_data","line":45},"3":{"loc":{"start":{"line":22,"column":28},"end":{"line":22,"column":41}},"name":"(anonymous_3)","line":54},"4":{"loc":{"start":{"line":27,"column":19},"end":{"line":27,"column":33}},"name":"(anonymous_4)","line":59},"5":{"loc":{"start":{"line":28,"column":29},"end":{"line":28,"column":42}},"name":"(anonymous_5)","line":60},"6":{"loc":{"start":{"line":37,"column":17},"end":{"line":37,"column":28}},"name":"(anonymous_6)","line":69},"7":{"loc":{"start":{"line":45,"column":28},"end":{"line":45,"column":50}},"name":"get_total_by_race","line":77},"8":{"loc":{"start":{"line":47,"column":27},"end":{"line":47,"column":41}},"name":"(anonymous_8)","line":79},"9":{"loc":{"start":{"line":53,"column":45},"end":{"line":53,"column":63}},"name":"(anonymous_9)","line":85},"10":{"loc":{"start":{"line":54,"column":23},"end":{"line":54,"column":34}},"name":"(anonymous_10)","line":86},"11":{"loc":{"start":{"line":57,"column":19},"end":{"line":57,"column":31}},"name":"(anonymous_11)","line":89},"12":{"loc":{"start":{"line":60,"column":27},"end":{"line":60,"column":41}},"name":"(anonymous_12)","line":92},"13":{"loc":{"start":{"line":83,"column":19},"end":{"line":83,"column":29}},"name":"setDefaultChart","line":115},"14":{"loc":{"start":{"line":85,"column":9},"end":{"line":85,"column":20}},"name":"(anonymous_14)","line":116},"15":{"loc":{"start":{"line":86,"column":9},"end":{"line":86,"column":20}},"name":"(anonymous_15)","line":118},"16":{"loc":{"start":{"line":87,"column":13},"end":{"line":87,"column":24}},"name":"(anonymous_16)","line":120},"17":{"loc":{"start":{"line":96,"column":15},"end":{"line":96,"column":25}},"name":"drawStartup","line":124},"18":{"loc":{"start":{"line":101,"column":32},"end":{"line":101,"column":32}},"name":"(anonymous_18)","line":130},"19":{"loc":{"start":{"line":102,"column":18},"end":{"line":102,"column":24}},"name":"getData","line":133},"20":{"loc":{"start":{"line":119,"column":13},"end":{"line":119,"column":23}},"name":"drawChart","line":145},"21":{"loc":{"start":{"line":122,"column":16},"end":{"line":122,"column":22}},"name":"(anonymous_21)","line":150},"22":{"loc":{"start":{"line":133,"column":15},"end":{"line":133,"column":25}},"name":"_formatData","line":154},"23":{"loc":{"start":{"line":139,"column":18},"end":{"line":139,"column":32}},"name":"(anonymous_23)","line":160},"24":{"loc":{"start":{"line":149,"column":21},"end":{"line":149,"column":35}},"name":"triggerRaceToggle","line":170},"25":{"loc":{"start":{"line":161,"column":19},"end":{"line":161,"column":29}},"name":"setDefaultChart","line":182},"26":{"loc":{"start":{"line":179,"column":15},"end":{"line":179,"column":25}},"name":"drawStartup","line":189},"27":{"loc":{"start":{"line":180,"column":13},"end":{"line":180,"column":23}},"name":"drawChart","line":190},"28":{"loc":{"start":{"line":183,"column":16},"end":{"line":183,"column":22}},"name":"(anonymous_28)","line":195},"29":{"loc":{"start":{"line":193,"column":15},"end":{"line":193,"column":25}},"name":"_formatData","line":199},"30":{"loc":{"start":{"line":200,"column":27},"end":{"line":200,"column":46}},"name":"(anonymous_30)","line":206},"31":{"loc":{"start":{"line":203,"column":30},"end":{"line":203,"column":41}},"name":"(anonymous_31)","line":209},"32":{"loc":{"start":{"line":214,"column":21},"end":{"line":214,"column":35}},"name":"triggerRaceToggle","line":222},"33":{"loc":{"start":{"line":221,"column":20},"end":{"line":221,"column":30}},"name":"get_tabular_data","line":229},"34":{"loc":{"start":{"line":230,"column":26},"end":{"line":230,"column":40}},"name":"(anonymous_34)","line":240},"35":{"loc":{"start":{"line":232,"column":26},"end":{"line":232,"column":37}},"name":"(anonymous_35)","line":242},"36":{"loc":{"start":{"line":233,"column":32},"end":{"line":233,"column":43}},"name":"(anonymous_36)","line":245}},"statementMap":{"1":{"start":{"line":0,"column":0},"end":{"line":0,"column":0},"skip":true},"2":{"start":{"line":0,"column":0},"end":{"line":0,"column":0},"skip":true},"3":{"end":{"line":1,"column":-15},"start":{"line":1,"column":-15}},"4":{"start":{"line":0,"column":0},"end":{"line":0,"column":0},"skip":true},"5":{"end":{"line":2,"column":0},"start":{"line":2,"column":0}},"6":{"start":{"line":0,"column":0},"end":{"line":0,"column":0},"skip":true},"7":{"end":{"line":3,"column":0},"start":{"line":3,"column":0}},"8":{"start":{"line":0,"column":0},"end":{"line":0,"column":0},"skip":true},"9":{"end":{"line":4,"column":0},"start":{"line":4,"column":0}},"10":{"start":{"line":0,"column":0},"end":{"line":0,"column":0},"skip":true},"11":{"end":{"line":6,"column":0},"start":{"line":6,"column":0}},"12":{"start":{"line":0,"column":0},"end":{"line":0,"column":0},"skip":true},"13":{"end":{"line":7,"column":0},"start":{"line":7,"column":0}},"14":{"start":{"line":0,"column":0},"end":{"line":0,"column":0},"skip":true},"15":{"end":{"line":8,"column":0},"start":{"line":8,"column":0}},"16":{"start":{"line":0,"column":0},"end":{"line":0,"column":0},"skip":true},"17":{"end":{"line":9,"column":0},"start":{"line":9,"column":0}},"18":{"start":{"line":0,"column":0},"end":{"line":0,"column":0},"skip":true},"19":{"start":{"line":0,"column":0},"end":{"line":0,"column":0},"skip":true},"20":{"start":{"line":0,"column":0},"end":{"line":0,"column":0},"skip":true},"21":{"end":{"line":10,"column":0},"start":{"line":10,"column":0}},"22":{"end":{"line":12,"column":7},"start":{"line":12,"column":7}},"23":{"end":{"line":15,"column":4},"start":{"line":15,"column":4}},"24":{"end":{"line":33,"column":5},"start":{"line":19,"column":4}},"25":{"end":{"line":21,"column":6},"start":{"line":21,"column":6}},"26":{"end":{"line":22,"column":6},"start":{"line":22,"column":6}},"27":{"end":{"line":23,"column":8},"start":{"line":23,"column":8}},"28":{"end":{"line":27,"column":6},"start":{"line":27,"column":6}},"29":{"end":{"line":28,"column":8},"start":{"line":28,"column":8}},"30":{"end":{"line":29,"column":10},"start":{"line":29,"column":10}},"31":{"end":{"line":32,"column":6},"start":{"line":32,"column":6}},"32":{"end":{"line":36,"column":4},"start":{"line":36,"column":4}},"33":{"end":{"line":37,"column":4},"start":{"line":37,"column":4}},"34":{"end":{"line":38,"column":36},"start":{"line":38,"column":6}},"35":{"end":{"line":38,"column":36},"start":{"line":38,"column":36}},"36":{"end":{"line":40,"column":4},"start":{"line":40,"column":4}},"37":{"end":{"line":44,"column":4},"start":{"line":44,"column":4}},"38":{"end":{"line":46,"column":10},"start":{"line":46,"column":10}},"39":{"end":{"line":47,"column":10},"start":{"line":47,"column":10}},"40":{"end":{"line":48,"column":12},"start":{"line":48,"column":12}},"41":{"end":{"line":50,"column":10},"start":{"line":50,"column":10}},"42":{"end":{"line":53,"column":4},"start":{"line":53,"column":4}},"43":{"end":{"line":54,"column":6},"start":{"line":54,"column":6}},"44":{"end":{"line":55,"column":8},"start":{"line":55,"column":8}},"45":{"end":{"line":57,"column":6},"start":{"line":57,"column":6}},"46":{"end":{"line":63,"column":9},"start":{"line":58,"column":8}},"47":{"end":{"line":59,"column":10},"start":{"line":59,"column":10}},"48":{"end":{"line":60,"column":10},"start":{"line":60,"column":10}},"49":{"end":{"line":61,"column":12},"start":{"line":61,"column":12}},"50":{"end":{"line":68,"column":4},"start":{"line":68,"column":4}},"51":{"end":{"line":77,"column":7},"start":{"line":77,"column":7}},"52":{"end":{"line":84,"column":4},"start":{"line":84,"column":4}},"53":{"end":{"line":85,"column":22},"start":{"line":85,"column":22}},"54":{"end":{"line":86,"column":22},"start":{"line":86,"column":22}},"55":{"end":{"line":87,"column":26},"start":{"line":87,"column":26}},"56":{"end":{"line":96,"column":25},"start":{"line":96,"column":25}},"57":{"end":{"line":99,"column":4},"start":{"line":99,"column":4}},"58":{"end":{"line":101,"column":32},"start":{"line":101,"column":32}},"59":{"end":{"line":103,"column":10},"start":{"line":103,"column":10}},"60":{"end":{"line":104,"column":10},"start":{"line":104,"column":10}},"61":{"end":{"line":105,"column":10},"start":{"line":105,"column":10}},"62":{"end":{"line":108,"column":4},"start":{"line":108,"column":4}},"63":{"end":{"line":113,"column":4},"start":{"line":113,"column":4}},"64":{"end":{"line":117,"column":4},"start":{"line":117,"column":4}},"65":{"end":{"line":119,"column":23},"start":{"line":119,"column":23}},"66":{"end":{"line":120,"column":4},"start":{"line":120,"column":4}},"67":{"end":{"line":122,"column":4},"start":{"line":122,"column":4}},"68":{"end":{"line":123,"column":6},"start":{"line":123,"column":6}},"69":{"end":{"line":134,"column":4},"start":{"line":134,"column":4}},"70":{"end":{"line":139,"column":4},"start":{"line":139,"column":4}},"71":{"end":{"line":140,"column":6},"start":{"line":140,"column":6}},"72":{"end":{"line":147,"column":4},"start":{"line":147,"column":4}},"73":{"end":{"line":150,"column":4},"start":{"line":150,"column":4}},"74":{"end":{"line":151,"column":4},"start":{"line":151,"column":4}},"75":{"end":{"line":155,"column":7},"start":{"line":155,"column":7}},"76":{"end":{"line":162,"column":4},"start":{"line":162,"column":4}},"77":{"end":{"line":172,"column":4},"start":{"line":172,"column":4}},"78":{"end":{"line":175,"column":4},"start":{"line":175,"column":4}},"79":{"end":{"line":180,"column":23},"start":{"line":180,"column":23}},"80":{"end":{"line":181,"column":4},"start":{"line":181,"column":4}},"81":{"end":{"line":183,"column":4},"start":{"line":183,"column":4}},"82":{"end":{"line":184,"column":8},"start":{"line":184,"column":8}},"83":{"end":{"line":194,"column":4},"start":{"line":194,"column":4}},"84":{"end":{"line":200,"column":4},"start":{"line":200,"column":4}},"85":{"end":{"line":201,"column":34},"start":{"line":201,"column":6}},"86":{"end":{"line":201,"column":34},"start":{"line":201,"column":34}},"87":{"end":{"line":203,"column":6},"start":{"line":203,"column":6}},"88":{"end":{"line":203,"column":42},"start":{"line":203,"column":42}},"89":{"end":{"line":204,"column":6},"start":{"line":204,"column":6}},"90":{"end":{"line":210,"column":6},"start":{"line":210,"column":6}},"91":{"end":{"line":212,"column":4},"start":{"line":212,"column":4}},"92":{"end":{"line":215,"column":4},"start":{"line":215,"column":4}},"93":{"end":{"line":216,"column":4},"start":{"line":216,"column":4}},"94":{"end":{"line":220,"column":7},"start":{"line":220,"column":7}},"95":{"end":{"line":222,"column":4},"start":{"line":222,"column":4}},"96":{"end":{"line":225,"column":4},"start":{"line":225,"column":4}},"97":{"end":{"line":226,"column":4},"start":{"line":226,"column":4}},"98":{"end":{"line":227,"column":4},"start":{"line":227,"column":4}},"99":{"end":{"line":230,"column":4},"start":{"line":230,"column":4}},"100":{"end":{"line":231,"column":6},"start":{"line":231,"column":6}},"101":{"end":{"line":232,"column":6},"start":{"line":232,"column":6}},"102":{"end":{"line":232,"column":39},"start":{"line":232,"column":39}},"103":{"end":{"line":233,"column":6},"start":{"line":233,"column":6}},"104":{"end":{"line":233,"column":45},"start":{"line":233,"column":45}},"105":{"end":{"line":234,"column":6},"start":{"line":234,"column":6}},"106":{"end":{"line":237,"column":4},"start":{"line":237,"column":4}},"107":{"end":{"line":241,"column":38},"start":{"line":241,"column":0}},"108":{"end":{"line":241,"column":38},"start":{"line":241,"column":38}},"109":{"end":{"line":243,"column":0},"start":{"line":243,"column":0}}},"branchMap":{"1":{"line":40,"type":"cond-expr","locations":[{"start":{"line":0,"column":0},"end":{"line":0,"column":0},"skip":true},{"start":{"line":0,"column":0},"end":{"line":0,"column":0},"skip":true}]},"2":{"line":40,"type":"binary-expr","locations":[{"start":{"line":0,"column":0},"end":{"line":0,"column":0},"skip":true},{"start":{"line":0,"column":0},"end":{"line":0,"column":0},"skip":true}]},"3":{"line":51,"type":"if","locations":[{"end":{"line":19,"column":4},"start":{"line":19,"column":4}},{"end":{"line":19,"column":4},"start":{"line":19,"column":4}}]},"4":{"line":70,"type":"if","locations":[{"end":{"line":38,"column":6},"start":{"line":38,"column":6}},{"end":{"line":38,"column":6},"start":{"line":38,"column":6}}]},"5":{"line":90,"type":"if","locations":[{"end":{"line":58,"column":8},"start":{"line":58,"column":8}},{"end":{"line":58,"column":8},"start":{"line":58,"column":8}}]},"6":{"line":157,"type":"cond-expr","locations":[{"end":{"line":136,"column":16},"start":{"line":136,"column":46}},{"end":{"line":134,"column":4},"start":{"line":136,"column":66}}]},"7":{"line":201,"type":"cond-expr","locations":[{"end":{"line":195,"column":16},"start":{"line":195,"column":46}},{"end":{"line":194,"column":4},"start":{"line":195,"column":66}}]},"8":{"line":207,"type":"if","locations":[{"end":{"line":201,"column":6},"start":{"line":201,"column":6}},{"end":{"line":201,"column":6},"start":{"line":201,"column":6}}]},"9":{"line":243,"type":"binary-expr","locations":[{"end":{"line":232,"column":49},"start":{"line":232,"column":49}},{"end":{"line":232,"column":48},"start":{"line":232,"column":59}}]},"10":{"line":246,"type":"binary-expr","locations":[{"end":{"line":233,"column":55},"start":{"line":233,"column":55}},{"end":{"line":233,"column":54},"start":{"line":233,"column":65}}]},"11":{"line":255,"type":"if","locations":[{"end":{"line":241,"column":0},"start":{"line":241,"column":0}},{"end":{"line":241,"column":0},"start":{"line":241,"column":0}}]}},"l":{"0":1,"1":0,"2":0,"3":0,"4":0,"6":0,"7":0,"8":0,"9":0,"10":0,"12":0,"15":0,"19":0,"21":0,"22":0,"23":0,"27":0,"28":0,"29":0,"32":0,"36":0,"37":0,"38":0,"40":0,"44":0,"46":0,"47":0,"48":0,"50":0,"53":0,"54":0,"55":0,"57":0,"58":0,"59":0,"60":0,"61":0,"68":0,"77":0,"84":0,"85":0,"86":0,"87":0,"96":0,"99":0,"101":0,"103":0,"104":0,"105":0,"108":0,"113":0,"117":0,"119":0,"120":0,"122":0,"123":0,"134":0,"139":0,"140":0,"147":0,"150":0,"151":0,"155":0,"162":0,"172":0,"175":0,"180":0,"181":0,"183":0,"184":0,"194":0,"200":0,"201":0,"203":0,"204":0,"210":0,"212":0,"215":0,"216":0,"220":0,"222":0,"225":0,"226":0,"227":0,"230":0,"231":0,"232":0,"233":0,"234":0,"237":0,"241":0,"243":0}},
"/Users/nmashton/Caktus/repos/Traffic-Stops/traffic_stops/static/js/app/states/nc/defaults.js":{"path":"/Users/nmashton/Caktus/repos/Traffic-Stops/traffic_stops/static/js/app/states/nc/defaults.js","s":{"1":0,"2":0},"b":{},"f":{},"fnMap":{},"statementMap":{"1":{"start":{"line":0,"column":0},"end":{"line":0,"column":0},"skip":true},"2":{"start":{"line":0,"column":0},"end":{"line":0,"column":0},"skip":true}},"branchMap":{},"l":{"0":1}},
"/Users/nmashton/Caktus/repos/Traffic-Stops/traffic_stops/static/js/app/states/nc/index.js":{"path":"/Users/nmashton/Caktus/repos/Traffic-Stops/traffic_stops/static/js/app/states/nc/index.js","s":{"1":0,"2":0,"3":0,"4":0,"5":0,"6":0,"7":0,"8":0,"9":0,"10":1,"11":0,"12":0,"13":0,"14":0,"15":0,"16":0,"17":0,"18":0,"19":0,"20":0,"21":0,"22":0,"23":0,"24":0,"25":0,"26":0,"27":0,"28":0,"29":0,"30":0,"31":0,"32":0,"33":0,"34":0,"35":0,"36":0,"37":0,"38":0,"39":0,"40":0,"41":0,"42":0,"43":0,"44":0,"45":0,"46":0,"47":0,"48":0,"49":0,"50":0,"51":0,"52":0,"53":0,"54":0,"55":0,"56":0,"57":0,"58":0,"59":0,"60":0,"61":0,"62":0,"63":0,"64":0,"65":0,"66":0,"67":0,"68":0,"69":0,"70":0,"71":0,"72":0,"73":0,"74":0,"75":0,"76":0,"77":0,"78":0,"79":0,"80":0,"81":0,"82":0,"83":0,"84":0,"85":0,"86":0,"87":0,"88":0,"89":0,"90":0,"91":0,"92":0,"93":0,"94":0,"95":0,"96":0,"97":0,"98":0,"99":0,"100":0,"101":0,"102":0,"103":0,"104":0,"105":0,"106":0,"107":0,"108":0,"109":0,"110":0,"111":0,"112":0,"113":0,"114":0,"115":0,"116":0,"117":0,"118":0,"119":0,"120":0,"121":0,"122":0,"123":0,"124":0,"125":0,"126":0,"127":0,"128":0,"129":0,"130":0,"131":0,"132":0,"133":0,"134":0,"135":0,"136":0,"137":0,"138":0,"139":0,"140":0,"141":0,"142":0,"143":0,"144":0,"145":0,"146":0,"147":0,"148":0,"149":0,"150":0,"151":0,"152":0,"153":0,"154":0,"155":0,"156":0,"157":0,"158":0,"159":0,"160":0,"161":0,"162":0,"163":0,"164":0,"165":0,"166":0,"167":0,"168":0,"169":0,"170":0,"171":0,"172":0,"173":0,"174":0,"175":0,"176":0,"177":0,"178":0,"179":0,"180":0,"181":0,"182":0,"183":0,"184":0,"185":0,"186":0,"187":0,"188":0,"189":0,"190":0,"191":0,"192":0,"193":0,"194":0,"195":0,"196":0,"197":0,"198":0,"199":0,"200":0,"201":0,"202":0,"203":0,"204":0,"205":0,"206":0,"207":0,"208":0,"209":0,"210":0,"211":0,"212":0,"213":0,"214":0,"215":0,"216":0,"217":0,"218":0,"219":0,"220":0,"221":0,"222":0,"223":0,"224":0,"225":0,"226":0,"227":0,"228":0,"229":0,"230":0,"231":0,"232":0,"233":0,"234":0,"235":0,"236":0,"237":0,"238":0,"239":0,"240":0,"241":0,"242":0,"243":0,"244":0,"245":0,"246":0,"247":0,"248":0,"249":0,"250":0,"251":0,"252":0,"253":0,"254":0,"255":0,"256":0,"257":0,"258":0,"259":0,"260":0,"261":0,"262":0,"263":0,"264":0,"265":0,"266":0,"267":0,"268":0,"269":0,"270":0,"271":0,"272":0,"273":0,"274":0,"275":0,"276":0,"277":0,"278":0,"279":0,"280":0,"281":0,"282":0,"283":0,"284":0,"285":0,"286":0,"287":0,"288":0,"289":0,"290":0,"291":0,"292":0,"293":0,"294":0,"295":0,"296":0,"297":0,"298":0,"299":0,"300":0,"301":0,"302":0,"303":0,"304":0,"305":0,"306":0,"307":0,"308":0,"309":0,"310":0,"311":0,"312":0,"313":0,"314":0,"315":0,"316":0,"317":0,"318":0,"319":0,"320":0,"321":0,"322":0,"323":0,"324":0,"325":0,"326":0,"327":0,"328":0,"329":0,"330":0,"331":0,"332":0,"333":0,"334":0,"335":0,"336":0,"337":0,"338":0,"339":0,"340":0,"341":0,"342":0,"343":0,"344":0,"345":0,"346":0,"347":0,"348":0,"349":0,"350":0,"351":0,"352":0,"353":0,"354":0,"355":0,"356":0,"357":0,"358":0,"359":0,"360":0,"361":0,"362":0,"363":0,"364":0,"365":0,"366":0,"367":0},"b":{"1":[0,0],"2":[0,0],"3":[0,0],"4":[0,0],"5":[0,0],"6":[0,0],"7":[0,0],"8":[0,0],"9":[0,0],"10":[0,0],"11":[0,0],"12":[0,0],"13":[0,0],"14":[0,0],"15":[0,0],"16":[0,0],"17":[0,0,0],"18":[0,0,0],"19":[0,0],"20":[0,0],"21":[0,0],"22":[0,0],"23":[0,0],"24":[0,0],"25":[0,0],"26":[0,0],"27":[0,0],"28":[0,0],"29":[0,0],"30":[0,0],"31":[0,0],"32":[0,0],"33":[0,0],"34":[0,0],"35":[0,0],"36":[0,0],"37":[0,0],"38":[0,0],"39":[0,0],"40":[0,0],"41":[0,0],"42":[0,0],"43":[0,0],"44":[0,0],"45":[0,0],"46":[0,0],"47":[0,0],"48":[0,0],"49":[0,0],"50":[0,0],"51":[0,0],"52":[0,0],"53":[0,0],"54":[0,0],"55":[0,0],"56":[0,0],"57":[0,0],"58":[0,0],"59":[0,0]},"f":{"1":0,"2":0,"3":0,"4":0,"5":0,"6":0,"7":0,"8":0,"9":0,"10":0,"11":0,"12":0,"13":0,"14":0,"15":0,"16":0,"17":0,"18":0,"19":0,"20":0,"21":0,"22":0,"23":0,"24":0,"25":0,"26":0,"27":0,"28":0,"29":0,"30":0,"31":0,"32":0,"33":0,"34":0,"35":0,"36":0,"37":0,"38":0,"39":0,"40":0,"41":0,"42":0,"43":0,"44":0,"45":0,"46":0,"47":0,"48":0,"49":0,"50":0,"51":0,"52":0,"53":0,"54":0,"55":0,"56":0,"57":0,"58":0,"59":0,"60":0,"61":0,"62":0,"63":0,"64":0,"65":0,"66":0,"67":0,"68":0,"69":0,"70":0,"71":0,"72":0,"73":0,"74":0,"75":0,"76":0,"77":0,"78":0,"79":0,"80":0,"81":0,"82":0,"83":0,"84":0,"85":0,"86":0,"87":0,"88":0,"89":0,"90":0,"91":0,"92":0,"93":0,"94":0,"95":0,"96":0,"97":0,"98":0,"99":0,"100":0,"101":0,"102":0,"103":0,"104":0,"105":0,"106":0,"107":0,"108":0,"109":0,"110":0,"111":0,"112":0,"113":0,"114":0,"115":0,"116":0,"117":0,"118":0,"119":0,"120":0},"fnMap":{"1":{"loc":{"start":{"line":0,"column":0},"end":{"line":0,"column":0},"skip":true},"name":"_interopRequireDefault","skip":true,"line":21},"2":{"loc":{"start":{"line":16,"column":14},"end":{"line":16,"column":24}},"name":"clean_data","line":30},"3":{"loc":{"start":{"line":19,"column":43},"end":{"line":19,"column":54}},"name":"(anonymous_3)","line":33},"4":{"loc":{"start":{"line":30,"column":14},"end":{"line":30,"column":24}},"name":"clean_data","line":46},"5":{"loc":{"start":{"line":39,"column":14},"end":{"line":39,"column":24}},"name":"clean_data","line":55},"6":{"loc":{"start":{"line":50,"column":28},"end":{"line":50,"column":41}},"name":"(anonymous_6)","line":66},"7":{"loc":{"start":{"line":55,"column":19},"end":{"line":55,"column":33}},"name":"(anonymous_7)","line":71},"8":{"loc":{"start":{"line":56,"column":29},"end":{"line":56,"column":42}},"name":"(anonymous_8)","line":72},"9":{"loc":{"start":{"line":64,"column":17},"end":{"line":64,"column":28}},"name":"(anonymous_9)","line":80},"10":{"loc":{"start":{"line":70,"column":45},"end":{"line":70,"column":63}},"name":"(anonymous_10)","line":86},"11":{"loc":{"start":{"line":71,"column":23},"end":{"line":71,"column":34}},"name":"(anonymous_11)","line":87},"12":{"loc":{"start":{"line":74,"column":19},"end":{"line":74,"column":31}},"name":"(anonymous_12)","line":90},"13":{"loc":{"start":{"line":76,"column":27},"end":{"line":76,"column":41}},"name":"(anonymous_13)","line":92},"14":{"loc":{"start":{"line":94,"column":14},"end":{"line":94,"column":24}},"name":"clean_data","line":110},"15":{"loc":{"start":{"line":100,"column":33},"end":{"line":100,"column":44}},"name":"(anonymous_15)","line":116},"16":{"loc":{"start":{"line":101,"column":17},"end":{"line":101,"column":28}},"name":"(anonymous_16)","line":119},"17":{"loc":{"start":{"line":105,"column":20},"end":{"line":105,"column":33}},"name":"getTotals","line":125},"18":{"loc":{"start":{"line":108,"column":28},"end":{"line":108,"column":40}},"name":"(anonymous_18)","line":127},"19":{"loc":{"start":{"line":111,"column":23},"end":{"line":111,"column":34}},"name":"(anonymous_19)","line":131},"20":{"loc":{"start":{"line":115,"column":30},"end":{"line":115,"column":43}},"name":"(anonymous_20)","line":135},"21":{"loc":{"start":{"line":123,"column":25},"end":{"line":123,"column":39}},"name":"(anonymous_21)","line":142},"22":{"loc":{"start":{"line":124,"column":31},"end":{"line":124,"column":44}},"name":"(anonymous_22)","line":143},"23":{"loc":{"start":{"line":148,"column":14},"end":{"line":148,"column":24}},"name":"clean_data","line":166},"24":{"loc":{"start":{"line":154,"column":36},"end":{"line":154,"column":47}},"name":"(anonymous_24)","line":172},"25":{"loc":{"start":{"line":155,"column":17},"end":{"line":155,"column":28}},"name":"(anonymous_25)","line":175},"26":{"loc":{"start":{"line":159,"column":20},"end":{"line":159,"column":33}},"name":"getTotals","line":181},"27":{"loc":{"start":{"line":161,"column":28},"end":{"line":161,"column":41}},"name":"(anonymous_27)","line":183},"28":{"loc":{"start":{"line":166,"column":18},"end":{"line":166,"column":32}},"name":"(anonymous_28)","line":188},"29":{"loc":{"start":{"line":167,"column":29},"end":{"line":167,"column":42}},"name":"(anonymous_29)","line":189},"30":{"loc":{"start":{"line":189,"column":12},"end":{"line":189,"column":22}},"name":"get_data","line":211},"31":{"loc":{"start":{"line":191,"column":26},"end":{"line":191,"column":36}},"name":"checkIfComplete","line":215},"32":{"loc":{"start":{"line":203,"column":33},"end":{"line":203,"column":50}},"name":"(anonymous_32)","line":227},"33":{"loc":{"start":{"line":211,"column":14},"end":{"line":211,"column":24}},"name":"clean_data","line":235},"34":{"loc":{"start":{"line":216,"column":25},"end":{"line":216,"column":37}},"name":"(anonymous_34)","line":239},"35":{"loc":{"start":{"line":223,"column":30},"end":{"line":223,"column":44}},"name":"(anonymous_35)","line":252},"36":{"loc":{"start":{"line":224,"column":19},"end":{"line":224,"column":31}},"name":"(anonymous_36)","line":253},"37":{"loc":{"start":{"line":225,"column":45},"end":{"line":225,"column":59}},"name":"(anonymous_37)","line":254},"38":{"loc":{"start":{"line":230,"column":56},"end":{"line":230,"column":74}},"name":"(anonymous_38)","line":261},"39":{"loc":{"start":{"line":231,"column":23},"end":{"line":231,"column":37}},"name":"(anonymous_39)","line":262},"40":{"loc":{"start":{"line":238,"column":51},"end":{"line":238,"column":62}},"name":"(anonymous_40)","line":269},"41":{"loc":{"start":{"line":243,"column":18},"end":{"line":243,"column":30}},"name":"(anonymous_41)","line":276},"42":{"loc":{"start":{"line":247,"column":22},"end":{"line":247,"column":40}},"name":"(anonymous_42)","line":280},"43":{"loc":{"start":{"line":248,"column":25},"end":{"line":248,"column":39}},"name":"(anonymous_43)","line":281},"44":{"loc":{"start":{"line":280,"column":19},"end":{"line":280,"column":29}},"name":"setDefaultChart","line":313},"45":{"loc":{"start":{"line":282,"column":9},"end":{"line":282,"column":20}},"name":"(anonymous_45)","line":314},"46":{"loc":{"start":{"line":283,"column":9},"end":{"line":283,"column":20}},"name":"(anonymous_46)","line":316},"47":{"loc":{"start":{"line":284,"column":13},"end":{"line":284,"column":24}},"name":"(anonymous_47)","line":318},"48":{"loc":{"start":{"line":293,"column":15},"end":{"line":293,"column":25}},"name":"drawStartup","line":322},"49":{"loc":{"start":{"line":294,"column":13},"end":{"line":294,"column":23}},"name":"drawChart","line":323},"50":{"loc":{"start":{"line":297,"column":16},"end":{"line":297,"column":22}},"name":"(anonymous_50)","line":328},"51":{"loc":{"start":{"line":308,"column":15},"end":{"line":308,"column":25}},"name":"_formatData","line":332},"52":{"loc":{"start":{"line":314,"column":18},"end":{"line":314,"column":35}},"name":"(anonymous_52)","line":338},"53":{"loc":{"start":{"line":324,"column":21},"end":{"line":324,"column":35}},"name":"triggerRaceToggle","line":348},"54":{"loc":{"start":{"line":336,"column":19},"end":{"line":336,"column":29}},"name":"setDefaultChart","line":360},"55":{"loc":{"start":{"line":338,"column":9},"end":{"line":338,"column":20}},"name":"(anonymous_55)","line":361},"56":{"loc":{"start":{"line":339,"column":9},"end":{"line":339,"column":20}},"name":"(anonymous_56)","line":363},"57":{"loc":{"start":{"line":354,"column":15},"end":{"line":354,"column":25}},"name":"drawStartup","line":371},"58":{"loc":{"start":{"line":358,"column":32},"end":{"line":358,"column":32}},"name":"(anonymous_58)","line":377},"59":{"loc":{"start":{"line":359,"column":18},"end":{"line":359,"column":24}},"name":"getData","line":380},"60":{"loc":{"start":{"line":378,"column":13},"end":{"line":378,"column":23}},"name":"drawChart","line":393},"61":{"loc":{"start":{"line":390,"column":15},"end":{"line":390,"column":29}},"name":"_getDataset","line":399},"62":{"loc":{"start":{"line":393,"column":37},"end":{"line":393,"column":48}},"name":"(anonymous_62)","line":402},"63":{"loc":{"start":{"line":394,"column":43},"end":{"line":394,"column":54}},"name":"(anonymous_63)","line":405},"64":{"loc":{"start":{"line":400,"column":20},"end":{"line":400,"column":31}},"name":"(anonymous_64)","line":413},"65":{"loc":{"start":{"line":403,"column":22},"end":{"line":403,"column":33}},"name":"(anonymous_65)","line":418},"66":{"loc":{"start":{"line":406,"column":25},"end":{"line":406,"column":36}},"name":"(anonymous_66)","line":421},"67":{"loc":{"start":{"line":411,"column":18},"end":{"line":411,"column":35}},"name":"(anonymous_67)","line":426},"68":{"loc":{"start":{"line":422,"column":34},"end":{"line":422,"column":51}},"name":"(anonymous_68)","line":437},"69":{"loc":{"start":{"line":454,"column":22},"end":{"line":454,"column":35}},"name":"(anonymous_69)","line":471},"70":{"loc":{"start":{"line":460,"column":21},"end":{"line":460,"column":35}},"name":"triggerRaceToggle","line":479},"71":{"loc":{"start":{"line":467,"column":19},"end":{"line":467,"column":29}},"name":"setDefaultChart","line":486},"72":{"loc":{"start":{"line":483,"column":15},"end":{"line":483,"column":25}},"name":"_formatData","line":493},"73":{"loc":{"start":{"line":498,"column":17},"end":{"line":498,"column":28}},"name":"(anonymous_73)","line":508},"74":{"loc":{"start":{"line":516,"column":19},"end":{"line":516,"column":29}},"name":"setDefaultChart","line":526},"75":{"loc":{"start":{"line":533,"column":15},"end":{"line":533,"column":25}},"name":"drawStartup","line":533},"76":{"loc":{"start":{"line":534,"column":13},"end":{"line":534,"column":23}},"name":"drawChart","line":534},"77":{"loc":{"start":{"line":537,"column":16},"end":{"line":537,"column":22}},"name":"(anonymous_77)","line":539},"78":{"loc":{"start":{"line":550,"column":15},"end":{"line":550,"column":25}},"name":"_formatData","line":544},"79":{"loc":{"start":{"line":557,"column":27},"end":{"line":557,"column":46}},"name":"(anonymous_79)","line":551},"80":{"loc":{"start":{"line":560,"column":30},"end":{"line":560,"column":41}},"name":"(anonymous_80)","line":554},"81":{"loc":{"start":{"line":571,"column":21},"end":{"line":571,"column":35}},"name":"triggerRaceToggle","line":567},"82":{"loc":{"start":{"line":583,"column":19},"end":{"line":583,"column":29}},"name":"setDefaultChart","line":579},"83":{"loc":{"start":{"line":585,"column":9},"end":{"line":585,"column":20}},"name":"(anonymous_83)","line":580},"84":{"loc":{"start":{"line":586,"column":9},"end":{"line":586,"column":20}},"name":"(anonymous_84)","line":582},"85":{"loc":{"start":{"line":587,"column":16},"end":{"line":587,"column":29}},"name":"(anonymous_85)","line":584},"86":{"loc":{"start":{"line":604,"column":15},"end":{"line":604,"column":25}},"name":"drawStartup","line":592},"87":{"loc":{"start":{"line":608,"column":32},"end":{"line":608,"column":32}},"name":"(anonymous_87)","line":598},"88":{"loc":{"start":{"line":609,"column":18},"end":{"line":609,"column":24}},"name":"getData","line":601},"89":{"loc":{"start":{"line":628,"column":13},"end":{"line":628,"column":23}},"name":"drawChart","line":614},"90":{"loc":{"start":{"line":640,"column":15},"end":{"line":640,"column":29}},"name":"_getDataset","line":620},"91":{"loc":{"start":{"line":642,"column":43},"end":{"line":642,"column":54}},"name":"(anonymous_91)","line":622},"92":{"loc":{"start":{"line":643,"column":47},"end":{"line":643,"column":58}},"name":"(anonymous_92)","line":625},"93":{"loc":{"start":{"line":658,"column":20},"end":{"line":658,"column":37}},"name":"(anonymous_93)","line":642},"94":{"loc":{"start":{"line":670,"column":21},"end":{"line":670,"column":35}},"name":"triggerRaceToggle","line":653},"95":{"loc":{"start":{"line":677,"column":20},"end":{"line":677,"column":30}},"name":"get_tabular_data","line":660},"96":{"loc":{"start":{"line":686,"column":29},"end":{"line":686,"column":40}},"name":"(anonymous_96)","line":677},"97":{"loc":{"start":{"line":687,"column":41},"end":{"line":687,"column":52}},"name":"(anonymous_97)","line":680},"98":{"loc":{"start":{"line":692,"column":24},"end":{"line":692,"column":35}},"name":"(anonymous_98)","line":687},"99":{"loc":{"start":{"line":693,"column":36},"end":{"line":693,"column":47}},"name":"(anonymous_99)","line":690},"100":{"loc":{"start":{"line":699,"column":22},"end":{"line":699,"column":33}},"name":"(anonymous_100)","line":698},"101":{"loc":{"start":{"line":708,"column":10},"end":{"line":708,"column":20}},"name":"update","line":709},"102":{"loc":{"start":{"line":728,"column":20},"end":{"line":728,"column":30}},"name":"get_tabular_data","line":723},"103":{"loc":{"start":{"line":735,"column":28},"end":{"line":735,"column":42}},"name":"(anonymous_103)","line":732},"104":{"loc":{"start":{"line":747,"column":20},"end":{"line":747,"column":30}},"name":"get_tabular_data","line":744},"105":{"loc":{"start":{"line":759,"column":29},"end":{"line":759,"column":41}},"name":"(anonymous_105)","line":760},"106":{"loc":{"start":{"line":763,"column":26},"end":{"line":763,"column":37}},"name":"(anonymous_106)","line":764},"107":{"loc":{"start":{"line":766,"column":32},"end":{"line":766,"column":43}},"name":"(anonymous_107)","line":767},"108":{"loc":{"start":{"line":777,"column":20},"end":{"line":777,"column":30}},"name":"get_tabular_data","line":778},"109":{"loc":{"start":{"line":789,"column":18},"end":{"line":789,"column":49}},"name":"get_row","line":797},"110":{"loc":{"start":{"line":796,"column":28},"end":{"line":796,"column":40}},"name":"(anonymous_110)","line":804},"111":{"loc":{"start":{"line":797,"column":28},"end":{"line":797,"column":39}},"name":"(anonymous_111)","line":805},"112":{"loc":{"start":{"line":798,"column":33},"end":{"line":798,"column":44}},"name":"(anonymous_112)","line":808},"113":{"loc":{"start":{"line":799,"column":25},"end":{"line":799,"column":39}},"name":"(anonymous_113)","line":811},"114":{"loc":{"start":{"line":801,"column":52},"end":{"line":801,"column":63}},"name":"(anonymous_114)","line":813},"115":{"loc":{"start":{"line":802,"column":58},"end":{"line":802,"column":69}},"name":"(anonymous_115)","line":816},"116":{"loc":{"start":{"line":806,"column":30},"end":{"line":806,"column":41}},"name":"(anonymous_116)","line":822},"117":{"loc":{"start":{"line":810,"column":36},"end":{"line":810,"column":47}},"name":"(anonymous_117)","line":826},"118":{"loc":{"start":{"line":822,"column":17},"end":{"line":822,"column":51}},"name":"RaceToggle","line":838},"119":{"loc":{"start":{"line":827,"column":10},"end":{"line":827,"column":24}},"name":"render","line":843},"120":{"loc":{"start":{"line":840,"column":38},"end":{"line":840,"column":45}},"name":"(anonymous_120)","line":853}},"statementMap":{"1":{"end":{"line":1,"column":-15},"start":{"line":1,"column":-15}},"2":{"start":{"line":0,"column":0},"end":{"line":0,"column":0},"skip":true},"3":{"end":{"line":2,"column":0},"start":{"line":2,"column":0}},"4":{"start":{"line":0,"column":0},"end":{"line":0,"column":0},"skip":true},"5":{"end":{"line":3,"column":0},"start":{"line":3,"column":0}},"6":{"start":{"line":0,"column":0},"end":{"line":0,"column":0},"skip":true},"7":{"end":{"line":4,"column":0},"start":{"line":4,"column":0}},"8":{"start":{"line":0,"column":0},"end":{"line":0,"column":0},"skip":true},"9":{"end":{"line":6,"column":0},"start":{"line":6,"column":0}},"10":{"start":{"line":0,"column":0},"end":{"line":0,"column":0},"skip":true},"11":{"start":{"line":0,"column":0},"end":{"line":0,"column":0},"skip":true},"12":{"end":{"line":9,"column":0},"start":{"line":9,"column":0}},"13":{"end":{"line":10,"column":0},"start":{"line":10,"column":0}},"14":{"end":{"line":11,"column":0},"start":{"line":11,"column":0}},"15":{"end":{"line":12,"column":0},"start":{"line":12,"column":0}},"16":{"end":{"line":13,"column":0},"start":{"line":13,"column":0}},"17":{"end":{"line":15,"column":0},"start":{"line":15,"column":0}},"18":{"end":{"line":18,"column":4},"start":{"line":18,"column":4}},"19":{"end":{"line":19,"column":55},"start":{"line":19,"column":55}},"20":{"end":{"line":25,"column":5},"start":{"line":20,"column":4}},"21":{"end":{"line":21,"column":6},"start":{"line":21,"column":6}},"22":{"end":{"line":22,"column":6},"start":{"line":22,"column":6}},"23":{"end":{"line":24,"column":6},"start":{"line":24,"column":6}},"24":{"end":{"line":29,"column":0},"start":{"line":29,"column":0}},"25":{"end":{"line":31,"column":4},"start":{"line":31,"column":4}},"26":{"end":{"line":32,"column":4},"start":{"line":32,"column":4}},"27":{"end":{"line":33,"column":4},"start":{"line":33,"column":4}},"28":{"end":{"line":34,"column":4},"start":{"line":34,"column":4}},"29":{"end":{"line":38,"column":0},"start":{"line":38,"column":0}},"30":{"end":{"line":41,"column":4},"start":{"line":41,"column":4}},"31":{"end":{"line":61,"column":5},"start":{"line":47,"column":4}},"32":{"end":{"line":49,"column":6},"start":{"line":49,"column":6}},"33":{"end":{"line":50,"column":6},"start":{"line":50,"column":6}},"34":{"end":{"line":51,"column":8},"start":{"line":51,"column":8}},"35":{"end":{"line":55,"column":6},"start":{"line":55,"column":6}},"36":{"end":{"line":56,"column":8},"start":{"line":56,"column":8}},"37":{"end":{"line":57,"column":10},"start":{"line":57,"column":10}},"38":{"end":{"line":60,"column":6},"start":{"line":60,"column":6}},"39":{"end":{"line":64,"column":4},"start":{"line":64,"column":4}},"40":{"end":{"line":65,"column":36},"start":{"line":65,"column":6}},"41":{"end":{"line":65,"column":36},"start":{"line":65,"column":36}},"42":{"end":{"line":67,"column":4},"start":{"line":67,"column":4}},"43":{"end":{"line":70,"column":4},"start":{"line":70,"column":4}},"44":{"end":{"line":71,"column":6},"start":{"line":71,"column":6}},"45":{"end":{"line":72,"column":8},"start":{"line":72,"column":8}},"46":{"end":{"line":74,"column":6},"start":{"line":74,"column":6}},"47":{"end":{"line":79,"column":9},"start":{"line":75,"column":8}},"48":{"end":{"line":76,"column":10},"start":{"line":76,"column":10}},"49":{"end":{"line":77,"column":12},"start":{"line":77,"column":12}},"50":{"end":{"line":84,"column":4},"start":{"line":84,"column":4}},"51":{"end":{"line":93,"column":0},"start":{"line":93,"column":0}},"52":{"end":{"line":96,"column":4},"start":{"line":96,"column":4}},"53":{"end":{"line":100,"column":4},"start":{"line":100,"column":4}},"54":{"end":{"line":100,"column":45},"start":{"line":100,"column":45}},"55":{"end":{"line":101,"column":4},"start":{"line":101,"column":4}},"56":{"end":{"line":101,"column":29},"start":{"line":101,"column":29}},"57":{"end":{"line":102,"column":4},"start":{"line":102,"column":4}},"58":{"end":{"line":105,"column":4},"start":{"line":105,"column":4}},"59":{"end":{"line":107,"column":6},"start":{"line":107,"column":6}},"60":{"end":{"line":108,"column":42},"start":{"line":108,"column":42}},"61":{"end":{"line":111,"column":6},"start":{"line":111,"column":6}},"62":{"end":{"line":113,"column":8},"start":{"line":113,"column":8}},"63":{"end":{"line":115,"column":8},"start":{"line":115,"column":8}},"64":{"end":{"line":119,"column":11},"start":{"line":116,"column":10}},"65":{"end":{"line":118,"column":12},"start":{"line":118,"column":12}},"66":{"end":{"line":123,"column":8},"start":{"line":123,"column":8}},"67":{"end":{"line":124,"column":10},"start":{"line":124,"column":10}},"68":{"end":{"line":128,"column":13},"start":{"line":125,"column":12}},"69":{"end":{"line":127,"column":14},"start":{"line":127,"column":14}},"70":{"end":{"line":131,"column":8},"start":{"line":131,"column":8}},"71":{"end":{"line":132,"column":8},"start":{"line":132,"column":8}},"72":{"end":{"line":136,"column":28},"start":{"line":136,"column":4}},"73":{"end":{"line":136,"column":28},"start":{"line":136,"column":28}},"74":{"end":{"line":137,"column":31},"start":{"line":137,"column":4}},"75":{"end":{"line":137,"column":31},"start":{"line":137,"column":31}},"76":{"end":{"line":140,"column":4},"start":{"line":140,"column":4}},"77":{"end":{"line":147,"column":0},"start":{"line":147,"column":0}},"78":{"end":{"line":150,"column":4},"start":{"line":150,"column":4}},"79":{"end":{"line":154,"column":4},"start":{"line":154,"column":4}},"80":{"end":{"line":154,"column":48},"start":{"line":154,"column":48}},"81":{"end":{"line":155,"column":4},"start":{"line":155,"column":4}},"82":{"end":{"line":155,"column":29},"start":{"line":155,"column":29}},"83":{"end":{"line":156,"column":4},"start":{"line":156,"column":4}},"84":{"end":{"line":159,"column":4},"start":{"line":159,"column":4}},"85":{"end":{"line":160,"column":6},"start":{"line":160,"column":6}},"86":{"end":{"line":161,"column":6},"start":{"line":161,"column":6}},"87":{"end":{"line":162,"column":8},"start":{"line":162,"column":8}},"88":{"end":{"line":166,"column":6},"start":{"line":166,"column":6}},"89":{"end":{"line":167,"column":8},"start":{"line":167,"column":8}},"90":{"end":{"line":168,"column":10},"start":{"line":168,"column":10}},"91":{"end":{"line":173,"column":6},"start":{"line":173,"column":6}},"92":{"end":{"line":174,"column":6},"start":{"line":174,"column":6}},"93":{"end":{"line":177,"column":31},"start":{"line":177,"column":4}},"94":{"end":{"line":177,"column":31},"start":{"line":177,"column":31}},"95":{"end":{"line":178,"column":33},"start":{"line":178,"column":4}},"96":{"end":{"line":178,"column":33},"start":{"line":178,"column":33}},"97":{"end":{"line":181,"column":4},"start":{"line":181,"column":4}},"98":{"end":{"line":188,"column":0},"start":{"line":188,"column":0}},"99":{"end":{"line":189,"column":22},"start":{"line":189,"column":22}},"100":{"end":{"line":190,"column":4},"start":{"line":190,"column":4}},"101":{"end":{"line":192,"column":10},"start":{"line":192,"column":10}},"102":{"end":{"line":193,"column":10},"start":{"line":193,"column":10}},"103":{"end":{"line":199,"column":11},"start":{"line":194,"column":10}},"104":{"end":{"line":195,"column":12},"start":{"line":195,"column":12}},"105":{"end":{"line":196,"column":12},"start":{"line":196,"column":12}},"106":{"end":{"line":197,"column":12},"start":{"line":197,"column":12}},"107":{"end":{"line":198,"column":12},"start":{"line":198,"column":12}},"108":{"end":{"line":202,"column":4},"start":{"line":202,"column":4}},"109":{"end":{"line":203,"column":4},"start":{"line":203,"column":4}},"110":{"end":{"line":204,"column":6},"start":{"line":204,"column":6}},"111":{"end":{"line":205,"column":6},"start":{"line":205,"column":6}},"112":{"end":{"line":210,"column":0},"start":{"line":210,"column":0}},"113":{"end":{"line":213,"column":4},"start":{"line":213,"column":4}},"114":{"end":{"line":216,"column":38},"start":{"line":216,"column":38}},"115":{"end":{"line":223,"column":4},"start":{"line":223,"column":4}},"116":{"end":{"line":224,"column":6},"start":{"line":224,"column":6}},"117":{"end":{"line":225,"column":8},"start":{"line":225,"column":8}},"118":{"end":{"line":225,"column":60},"start":{"line":225,"column":60}},"119":{"end":{"line":230,"column":4},"start":{"line":230,"column":4}},"120":{"end":{"line":231,"column":6},"start":{"line":231,"column":6}},"121":{"end":{"line":232,"column":8},"start":{"line":232,"column":8}},"122":{"end":{"line":237,"column":4},"start":{"line":237,"column":4}},"123":{"end":{"line":238,"column":4},"start":{"line":238,"column":4}},"124":{"end":{"line":238,"column":63},"start":{"line":238,"column":63}},"125":{"end":{"line":239,"column":4},"start":{"line":239,"column":4}},"126":{"end":{"line":240,"column":4},"start":{"line":240,"column":4}},"127":{"end":{"line":241,"column":4},"start":{"line":241,"column":4}},"128":{"end":{"line":243,"column":4},"start":{"line":243,"column":4}},"129":{"end":{"line":244,"column":6},"start":{"line":244,"column":6}},"130":{"end":{"line":245,"column":6},"start":{"line":245,"column":6}},"131":{"end":{"line":246,"column":6},"start":{"line":246,"column":6}},"132":{"end":{"line":247,"column":6},"start":{"line":247,"column":6}},"133":{"end":{"line":248,"column":8},"start":{"line":248,"column":8}},"134":{"end":{"line":249,"column":10},"start":{"line":249,"column":10}},"135":{"end":{"line":250,"column":10},"start":{"line":250,"column":10}},"136":{"end":{"line":257,"column":11},"start":{"line":251,"column":10}},"137":{"end":{"line":252,"column":12},"start":{"line":252,"column":12}},"138":{"end":{"line":253,"column":12},"start":{"line":253,"column":12}},"139":{"end":{"line":255,"column":12},"start":{"line":255,"column":12}},"140":{"end":{"line":256,"column":12},"start":{"line":256,"column":12}},"141":{"end":{"line":260,"column":6},"start":{"line":260,"column":6}},"142":{"end":{"line":264,"column":4},"start":{"line":264,"column":4}},"143":{"end":{"line":274,"column":0},"start":{"line":274,"column":0}},"144":{"end":{"line":281,"column":4},"start":{"line":281,"column":4}},"145":{"end":{"line":282,"column":22},"start":{"line":282,"column":22}},"146":{"end":{"line":283,"column":22},"start":{"line":283,"column":22}},"147":{"end":{"line":284,"column":26},"start":{"line":284,"column":26}},"148":{"end":{"line":294,"column":23},"start":{"line":294,"column":23}},"149":{"end":{"line":295,"column":4},"start":{"line":295,"column":4}},"150":{"end":{"line":297,"column":4},"start":{"line":297,"column":4}},"151":{"end":{"line":298,"column":6},"start":{"line":298,"column":6}},"152":{"end":{"line":309,"column":4},"start":{"line":309,"column":4}},"153":{"end":{"line":314,"column":4},"start":{"line":314,"column":4}},"154":{"end":{"line":315,"column":6},"start":{"line":315,"column":6}},"155":{"end":{"line":322,"column":4},"start":{"line":322,"column":4}},"156":{"end":{"line":325,"column":4},"start":{"line":325,"column":4}},"157":{"end":{"line":326,"column":4},"start":{"line":326,"column":4}},"158":{"end":{"line":330,"column":0},"start":{"line":330,"column":0}},"159":{"end":{"line":337,"column":4},"start":{"line":337,"column":4}},"160":{"end":{"line":338,"column":22},"start":{"line":338,"column":22}},"161":{"end":{"line":339,"column":22},"start":{"line":339,"column":22}},"162":{"end":{"line":348,"column":4},"start":{"line":348,"column":4}},"163":{"end":{"line":352,"column":4},"start":{"line":352,"column":4}},"164":{"end":{"line":354,"column":25},"start":{"line":354,"column":25}},"165":{"end":{"line":356,"column":4},"start":{"line":356,"column":4}},"166":{"end":{"line":358,"column":32},"start":{"line":358,"column":32}},"167":{"end":{"line":360,"column":10},"start":{"line":360,"column":10}},"168":{"end":{"line":361,"column":10},"start":{"line":361,"column":10}},"169":{"end":{"line":362,"column":10},"start":{"line":362,"column":10}},"170":{"end":{"line":363,"column":10},"start":{"line":363,"column":10}},"171":{"end":{"line":366,"column":4},"start":{"line":366,"column":4}},"172":{"end":{"line":372,"column":4},"start":{"line":372,"column":4}},"173":{"end":{"line":376,"column":4},"start":{"line":376,"column":4}},"174":{"end":{"line":380,"column":4},"start":{"line":380,"column":4}},"175":{"end":{"line":388,"column":4},"start":{"line":388,"column":4}},"176":{"end":{"line":391,"column":4},"start":{"line":391,"column":4}},"177":{"end":{"line":393,"column":49},"start":{"line":393,"column":49}},"178":{"end":{"line":394,"column":55},"start":{"line":394,"column":55}},"179":{"end":{"line":400,"column":32},"start":{"line":400,"column":32}},"180":{"end":{"line":403,"column":4},"start":{"line":403,"column":4}},"181":{"end":{"line":404,"column":6},"start":{"line":404,"column":6}},"182":{"end":{"line":406,"column":4},"start":{"line":406,"column":4}},"183":{"end":{"line":407,"column":6},"start":{"line":407,"column":6}},"184":{"end":{"line":411,"column":4},"start":{"line":411,"column":4}},"185":{"end":{"line":412,"column":24},"start":{"line":412,"column":6}},"186":{"end":{"line":412,"column":24},"start":{"line":412,"column":24}},"187":{"end":{"line":414,"column":6},"start":{"line":414,"column":6}},"188":{"end":{"line":422,"column":6},"start":{"line":422,"column":6}},"189":{"end":{"line":424,"column":38},"start":{"line":424,"column":8}},"190":{"end":{"line":424,"column":38},"start":{"line":424,"column":38}},"191":{"end":{"line":428,"column":8},"start":{"line":428,"column":8}},"192":{"end":{"line":450,"column":9},"start":{"line":431,"column":8}},"193":{"end":{"line":433,"column":10},"start":{"line":433,"column":10}},"194":{"end":{"line":439,"column":10},"start":{"line":439,"column":10}},"195":{"end":{"line":440,"column":10},"start":{"line":440,"column":10}},"196":{"end":{"line":441,"column":10},"start":{"line":441,"column":10}},"197":{"end":{"line":442,"column":44},"start":{"line":442,"column":10}},"198":{"end":{"line":442,"column":44},"start":{"line":442,"column":44}},"199":{"end":{"line":445,"column":10},"start":{"line":445,"column":10}},"200":{"end":{"line":454,"column":6},"start":{"line":454,"column":6}},"201":{"end":{"line":454,"column":36},"start":{"line":454,"column":36}},"202":{"end":{"line":455,"column":6},"start":{"line":455,"column":6}},"203":{"end":{"line":458,"column":4},"start":{"line":458,"column":4}},"204":{"end":{"line":461,"column":4},"start":{"line":461,"column":4}},"205":{"end":{"line":462,"column":4},"start":{"line":462,"column":4}},"206":{"end":{"line":466,"column":0},"start":{"line":466,"column":0}},"207":{"end":{"line":468,"column":4},"start":{"line":468,"column":4}},"208":{"end":{"line":477,"column":4},"start":{"line":477,"column":4}},"209":{"end":{"line":480,"column":4},"start":{"line":480,"column":4}},"210":{"end":{"line":485,"column":4},"start":{"line":485,"column":4}},"211":{"end":{"line":490,"column":4},"start":{"line":490,"column":4}},"212":{"end":{"line":498,"column":4},"start":{"line":498,"column":4}},"213":{"end":{"line":499,"column":6},"start":{"line":499,"column":6}},"214":{"end":{"line":502,"column":4},"start":{"line":502,"column":4}},"215":{"end":{"line":506,"column":0},"start":{"line":506,"column":0}},"216":{"end":{"line":507,"column":0},"start":{"line":507,"column":0}},"217":{"end":{"line":509,"column":0},"start":{"line":509,"column":0}},"218":{"end":{"line":510,"column":0},"start":{"line":510,"column":0}},"219":{"end":{"line":517,"column":4},"start":{"line":517,"column":4}},"220":{"end":{"line":526,"column":4},"start":{"line":526,"column":4}},"221":{"end":{"line":529,"column":4},"start":{"line":529,"column":4}},"222":{"end":{"line":534,"column":23},"start":{"line":534,"column":23}},"223":{"end":{"line":535,"column":4},"start":{"line":535,"column":4}},"224":{"end":{"line":537,"column":4},"start":{"line":537,"column":4}},"225":{"end":{"line":538,"column":8},"start":{"line":538,"column":8}},"226":{"end":{"line":545,"column":8},"start":{"line":545,"column":8}},"227":{"end":{"line":551,"column":4},"start":{"line":551,"column":4}},"228":{"end":{"line":557,"column":4},"start":{"line":557,"column":4}},"229":{"end":{"line":558,"column":34},"start":{"line":558,"column":6}},"230":{"end":{"line":558,"column":34},"start":{"line":558,"column":34}},"231":{"end":{"line":560,"column":6},"start":{"line":560,"column":6}},"232":{"end":{"line":560,"column":42},"start":{"line":560,"column":42}},"233":{"end":{"line":561,"column":6},"start":{"line":561,"column":6}},"234":{"end":{"line":567,"column":6},"start":{"line":567,"column":6}},"235":{"end":{"line":569,"column":4},"start":{"line":569,"column":4}},"236":{"end":{"line":572,"column":4},"start":{"line":572,"column":4}},"237":{"end":{"line":573,"column":4},"start":{"line":573,"column":4}},"238":{"end":{"line":577,"column":0},"start":{"line":577,"column":0}},"239":{"end":{"line":584,"column":4},"start":{"line":584,"column":4}},"240":{"end":{"line":585,"column":22},"start":{"line":585,"column":22}},"241":{"end":{"line":586,"column":22},"start":{"line":586,"column":22}},"242":{"end":{"line":587,"column":30},"start":{"line":587,"column":30}},"243":{"end":{"line":598,"column":4},"start":{"line":598,"column":4}},"244":{"end":{"line":602,"column":4},"start":{"line":602,"column":4}},"245":{"end":{"line":604,"column":25},"start":{"line":604,"column":25}},"246":{"end":{"line":606,"column":4},"start":{"line":606,"column":4}},"247":{"end":{"line":608,"column":32},"start":{"line":608,"column":32}},"248":{"end":{"line":610,"column":10},"start":{"line":610,"column":10}},"249":{"end":{"line":611,"column":10},"start":{"line":611,"column":10}},"250":{"end":{"line":612,"column":10},"start":{"line":612,"column":10}},"251":{"end":{"line":613,"column":10},"start":{"line":613,"column":10}},"252":{"end":{"line":616,"column":4},"start":{"line":616,"column":4}},"253":{"end":{"line":622,"column":4},"start":{"line":622,"column":4}},"254":{"end":{"line":626,"column":4},"start":{"line":626,"column":4}},"255":{"end":{"line":630,"column":4},"start":{"line":630,"column":4}},"256":{"end":{"line":638,"column":4},"start":{"line":638,"column":4}},"257":{"end":{"line":641,"column":4},"start":{"line":641,"column":4}},"258":{"end":{"line":642,"column":55},"start":{"line":642,"column":55}},"259":{"end":{"line":643,"column":59},"start":{"line":643,"column":59}},"260":{"end":{"line":667,"column":5},"start":{"line":652,"column":4}},"261":{"end":{"line":654,"column":6},"start":{"line":654,"column":6}},"262":{"end":{"line":655,"column":6},"start":{"line":655,"column":6}},"263":{"end":{"line":658,"column":6},"start":{"line":658,"column":6}},"264":{"end":{"line":659,"column":8},"start":{"line":659,"column":8}},"265":{"end":{"line":660,"column":30},"start":{"line":660,"column":8}},"266":{"end":{"line":660,"column":30},"start":{"line":660,"column":30}},"267":{"end":{"line":661,"column":8},"start":{"line":661,"column":8}},"268":{"end":{"line":668,"column":4},"start":{"line":668,"column":4}},"269":{"end":{"line":671,"column":4},"start":{"line":671,"column":4}},"270":{"e
[...]
ine":683,"column":4},"start":{"line":683,"column":4}},"275":{"end":{"line":684,"column":4},"start":{"line":684,"column":4}},"276":{"end":{"line":686,"column":4},"start":{"line":686,"column":4}},"277":{"end":{"line":686,"column":42},"start":{"line":686,"column":42}},"278":{"end":{"line":687,"column":4},"start":{"line":687,"column":4}},"279":{"end":{"line":687,"column":54},"start":{"line":687,"column":54}},"280":{"end":{"line":689,"column":4},"start":{"line":689,"column":4}},"281":{"end":{"line":690,"column":4},"start":{"line":690,"column":4}},"282":{"end":{"line":692,"column":4},"start":{"line":692,"column":4}},"283":{"end":{"line":692,"column":36},"start":{"line":692,"column":36}},"284":{"end":{"line":693,"column":4},"start":{"line":693,"column":4}},"285":{"end":{"line":693,"column":48},"start":{"line":693,"column":48}},"286":{"end":{"line":696,"column":4},"start":{"line":696,"column":4}},"287":{"end":{"line":697,"column":4},"start":{"line":697,"column":4}},"288":{"end":{"line":698,"column":4},"start":{"line":698,"column":4}},"289":{"end":{"line":699,"column":4},"start":{"line":699,"column":4}},"290":{"end":{"line":699,"column":34},"start":{"line":699,"column":34}},"291":{"end":{"line":701,"column":4},"start":{"line":701,"column":4}},"292":{"end":{"line":702,"column":4},"start":{"line":702,"column":4}},"293":{"end":{"line":703,"column":4},"start":{"line":703,"column":4}},"294":{"end":{"line":704,"column":4},"start":{"line":704,"column":4}},"295":{"end":{"line":706,"column":4},"start":{"line":706,"column":4}},"296":{"end":{"line":709,"column":4},"start":{"line":709,"column":4}},"297":{"start":{"line":0,"column":0},"end":{"line":0,"column":0},"skip":true},"298":{"start":{"line":0,"column":0},"end":{"line":0,"column":0},"skip":true},"299":{"end":{"line":713,"column":4},"start":{"line":713,"column":4}},"300":{"end":{"line":716,"column":4},"start":{"line":716,"column":4}},"301":{"end":{"line":721,"column":4},"start":{"line":721,"column":4}},"302":{"end":{"line":727,"column":0},"start":{"line":727,"column":0}},"303":{"end":{"line":729,"column":4},"start":{"line":729,"column":4}},"304":{"end":{"line":732,"column":4},"start":{"line":732,"column":4}},"305":{"end":{"line":735,"column":4},"start":{"line":735,"column":4}},"306":{"end":{"line":736,"column":6},"start":{"line":736,"column":6}},"307":{"end":{"line":739,"column":4},"start":{"line":739,"column":4}},"308":{"end":{"line":743,"column":0},"start":{"line":743,"column":0}},"309":{"end":{"line":744,"column":0},"start":{"line":744,"column":0}},"310":{"end":{"line":746,"column":0},"start":{"line":746,"column":0}},"311":{"end":{"line":748,"column":4},"start":{"line":748,"column":4}},"312":{"end":{"line":751,"column":4},"start":{"line":751,"column":4}},"313":{"end":{"line":752,"column":4},"start":{"line":752,"column":4}},"314":{"end":{"line":753,"column":4},"start":{"line":753,"column":4}},"315":{"end":{"line":755,"column":4},"start":{"line":755,"column":4}},"316":{"end":{"line":759,"column":4},"start":{"line":759,"column":4}},"317":{"end":{"line":760,"column":6},"start":{"line":760,"column":6}},"318":{"end":{"line":761,"column":6},"start":{"line":761,"column":6}},"319":{"end":{"line":762,"column":6},"start":{"line":762,"column":6}},"320":{"end":{"line":763,"column":6},"start":{"line":763,"column":6}},"321":{"end":{"line":764,"column":8},"start":{"line":764,"column":8}},"322":{"end":{"line":766,"column":6},"start":{"line":766,"column":6}},"323":{"end":{"line":767,"column":8},"start":{"line":767,"column":8}},"324":{"end":{"line":769,"column":6},"start":{"line":769,"column":6}},"325":{"end":{"line":772,"column":4},"start":{"line":772,"column":4}},"326":{"end":{"line":776,"column":0},"start":{"line":776,"column":0}},"327":{"end":{"line":778,"column":4},"start":{"line":778,"column":4}},"328":{"end":{"line":781,"column":4},"start":{"line":781,"column":4}},"329":{"end":{"line":782,"column":4},"start":{"line":782,"column":4}},"330":{"end":{"line":783,"column":4},"start":{"line":783,"column":4}},"331":{"end":{"line":785,"column":4},"start":{"line":785,"column":4}},"332":{"end":{"line":790,"column":10},"start":{"line":790,"column":10}},"333":{"end":{"line":792,"column":10},"start":{"line":792,"column":10}},"334":{"end":{"line":796,"column":4},"start":{"line":796,"column":4}},"335":{"end":{"line":797,"column":8},"start":{"line":797,"column":8}},"336":{"end":{"line":797,"column":40},"start":{"line":797,"column":40}},"337":{"end":{"line":798,"column":8},"start":{"line":798,"column":8}},"338":{"end":{"line":798,"column":45},"start":{"line":798,"column":45}},"339":{"end":{"line":799,"column":8},"start":{"line":799,"column":8}},"340":{"end":{"line":800,"column":10},"start":{"line":800,"column":10}},"341":{"end":{"line":801,"column":10},"start":{"line":801,"column":10}},"342":{"end":{"line":801,"column":64},"start":{"line":801,"column":64}},"343":{"end":{"line":802,"column":10},"start":{"line":802,"column":10}},"344":{"end":{"line":802,"column":70},"start":{"line":802,"column":70}},"345":{"end":{"line":803,"column":10},"start":{"line":803,"column":10}},"346":{"end":{"line":804,"column":10},"start":{"line":804,"column":10}},"347":{"end":{"line":806,"column":10},"start":{"line":806,"column":10}},"348":{"end":{"line":807,"column":12},"start":{"line":807,"column":12}},"349":{"end":{"line":810,"column":10},"start":{"line":810,"column":10}},"350":{"end":{"line":811,"column":12},"start":{"line":811,"column":12}},"351":{"end":{"line":814,"column":10},"start":{"line":814,"column":10}},"352":{"end":{"line":818,"column":4},"start":{"line":818,"column":4}},"353":{"end":{"line":822,"column":0},"start":{"line":822,"column":0}},"354":{"end":{"line":823,"column":2},"start":{"line":823,"column":2}},"355":{"end":{"line":824,"column":2},"start":{"line":824,"column":2}},"356":{"end":{"line":826,"column":0},"start":{"line":826,"column":0}},"357":{"end":{"line":827,"column":24},"start":{"line":827,"column":24}},"358":{"end":{"line":828,"column":4},"start":{"line":828,"column":4}},"359":{"end":{"line":837,"column":4},"start":{"line":837,"column":4}},"360":{"end":{"line":838,"column":4},"start":{"line":838,"column":4}},"361":{"end":{"line":840,"column":4},"start":{"line":840,"column":4}},"362":{"end":{"line":841,"column":6},"start":{"line":841,"column":6}},"363":{"end":{"line":842,"column":6},"start":{"line":842,"column":6}},"364":{"end":{"line":843,"column":6},"start":{"line":843,"column":6}},"365":{"end":{"line":848,"column":38},"start":{"line":848,"column":0}},"366":{"end":{"line":848,"column":38},"start":{"line":848,"column":38}},"367":{"end":{"line":850,"column":0},"start":{"line":850,"column":0}}},"branchMap":{"1":{"line":21,"type":"cond-expr","locations":[{"start":{"line":0,"column":0},"end":{"line":0,"column":0},"skip":true},{"start":{"line":0,"column":0},"end":{"line":0,"column":0},"skip":true}]},"2":{"line":21,"type":"binary-expr","locations":[{"start":{"line":0,"column":0},"end":{"line":0,"column":0},"skip":true},{"start":{"line":0,"column":0},"end":{"line":0,"column":0},"skip":true}]},"3":{"line":36,"type":"if","locations":[{"end":{"line":20,"column":4},"start":{"line":20,"column":4}},{"end":{"line":20,"column":4},"start":{"line":20,"column":4}}]},"4":{"line":63,"type":"if","locations":[{"end":{"line":47,"column":4},"start":{"line":47,"column":4}},{"end":{"line":47,"column":4},"start":{"line":47,"column":4}}]},"5":{"line":81,"type":"if","locations":[{"end":{"line":65,"column":6},"start":{"line":65,"column":6}},{"end":{"line":65,"column":6},"start":{"line":65,"column":6}}]},"6":{"line":91,"type":"if","locations":[{"end":{"line":75,"column":8},"start":{"line":75,"column":8}},{"end":{"line":75,"column":8},"start":{"line":75,"column":8}}]},"7":{"line":136,"type":"if","locations":[{"end":{"line":116,"column":10},"start":{"line":116,"column":10}},{"end":{"line":116,"column":10},"start":{"line":116,"column":10}}]},"8":{"line":136,"type":"binary-expr","locations":[{"end":{"line":116,"column":14},"start":{"line":116,"column":15}},{"end":{"line":116,"column":10},"start":{"line":117,"column":15}}]},"9":{"line":144,"type":"if","locations":[{"end":{"line":125,"column":12},"start":{"line":125,"column":12}},{"end":{"line":125,"column":12},"start":{"line":125,"column":12}}]},"10":{"line":144,"type":"binary-expr","locations":[{"end":{"line":125,"column":16},"start":{"line":125,"column":17}},{"end":{"line":125,"column":12},"start":{"line":126,"column":17}}]},"11":{"line":154,"type":"if","locations":[{"end":{"line":136,"column":4},"start":{"line":136,"column":4}},{"end":{"line":136,"column":4},"start":{"line":136,"column":4}}]},"12":{"line":155,"type":"if","locations":[{"end":{"line":137,"column":4},"start":{"line":137,"column":4}},{"end":{"line":137,"column":4},"start":{"line":137,"column":4}}]},"13":{"line":199,"type":"if","locations":[{"end":{"line":177,"column":4},"start":{"line":177,"column":4}},{"end":{"line":177,"column":4},"start":{"line":177,"column":4}}]},"14":{"line":200,"type":"if","locations":[{"end":{"line":178,"column":4},"start":{"line":178,"column":4}},{"end":{"line":178,"column":4},"start":{"line":178,"column":4}}]},"15":{"line":218,"type":"if","locations":[{"end":{"line":194,"column":10},"start":{"line":194,"column":10}},{"end":{"line":194,"column":10},"start":{"line":194,"column":10}}]},"16":{"line":255,"type":"binary-expr","locations":[{"end":{"line":225,"column":67},"start":{"line":225,"column":67}},{"end":{"line":225,"column":60},"start":{"line":225,"column":79}}]},"17":{"line":282,"type":"binary-expr","locations":[{"end":{"line":249,"column":15},"start":{"line":249,"column":15}},{"end":{"line":249,"column":15},"start":{"line":249,"column":23}},{"end":{"line":249,"column":10},"start":{"line":249,"column":37}}]},"18":{"line":283,"type":"binary-expr","locations":[{"end":{"line":250,"column":15},"start":{"line":250,"column":15}},{"end":{"line":250,"column":15},"start":{"line":250,"column":25}},{"end":{"line":250,"column":10},"start":{"line":250,"column":41}}]},"19":{"line":284,"type":"if","locations":[{"end":{"line":251,"column":10},"start":{"line":251,"column":10}},{"end":{"line":251,"column":10},"start":{"line":251,"column":10}}]},"20":{"line":335,"type":"cond-expr","locations":[{"end":{"line":311,"column":16},"start":{"line":311,"column":46}},{"end":{"line":309,"column":4},"start":{"line":311,"column":66}}]},"21":{"line":382,"type":"binary-expr","locations":[{"end":{"line":361,"column":17},"start":{"line":361,"column":17}},{"end":{"line":361,"column":10},"start":{"line":361,"column":39}}]},"22":{"line":410,"type":"cond-expr","locations":[{"end":{"line":397,"column":16},"start":{"line":397,"column":46}},{"end":{"line":391,"column":4},"start":{"line":397,"column":66}}]},"23":{"line":411,"type":"cond-expr","locations":[{"end":{"line":398,"column":15},"start":{"line":398,"column":45}},{"end":{"line":391,"column":4},"start":{"line":398,"column":62}}]},"24":{"line":412,"type":"cond-expr","locations":[{"end":{"line":399,"column":18},"start":{"line":399,"column":48}},{"end":{"line":391,"column":4},"start":{"line":399,"column":61}}]},"25":{"line":427,"type":"if","locations":[{"end":{"line":412,"column":6},"start":{"line":412,"column":6}},{"end":{"line":412,"column":6},"start":{"line":412,"column":6}}]},"26":{"line":439,"type":"if","locations":[{"end":{"line":424,"column":8},"start":{"line":424,"column":8}},{"end":{"line":424,"column":8},"start":{"line":424,"column":8}}]},"27":{"line":446,"type":"if","locations":[{"end":{"line":431,"column":8},"start":{"line":431,"column":8}},{"end":{"line":431,"column":8},"start":{"line":431,"column":8}}]},"28":{"line":446,"type":"binary-expr","locations":[{"end":{"line":431,"column":12},"start":{"line":431,"column":12}},{"end":{"line":431,"column":8},"start":{"line":431,"column":22}}]},"29":{"line":451,"type":"binary-expr","locations":[{"end":{"line":434,"column":24},"start":{"line":434,"column":24}},{"end":{"line":433,"column":10},"start":{"line":434,"column":40}}]},"30":{"line":452,"type":"binary-expr","locations":[{"end":{"line":435,"column":24},"start":{"line":435,"column":24}},{"end":{"line":433,"column":10},"start":{"line":435,"column":38}}]},"31":{"line":453,"type":"binary-expr","locations":[{"end":{"line":436,"column":21},"start":{"line":436,"column":21}},{"end":{"line":433,"column":10},"start":{"line":436,"column":37}}]},"32":{"line":454,"type":"binary-expr","locations":[{"end":{"line":437,"column":21},"start":{"line":437,"column":21}},{"end":{"line":433,"column":10},"start":{"line":437,"column":35}}]},"33":{"line":459,"type":"if","locations":[{"end":{"line":442,"column":10},"start":{"line":442,"column":10}},{"end":{"line":442,"column":10},"start":{"line":442,"column":10}}]},"34":{"line":459,"type":"binary-expr","locations":[{"end":{"line":442,"column":13},"start":{"line":442,"column":13}},{"end":{"line":442,"column":10},"start":{"line":442,"column":27}}]},"35":{"line":545,"type":"cond-expr","locations":[{"end":{"line":551,"column":16},"start":{"line":551,"column":46}},{"end":{"line":551,"column":4},"start":{"line":551,"column":66}}]},"36":{"line":552,"type":"if","locations":[{"end":{"line":558,"column":6},"start":{"line":558,"column":6}},{"end":{"line":558,"column":6},"start":{"line":558,"column":6}}]},"37":{"line":603,"type":"binary-expr","locations":[{"end":{"line":611,"column":17},"start":{"line":611,"column":17}},{"end":{"line":611,"column":10},"start":{"line":611,"column":39}}]},"38":{"line":633,"type":"cond-expr","locations":[{"end":{"line":649,"column":16},"start":{"line":649,"column":46}},{"end":{"line":641,"column":4},"start":{"line":649,"column":66}}]},"39":{"line":636,"type":"if","locations":[{"end":{"line":652,"column":4},"start":{"line":652,"column":4}},{"end":{"line":652,"column":4},"start":{"line":652,"column":4}}]},"40":{"line":636,"type":"binary-expr","locations":[{"end":{"line":652,"column":8},"start":{"line":652,"column":8}},{"end":{"line":652,"column":4},"start":{"line":652,"column":35}}]},"41":{"line":644,"type":"if","locations":[{"end":{"line":660,"column":8},"start":{"line":660,"column":8}},{"end":{"line":660,"column":8},"start":{"line":660,"column":8}}]},"42":{"line":678,"type":"binary-expr","locations":[{"end":{"line":686,"column":50},"start":{"line":686,"column":50}},{"end":{"line":686,"column":42},"start":{"line":686,"column":63}}]},"43":{"line":681,"type":"binary-expr","locations":[{"end":{"line":687,"column":62},"start":{"line":687,"column":62}},{"end":{"line":687,"column":54},"start":{"line":687,"column":75}}]},"44":{"line":711,"type":"if","locations":[{"end":{"line":710,"column":4},"start":{"line":710,"column":4}},{"end":{"line":710,"column":4},"start":{"line":710,"column":4}}]},"45":{"line":762,"type":"binary-expr","locations":[{"end":{"line":761,"column":11},"start":{"line":761,"column":11}},{"end":{"line":761,"column":6},"start":{"line":761,"column":30}}]},"46":{"line":765,"type":"binary-expr","locations":[{"end":{"line":764,"column":18},"start":{"line":764,"column":18}},{"end":{"line":764,"column":17},"start":{"line":764,"column":25}}]},"47":{"line":765,"type":"binary-expr","locations":[{"end":{"line":764,"column":54},"start":{"line":764,"column":54}},{"end":{"line":764,"column":53},"start":{"line":764,"column":61}}]},"48":{"line":768,"type":"binary-expr","locations":[{"end":{"line":767,"column":18},"start":{"line":767,"column":18}},{"end":{"line":767,"column":17},"start":{"line":767,"column":25}}]},"49":{"line":768,"type":"binary-expr","locations":[{"end":{"line":767,"column":54},"start":{"line":767,"column":54}},{"end":{"line":767,"column":53},"start":{"line":767,"column":61}}]},"50":{"line":798,"type":"cond-expr","locations":[{"end":{"line":790,"column":21},"start":{"line":790,"column":45}},{"end":{"line":790,"column":10},"start":{"line":790,"column":59}}]},"51":{"line":799,"type":"cond-expr","locations":[{"end":{"line":791,"column":23},"start":{"line":791,"column":50}},{"end":{"line":790,"column":10},"start":{"line":791,"column":67}}]},"52":{"line":813,"type":"cond-expr","locations":[{"end":{"line":801,"column":22},"start":{"line":801,"column":40}},{"end":{"line":801,"column":10},"start":{"line":801,"column":93}}]},"53":{"line":816,"type":"cond-expr","locations":[{"end":{"line":802,"column":24},"start":{"line":802,"column":44}},{"end":{"line":802,"column":10},"start":{"line":802,"column":100}}]},"54":{"line":819,"type":"cond-expr","locations":[{"end":{"line":803,"column":22},"start":{"line":803,"column":62}},{"end":{"line":803,"column":10},"start":{"line":803,"column":77}}]},"55":{"line":819,"type":"binary-expr","locations":[{"end":{"line":803,"column":23},"start":{"line":803,"column":23}},{"end":{"line":803,"column":22},"start":{"line":803,"column":36}}]},"56":{"line":820,"type":"cond-expr","locations":[{"end":{"line":804,"column":24},"start":{"line":804,"column":68}},{"end":{"line":804,"column":10},"start":{"line":804,"column":85}}]},"57":{"line":820,"type":"binary-expr","locations":[{"end":{"line":804,"column":25},"start":{"line":804,"column":25}},{"end":{"line":804,"column":24},"start":{"line":804,"column":40}}]},"58":{"line":850,"type":"cond-expr","locations":[{"end":{"line":837,"column":9},"start":{"line":837,"column":32}},{"end":{"line":837,"column":4},"start":{"line":837,"column":55}}]},"59":{"line":861,"type":"if","locations":[{"end":{"line":848,"column":0},"start":{"line":848,"column":0}},{"end":{"line":848,"column":0},"start":{"line":848,"column":0}}]}},"l":{"0":1,"1":0,"2":0,"3":0,"4":0,"6":0,"9":0,"10":0,"11":0,"12":0,"13":0,"15":0,"18":0,"19":0,"20":0,"21":0,"22":0,"24":0,"29":0,"31":0,"32":0,"33":0,"34":0,"38":0,"41":0,"47":0,"49":0,"50":0,"51":0,"55":0,"56":0,"57":0,"60":0,"64":0,"65":0,"67":0,"70":0,"71":0,"72":0,"74":0,"75":0,"76":0,"77":0,"84":0,"93":0,"96":0,"100":0,"101":0,"102":0,"105":0,"107":0,"108":0,"111":0,"113":0,"115":0,"116":0,"118":0,"123":0,"124":0,"125":0,"127":0,"131":0,"132":0,"136":0,"137":0,"140":0,"147":0,"150":0,"154":0,"155":0,"156":0,"159":0,"160":0,"161":0,"162":0,"166":0,"167":0,"168":0,"173":0,"174":0,"177":0,"178":0,"181":0,"188":0,"189":0,"190":0,"192":0,"193":0,"194":0,"195":0,"196":0,"197":0,"198":0,"202":0,"203":0,"204":0,"205":0,"210":0,"213":0,"216":0,"223":0,"224":0,"225":0,"230":0,"231":0,"232":0,"237":0,"238":0,"239":0,"240":0,"241":0,"243":0,"244":0,"245":0,"246":0,"247":0,"248":0,"249":0,"250":0,"251":0,"252":0,"253":0,"255":0,"256":0,"260":0,"264":0,"274":0,"281":0,"282":0,"283":0,"284":0,"294":0,"295":0,"297":0,"298":0,"309":0,"314":0,"315":0,"322":0,"325":0,"326":0,"330":0,"337":0,"338":0,"339":0,"348":0,"352":0,"354":0,"356":0,"358":0,"360":0,"361":0,"362":0,"363":0,"366":0,"372":0,"376":0,"380":0,"388":0,"391":0,"393":0,"394":0,"400":0,"403":0,"404":0,"406":0,"407":0,"411":0,"412":0,"414":0,"422":0,"424":0,"428":0,"431":0,"433":0,"439":0,"440":0,"441":0,"442":0,"445":0,"454":0,"455":0,"458":0,"461":0,"462":0,"466":0,"468":0,"477":0,"480":0,"485":0,"490":0,"498":0,"499":0,"502":0,"506":0,"507":0,"509":0,"510":0,"517":0,"526":0,"529":0,"534":0,"535":0,"537":0,"538":0,"545":0,"551":0,"557":0,"558":0,"560":0,"561":0,"567":0,"569":0,"572":0,"573":0,"577":0,"584":0,"585":0,"586":0,"587":0,"598":0,"602":0,"604":0,"606":0,"608":0,"610":0,"611":0,"612":0,"613":0,"616":0,"622":0,"626":0,"630":0,"638":0,"641":0,"642":0,"643":0,"652":0,"654":0,"655":0,"658":0,"659":0,"660":0,"661":0,"668":0,"671":0,"672":0,"676":0,"678":0,"682":0,"683":0,"684":0,"686":0,"687":0,"689":0,"690":0,"692":0,"693":0,"696":0,"697":0,"698":0,"699":0,"701":0,"702":0,"703":0,"704":0,"706":0,"709":0,"713":0,"716":0,"721":0,"727":0,"729":0,"732":0,"735":0,"736":0,"739":0,"743":0,"744":0,"746":0,"748":0,"751":0,"752":0,"753":0,"755":0,"759":0,"760":0,"761":0,"762":0,"763":0,"764":0,"766":0,"767":0,"769":0,"772":0,"776":0,"778":0,"781":0,"782":0,"783":0,"785":0,"790":0,"792":0,"796":0,"797":0,"798":0,"799":0,"800":0,"801":0,"802":0,"803":0,"804":0,"806":0,"807":0,"810":0,"811":0,"814":0,"818":0,"822":0,"823":0,"824":0,"826":0,"827":0,"828":0,"837":0,"838":0,"840":0,"841":0,"842":0,"843":0,"848":0,"850":0}}}
