{
"/Users/nmashton/Caktus/repos/Traffic-Stops/traffic_stops/static/js/app/base/DataHandlerBase.js":{"path":"/Users/nmashton/Caktus/repos/Traffic-Stops/traffic_stops/static/js/app/base/DataHandlerBase.js","s":{"1":1,"2":1,"3":1,"4":4,"5":0,"6":1,"7":1,"8":1,"9":1,"10":1,"11":2,"12":1,"13":1,"14":1,"15":3,"16":3,"17":2,"18":0,"19":2,"20":2,"21":2,"22":2,"23":1,"24":1,"25":1,"26":1,"27":1,"28":1,"29":1,"30":7,"31":1,"32":1,"33":1,"34":1,"35":1,"36":1,"37":1,"38":1,"39":5,"40":2,"41":3,"42":3,"43":0,"44":3,"45":1,"46":2,"47":2,"48":0,"49":0,"50":1,"51":0,"52":0,"53":0,"54":1,"55":0,"56":0,"57":1,"58":0,"59":0,"60":0,"61":0,"62":1,"63":3,"64":0,"65":0,"66":3,"67":0,"68":3,"69":3,"70":1,"71":3,"72":1,"73":0,"74":0,"75":1,"76":0,"77":0,"78":0,"79":0,"80":0,"81":0,"82":0,"83":0,"84":0,"85":0,"86":0,"87":1,"88":1,"89":8,"90":1,"91":1,"92":1,"93":1,"94":1,"95":1,"96":1,"97":1,"98":1,"99":1,"100":1,"101":1,"102":1,"103":1,"104":1},"b":{"1":[1,0],"2":[1,1],"3":[0,0],"4":[0,0,0],"5":[0,2],"6":[2,2],"7":[0,2],"8":[2,3],"9":[5,4],"10":[0,3],"11":[2,0],"12":[0,0],"13":[0,0],"14":[0,0],"15":[0,0],"16":[0,3],"17":[0,3],"18":[0,3],"19":[0,0],"20":[0,0],"21":[0,1],"22":[1,0],"23":[1,1,1]},"f":{"1":4,"2":0,"3":2,"4":1,"5":3,"6":2,"7":1,"8":1,"9":7,"10":5,"11":2,"12":0,"13":0,"14":0,"15":3,"16":0,"17":3,"18":0,"19":0,"20":0,"21":0,"22":0,"23":8},"fnMap":{"1":{"loc":{"start":{"line":0,"column":0},"end":{"line":0,"column":0},"skip":true},"name":"(anonymous_1)","skip":true,"line":8},"2":{"loc":{"start":{"line":0,"column":0},"end":{"line":0,"column":0},"skip":true},"name":"(anonymous_2)","skip":true,"line":8},"3":{"loc":{"start":{"line":0,"column":0},"end":{"line":0,"column":0},"skip":true},"name":"_interopRequireDefault","skip":true,"line":18},"4":{"loc":{"start":{"line":5,"column":15},"end":{"line":5,"column":26}},"name":"constructor","line":21},"5":{"loc":{"start":{"line":10,"column":12},"end":{"line":10,"column":24}},"name":"get_data","line":26},"6":{"loc":{"start":{"line":11,"column":29},"end":{"line":11,"column":46}},"name":"(anonymous_6)","line":29},"7":{"loc":{"start":{"line":20,"column":14},"end":{"line":20,"column":26}},"name":"clean_data","line":38},"8":{"loc":{"start":{"line":0,"column":0},"end":{"line":0,"column":0},"skip":true},"name":"(anonymous_8)","skip":true,"line":50},"9":{"loc":{"start":{"line":0,"column":0},"end":{"line":0,"column":0},"skip":true},"name":"addPropertyToAPIObject","skip":true,"line":51},"10":{"loc":{"start":{"line":0,"column":0},"end":{"line":0,"column":0},"skip":true},"name":"_get__","skip":true,"line":68},"11":{"loc":{"start":{"line":0,"column":0},"end":{"line":0,"column":0},"skip":true},"name":"_get_original__","skip":true,"line":82},"12":{"loc":{"start":{"line":0,"column":0},"end":{"line":0,"column":0},"skip":true},"name":"_assign__","skip":true,"line":94},"13":{"loc":{"start":{"line":0,"column":0},"end":{"line":0,"column":0},"skip":true},"name":"_set_original__","skip":true,"line":102},"14":{"loc":{"start":{"line":0,"column":0},"end":{"line":0,"column":0},"skip":true},"name":"_update_operation__","skip":true,"line":108},"15":{"loc":{"start":{"line":0,"column":0},"end":{"line":0,"column":0},"skip":true},"name":"_set__","skip":true,"line":118},"16":{"loc":{"start":{"line":0,"column":0},"end":{"line":0,"column":0},"skip":true},"name":"(anonymous_16)","skip":true,"line":120},"17":{"loc":{"start":{"line":0,"column":0},"end":{"line":0,"column":0},"skip":true},"name":"_reset__","skip":true,"line":134},"18":{"loc":{"start":{"line":0,"column":0},"end":{"line":0,"column":0},"skip":true},"name":"_with__","skip":true,"line":138},"19":{"loc":{"start":{"line":0,"column":0},"end":{"line":0,"column":0},"skip":true},"name":"reset","skip":true,"line":142},"20":{"loc":{"start":{"line":0,"column":0},"end":{"line":0,"column":0},"skip":true},"name":"(anonymous_20)","skip":true,"line":143},"21":{"loc":{"start":{"line":0,"column":0},"end":{"line":0,"column":0},"skip":true},"name":"(anonymous_21)","skip":true,"line":148},"22":{"loc":{"start":{"line":0,"column":0},"end":{"line":0,"column":0},"skip":true},"name":"(anonymous_22)","skip":true,"line":149},"23":{"loc":{"start":{"line":0,"column":0},"end":{"line":0,"column":0},"skip":true},"name":"addNonEnumerableProperty","skip":true,"line":167}},"statementMap":{"1":{"start":{"line":0,"column":0},"end":{"line":0,"column":0},"skip":true},"2":{"start":{"line":0,"column":0},"end":{"line":0,"column":0},"skip":true},"3":{"start":{"line":0,"column":0},"end":{"line":0,"column":0},"skip":true},"4":{"start":{"line":0,"column":0},"end":{"line":0,"column":0},"skip":true},"5":{"start":{"line":0,"column":0},"end":{"line":0,"column":0},"skip":true},"6":{"end":{"line":1,"column":-15},"start":{"line":1,"column":-15}},"7":{"start":{"line":0,"column":0},"end":{"line":0,"column":0},"skip":true},"8":{"end":{"line":2,"column":0},"start":{"line":2,"column":0}},"9":{"start":{"line":0,"column":0},"end":{"line":0,"column":0},"skip":true},"10":{"start":{"line":0,"column":0},"end":{"line":0,"column":0},"skip":true},"11":{"start":{"line":0,"column":0},"end":{"line":0,"column":0},"skip":true},"12":{"start":{"line":0,"column":0},"end":{"line":0,"column":0},"skip":true},"13":{"end":{"line":6,"column":4},"start":{"line":6,"column":4}},"14":{"end":{"line":7,"column":4},"start":{"line":7,"column":4}},"15":{"end":{"line":10,"column":24},"start":{"line":10,"column":24}},"16":{"end":{"line":11,"column":4},"start":{"line":11,"column":4}},"17":{"end":{"line":12,"column":17},"start":{"line":12,"column":6}},"18":{"end":{"line":12,"column":17},"start":{"line":12,"column":17}},"19":{"end":{"line":13,"column":6},"start":{"line":13,"column":6}},"20":{"end":{"line":14,"column":6},"start":{"line":14,"column":6}},"21":{"end":{"line":15,"column":6},"start":{"line":15,"column":6}},"22":{"end":{"line":16,"column":6},"start":{"line":16,"column":6}},"23":{"end":{"line":21,"column":4},"start":{"line":21,"column":4}},"24":{"start":{"line":0,"column":0},"end":{"line":0,"column":0},"skip":true},"25":{"start":{"line":0,"column":0},"end":{"line":0,"column":0},"skip":true},"26":{"start":{"line":0,"column":0},"end":{"line":0,"column":0},"skip":true},"27":{"start":{"line":0,"column":0},"end":{"line":0,"column":0},"skip":true},"28":{"start":{"line":0,"column":0},"end":{"line":0,"column":0},"skip":true},"29":{"start":{"line":0,"column":0},"end":{"line":0,"column":0},"skip":true},"30":{"start":{"line":0,"column":0},"end":{"line":0,"column":0},"skip":true},"31":{"start":{"line":0,"column":0},"end":{"line":0,"column":0},"skip":true},"32":{"start":{"line":0,"column":0},"end":{"line":0,"column":0},"skip":true},"33":{"start":{"line":0,"column":0},"end":{"line":0,"column":0},"skip":true},"34":{"start":{"line":0,"column":0},"end":{"line":0,"column":0},"skip":true},"35":{"start":{"line":0,"column":0},"end":{"line":0,"column":0},"skip":true},"36":{"start":{"line":0,"column":0},"end":{"line":0,"column":0},"skip":true},"37":{"start":{"line":0,"column":0},"end":{"line":0,"column":0},"skip":true},"38":{"start":{"line":0,"column":0},"end":{"line":0,"column":0},"skip":true},"39":{"start":{"line":0,"column":0},"end":{"line":0,"column":0},"skip":true},"40":{"start":{"line":0,"column":0},"end":{"line":0,"column":0},"skip":true},"41":{"start":{"line":0,"column":0},"end":{"line":0,"column":0},"skip":true},"42":{"start":{"line":0,"column":0},"end":{"line":0,"column":0},"skip":true},"43":{"start":{"line":0,"column":0},"end":{"line":0,"column":0},"skip":true},"44":{"start":{"line":0,"column":0},"end":{"line":0,"column":0},"skip":true},"45":{"start":{"line":0,"column":0},"end":{"line":0,"column":0},"skip":true},"46":{"start":{"line":0,"column":0},"end":{"line":0,"column":0},"skip":true},"47":{"start":{"line":0,"column":0},"end":{"line":0,"column":0},"skip":true},"48":{"start":{"line":0,"column":0},"end":{"line":0,"column":0},"skip":true},"49":{"start":{"line":0,"column":0},"end":{"line":0,"column":0},"skip":true},"50":{"start":{"line":0,"column":0},"end":{"line":0,"column":0},"skip":true},"51":{"start":{"line":0,"column":0},"end":{"line":0,"column":0},"skip":true},"52":{"start":{"line":0,"column":0},"end":{"line":0,"column":0},"skip":true},"53":{"start":{"line":0,"column":0},"end":{"line":0,"column":0},"skip":true},"54":{"start":{"line":0,"column":0},"end":{"line":0,"column":0},"skip":true},"55":{"start":{"line":0,"column":0},"end":{"line":0,"column":0},"skip":true},"56":{"start":{"line":0,"column":0},"end":{"line":0,"column":0},"skip":true},"57":{"start":{"line":0,"column":0},"end":{"line":0,"column":0},"skip":true},"58":{"start":{"line":0,"column":0},"end":{"line":0,"column":0},"skip":true},"59":{"start":{"line":0,"column":0},"end":{"line":0,"column":0},"skip":true},"60":{"start":{"line":0,"column":0},"end":{"line":0,"column":0},"skip":true},"61":{"start":{"line":0,"column":0},"end":{"line":0,"column":0},"skip":true},"62":{"start":{"line":0,"column":0},"end":{"line":0,"column":0},"skip":true},"63":{"start":{"line":0,"column":0},"end":{"line":0,"column":0},"skip":true},"64":{"start":{"line":0,"column":0},"end":{"line":0,"column":0},"skip":true},"65":{"start":{"line":0,"column":0},"end":{"line":0,"column":0},"skip":true},"66":{"start":{"line":0,"column":0},"end":{"line":0,"column":0},"skip":true},"67":{"start":{"line":0,"column":0},"end":{"line":0,"column":0},"skip":true},"68":{"start":{"line":0,"column":0},"end":{"line":0,"column":0},"skip":true},"69":{"start":{"line":0,"column":0},"end":{"line":0,"column":0},"skip":true},"70":{"start":{"line":0,"column":0},"end":{"line":0,"column":0},"skip":true},"71":{"start":{"line":0,"column":0},"end":{"line":0,"column":0},"skip":true},"72":{"start":{"line":0,"column":0},"end":{"line":0,"column":0},"skip":true},"73":{"start":{"line":0,"column":0},"end":{"line":0,"column":0},"skip":true},"74":{"start":{"line":0,"column":0},"end":{"line":0,"column":0},"skip":true},"75":{"start":{"line":0,"column":0},"end":{"line":0,"column":0},"skip":true},"76":{"start":{"line":0,"column":0},"end":{"line":0,"column":0},"skip":true},"77":{"start":{"line":0,"column":0},"end":{"line":0,"column":0},"skip":true},"78":{"start":{"line":0,"column":0},"end":{"line":0,"column":0},"skip":true},"79":{"start":{"line":0,"column":0},"end":{"line":0,"column":0},"skip":true},"80":{"start":{"line":0,"column":0},"end":{"line":0,"column":0},"skip":true},"81":{"start":{"line":0,"column":0},"end":{"line":0,"column":0},"skip":true},"82":{"start":{"line":0,"column":0},"end":{"line":0,"column":0},"skip":true},"83":{"start":{"line":0,"column":0},"end":{"line":0,"column":0},"skip":true},"84":{"start":{"line":0,"column":0},"end":{"line":0,"column":0},"skip":true},"85":{"start":{"line":0,"column":0},"end":{"line":0,"column":0},"skip":true},"86":{"start":{"line":0,"column":0},"end":{"line":0,"column":0},"skip":true},"87":{"start":{"line":0,"column":0},"end":{"line":0,"column":0},"skip":true},"88":{"start":{"line":0,"column":0},"end":{"line":0,"column":0},"skip":true},"89":{"start":{"line":0,"column":0},"end":{"line":0,"column":0},"skip":true},"90":{"start":{"line":0,"column":0},"end":{"line":0,"column":0},"skip":true},"91":{"start":{"line":0,"column":0},"end":{"line":0,"column":0},"skip":true},"92":{"start":{"line":0,"column":0},"end":{"line":0,"column":0},"skip":true},"93":{"start":{"line":0,"column":0},"end":{"line":0,"column":0},"skip":true},"94":{"start":{"line":0,"column":0},"end":{"line":0,"column":0},"skip":true},"95":{"start":{"line":0,"column":0},"end":{"line":0,"column":0},"skip":true},"96":{"start":{"line":0,"column":0},"end":{"line":0,"column":0},"skip":true},"97":{"start":{"line":0,"column":0},"end":{"line":0,"column":0},"skip":true},"98":{"start":{"line":0,"column":0},"end":{"line":0,"column":0},"skip":true},"99":{"start":{"line":0,"column":0},"end":{"line":0,"column":0},"skip":true},"100":{"start":{"line":0,"column":0},"end":{"line":0,"column":0},"skip":true},"101":{"start":{"line":0,"column":0},"end":{"line":0,"column":0},"skip":true},"102":{"start":{"line":0,"column":0},"end":{"line":0,"column":0},"skip":true},"103":{"start":{"line":0,"column":0},"end":{"line":0,"column":0},"skip":true},"104":{"start":{"line":0,"column":0},"end":{"line":0,"column":0},"skip":true}},"branchMap":{"1":{"line":8,"type":"cond-expr","locations":[{"start":{"line":0,"column":0},"end":{"line":0,"column":0},"skip":true},{"start":{"line":0,"column":0},"end":{"line":0,"column":0},"skip":true}]},"2":{"line":8,"type":"binary-expr","locations":[{"start":{"line":0,"column":0},"end":{"line":0,"column":0},"skip":true},{"start":{"line":0,"column":0},"end":{"line":0,"column":0},"skip":true}]},"3":{"line":8,"type":"cond-expr","locations":[{"start":{"line":0,"column":0},"end":{"line":0,"column":0},"skip":true},{"start":{"line":0,"column":0},"end":{"line":0,"column":0},"skip":true}]},"4":{"line":8,"type":"binary-expr","locations":[{"start":{"line":0,"column":0},"end":{"line":0,"column":0},"skip":true},{"start":{"line":0,"column":0},"end":{"line":0,"column":0},"skip":true},{"start":{"line":0,"column":0},"end":{"line":0,"column":0},"skip":true}]},"5":{"line":18,"type":"cond-expr","locations":[{"start":{"line":0,"column":0},"end":{"line":0,"column":0},"skip":true},{"start":{"line":0,"column":0},"end":{"line":0,"column":0},"skip":true}]},"6":{"line":18,"type":"binary-expr","locations":[{"start":{"line":0,"column":0},"end":{"line":0,"column":0},"skip":true},{"start":{"line":0,"column":0},"end":{"line":0,"column":0},"skip":true}]},"7":{"line":30,"type":"if","locations":[{"end":{"line":12,"column":6},"start":{"line":12,"column":6}},{"end":{"line":12,"column":6},"start":{"line":12,"column":6}}]},"8":{"line":69,"type":"if","locations":[{"start":{"line":0,"column":0},"end":{"line":0,"column":0},"skip":true},{"start":{"line":0,"column":0},"end":{"line":0,"column":0},"skip":true}]},"9":{"line":69,"type":"binary-expr","locations":[{"start":{"line":0,"column":0},"end":{"line":0,"column":0},"skip":true},{"start":{"line":0,"column":0},"end":{"line":0,"column":0},"skip":true}]},"10":{"line":74,"type":"if","locations":[{"start":{"line":0,"column":0},"end":{"line":0,"column":0},"skip":true},{"start":{"line":0,"column":0},"end":{"line":0,"column":0},"skip":true}]},"11":{"line":83,"type":"switch","locations":[{"start":{"line":0,"column":0},"end":{"line":0,"column":0},"skip":true},{"start":{"line":0,"column":0},"end":{"line":0,"column":0},"skip":true}]},"12":{"line":95,"type":"if","locations":[{"start":{"line":0,"column":0},"end":{"line":0,"column":0},"skip":true},{"start":{"line":0,"column":0},"end":{"line":0,"column":0},"skip":true}]},"13":{"line":95,"type":"binary-expr","locations":[{"start":{"line":0,"column":0},"end":{"line":0,"column":0},"skip":true},{"start":{"line":0,"column":0},"end":{"line":0,"column":0},"skip":true}]},"14":{"line":111,"type":"cond-expr","locations":[{"start":{"line":0,"column":0},"end":{"line":0,"column":0},"skip":true},{"start":{"line":0,"column":0},"end":{"line":0,"column":0},"skip":true}]},"15":{"line":115,"type":"cond-expr","locations":[{"start":{"line":0,"column":0},"end":{"line":0,"column":0},"skip":true},{"start":{"line":0,"column":0},"end":{"line":0,"column":0},"skip":true}]},"16":{"line":119,"type":"if","locations":[{"start":{"line":0,"column":0},"end":{"line":0,"column":0},"skip":true},{"start":{"line":0,"column":0},"end":{"line":0,"column":0},"skip":true}]},"17":{"line":119,"type":"cond-expr","locations":[{"start":{"line":0,"column":0},"end":{"line":0,"column":0},"skip":true},{"start":{"line":0,"column":0},"end":{"line":0,"column":0},"skip":true}]},"18":{"line":124,"type":"if","locations":[{"start":{"line":0,"column":0},"end":{"line":0,"column":0},"skip":true},{"start":{"line":0,"column":0},"end":{"line":0,"column":0},"skip":true}]},"19":{"line":155,"type":"if","locations":[{"start":{"line":0,"column":0},"end":{"line":0,"column":0},"skip":true},{"start":{"line":0,"column":0},"end":{"line":0,"column":0},"skip":true}]},"20":{"line":155,"type":"binary-expr","locations":[{"start":{"line":0,"column":0},"end":{"line":0,"column":0},"skip":true},{"start":{"line":0,"column":0},"end":{"line":0,"column":0},"skip":true}]},"21":{"line":165,"type":"cond-expr","locations":[{"start":{"line":0,"column":0},"end":{"line":0,"column":0},"skip":true},{"start":{"line":0,"column":0},"end":{"line":0,"column":0},"skip":true}]},"22":{"line":175,"type":"if","locations":[{"start":{"line":0,"column":0},"end":{"line":0,"column":0},"skip":true},{"start":{"line":0,"column":0},"end":{"line":0,"column":0},"skip":true}]},"23":{"line":175,"type":"binary-expr","locations":[{"start":{"line":0,"column":0},"end":{"line":0,"column":0},"skip":true},{"start":{"line":0,"column":0},"end":{"line":0,"column":0},"skip":true},{"start":{"line":0,"column":0},"end":{"line":0,"column":0},"skip":true}]}},"l":{"0":8,"1":1,"2":1,"6":1,"7":1,"10":3,"11":3,"12":2,"13":2,"14":2,"15":2,"16":2,"21":1}},
"/Users/nmashton/Caktus/repos/Traffic-Stops/traffic_stops/static/js/app/base/TableBase.js":{"path":"/Users/nmashton/Caktus/repos/Traffic-Stops/traffic_stops/static/js/app/base/TableBase.js","s":{"1":1,"2":1,"3":1,"4":1,"5":0,"6":1,"7":1,"8":1,"9":1,"10":1,"11":2,"12":1,"13":2,"14":2,"15":2,"16":2,"17":0,"18":2,"19":2,"20":1,"21":2,"22":1,"23":1,"24":3,"25":3,"26":9,"27":9,"28":3,"29":1,"30":1,"31":1,"32":1,"33":1,"34":1,"35":1,"36":1,"37":7,"38":1,"39":1,"40":1,"41":1,"42":1,"43":1,"44":1,"45":1,"46":22,"47":22,"48":0,"49":0,"50":0,"51":0,"52":1,"53":22,"54":3,"55":19,"56":0,"57":1,"58":0,"59":0,"60":0,"61":1,"62":0,"63":0,"64":1,"65":0,"66":0,"67":0,"68":0,"69":1,"70":0,"71":0,"72":0,"73":0,"74":0,"75":0,"76":0,"77":1,"78":0,"79":1,"80":0,"81":0,"82":1,"83":0,"84":0,"85":0,"86":0,"87":0,"88":0,"89":0,"90":0,"91":0,"92":0,"93":0,"94":1,"95":1,"96":8,"97":1,"98":1,"99":1,"100":1,"101":1,"102":1,"103":1,"104":1,"105":1,"106":1,"107":1,"108":1,"109":1,"110":1,"111":1},"b":{"1":[1,0],"2":[1,1],"3":[0,0],"4":[0,0,0],"5":[0,2],"6":[2,2],"7":[0,2],"8":[3,6],"9":[22,0],"10":[22,21],"11":[0,0],"12":[3,19],"13":[0,0],"14":[0,0],"15":[0,0],"16":[0,0],"17":[0,0],"18":[0,0],"19":[0,0],"20":[0,0],"21":[0,0],"22":[0,1],"23":[1,0],"24":[1,1,1]},"f":{"1":1,"2":0,"3":2,"4":2,"5":2,"6":1,"7":2,"8":1,"9":3,"10":9,"11":1,"12":7,"13":22,"14":22,"15":0,"16":0,"17":0,"18":0,"19":0,"20":0,"21":0,"22":0,"23":0,"24":0,"25":0,"26":8},"fnMap":{"1":{"loc":{"start":{"line":0,"column":0},"end":{"line":0,"column":0},"skip":true},"name":"(anonymous_1)","skip":true,"line":8},"2":{"loc":{"start":{"line":0,"column":0},"end":{"line":0,"column":0},"skip":true},"name":"(anonymous_2)","skip":true,"line":8},"3":{"loc":{"start":{"line":0,"column":0},"end":{"line":0,"column":0},"skip":true},"name":"_interopRequireDefault","skip":true,"line":18},"4":{"loc":{"start":{"line":6,"column":15},"end":{"line":6,"column":25}},"name":"constructor","line":23},"5":{"loc":{"start":{"line":11,"column":10},"end":{"line":11,"column":24}},"name":"update","line":28},"6":{"loc":{"start":{"line":16,"column":20},"end":{"line":16,"column":30}},"name":"get_tabular_data","line":33},"7":{"loc":{"start":{"line":20,"column":13},"end":{"line":20,"column":23}},"name":"showError","line":37},"8":{"loc":{"start":{"line":26,"column":14},"end":{"line":26,"column":24}},"name":"draw_table","line":41},"9":{"loc":{"start":{"line":32,"column":19},"end":{"line":32,"column":35}},"name":"(anonymous_9)","line":47},"10":{"loc":{"start":{"line":34,"column":18},"end":{"line":34,"column":29}},"name":"(anonymous_10)","line":49},"11":{"loc":{"start":{"line":0,"column":0},"end":{"line":0,"column":0},"skip":true},"name":"(anonymous_11)","skip":true,"line":67},"12":{"loc":{"start":{"line":0,"column":0},"end":{"line":0,"column":0},"skip":true},"name":"addPropertyToAPIObject","skip":true,"line":68},"13":{"loc":{"start":{"line":0,"column":0},"end":{"line":0,"column":0},"skip":true},"name":"_get__","skip":true,"line":85},"14":{"loc":{"start":{"line":0,"column":0},"end":{"line":0,"column":0},"skip":true},"name":"_get_original__","skip":true,"line":99},"15":{"loc":{"start":{"line":0,"column":0},"end":{"line":0,"column":0},"skip":true},"name":"_assign__","skip":true,"line":111},"16":{"loc":{"start":{"line":0,"column":0},"end":{"line":0,"column":0},"skip":true},"name":"_set_original__","skip":true,"line":119},"17":{"loc":{"start":{"line":0,"column":0},"end":{"line":0,"column":0},"skip":true},"name":"_update_operation__","skip":true,"line":125},"18":{"loc":{"start":{"line":0,"column":0},"end":{"line":0,"column":0},"skip":true},"name":"_set__","skip":true,"line":135},"19":{"loc":{"start":{"line":0,"column":0},"end":{"line":0,"column":0},"skip":true},"name":"(anonymous_19)","skip":true,"line":137},"20":{"loc":{"start":{"line":0,"column":0},"end":{"line":0,"column":0},"skip":true},"name":"_reset__","skip":true,"line":151},"21":{"loc":{"start":{"line":0,"column":0},"end":{"line":0,"column":0},"skip":true},"name":"_with__","skip":true,"line":155},"22":{"loc":{"start":{"line":0,"column":0},"end":{"line":0,"column":0},"skip":true},"name":"reset","skip":true,"line":159},"23":{"loc":{"start":{"line":0,"column":0},"end":{"line":0,"column":0},"skip":true},"name":"(anonymous_23)","skip":true,"line":160},"24":{"loc":{"start":{"line":0,"column":0},"end":{"line":0,"column":0},"skip":true},"name":"(anonymous_24)","skip":true,"line":165},"25":{"loc":{"start":{"line":0,"column":0},"end":{"line":0,"column":0},"skip":true},"name":"(anonymous_25)","skip":true,"line":166},"26":{"loc":{"start":{"line":0,"column":0},"end":{"line":0,"column":0},"skip":true},"name":"addNonEnumerableProperty","skip":true,"line":184}},"statementMap":{"1":{"start":{"line":0,"column":0},"end":{"line":0,"column":0},"skip":true},"2":{"start":{"line":0,"column":0},"end":{"line":0,"column":0},"skip":true},"3":{"start":{"line":0,"column":0},"end":{"line":0,"column":0},"skip":true},"4":{"start":{"line":0,"column":0},"end":{"line":0,"column":0},"skip":true},"5":{"start":{"line":0,"column":0},"end":{"line":0,"column":0},"skip":true},"6":{"end":{"line":1,"column":-15},"start":{"line":1,"column":-15}},"7":{"start":{"line":0,"column":0},"end":{"line":0,"column":0},"skip":true},"8":{"end":{"line":2,"column":0},"start":{"line":2,"column":0}},"9":{"start":{"line":0,"column":0},"end":{"line":0,"column":0},"skip":true},"10":{"start":{"line":0,"column":0},"end":{"line":0,"column":0},"skip":true},"11":{"start":{"line":0,"column":0},"end":{"line":0,"column":0},"skip":true},"12":{"start":{"line":0,"column":0},"end":{"line":0,"column":0},"skip":true},"13":{"end":{"line":7,"column":4},"start":{"line":7,"column":4}},"14":{"end":{"line":8,"column":4},"start":{"line":8,"column":4}},"15":{"end":{"line":9,"column":4},"start":{"line":9,"column":4}},"16":{"start":{"line":0,"column":0},"end":{"line":0,"column":0},"skip":true},"17":{"start":{"line":0,"column":0},"end":{"line":0,"column":0},"skip":true},"18":{"end":{"line":13,"column":4},"start":{"line":13,"column":4}},"19":{"end":{"line":14,"column":4},"start":{"line":14,"column":4}},"20":{"end":{"line":18,"column":4},"start":{"line":18,"column":4}},"21":{"end":{"line":21,"column":4},"start":{"line":21,"column":4}},"22":{"end":{"line":27,"column":4},"start":{"line":27,"column":4}},"23":{"end":{"line":32,"column":4},"start":{"line":32,"column":4}},"24":{"end":{"line":33,"column":6},"start":{"line":33,"column":6}},"25":{"end":{"line":34,"column":6},"start":{"line":34,"column":6}},"26":{"end":{"line":35,"column":8},"start":{"line":35,"column":8}},"27":{"end":{"line":36,"column":8},"start":{"line":36,"column":8}},"28":{"end":{"line":38,"column":6},"start":{"line":38,"column":6}},"29":{"end":{"line":40,"column":4},"start":{"line":40,"column":4}},"30":{"end":{"line":41,"column":4},"start":{"line":41,"column":4}},"31":{"start":{"line":0,"column":0},"end":{"line":0,"column":0},"skip":true},"32":{"start":{"line":0,"column":0},"end":{"line":0,"column":0},"skip":true},"33":{"start":{"line":0,"column":0},"end":{"line":0,"column":0},"skip":true},"34":{"start":{"line":0,"column":0},"end":{"line":0,"column":0},"skip":true},"35":{"start":{"line":0,"column":0},"end":{"line":0,"column":0},"skip":true},"36":{"start":{"line":0,"column":0},"end":{"line":0,"column":0},"skip":true},"37":{"start":{"line":0,"column":0},"end":{"line":0,"column":0},"skip":true},"38":{"start":{"line":0,"column":0},"end":{"line":0,"column":0},"skip":true},"39":{"start":{"line":0,"column":0},"end":{"line":0,"column":0},"skip":true},"40":{"start":{"line":0,"column":0},"end":{"line":0,"column":0},"skip":true},"41":{"start":{"line":0,"column":0},"end":{"line":0,"column":0},"skip":true},"42":{"start":{"line":0,"column":0},"end":{"line":0,"column":0},"skip":true},"43":{"start":{"line":0,"column":0},"end":{"line":0,"column":0},"skip":true},"44":{"start":{"line":0,"column":0},"end":{"line":0,"column":0},"skip":true},"45":{"start":{"line":0,"column":0},"end":{"line":0,"column":0},"skip":true},"46":{"start":{"line":0,"column":0},"end":{"line":0,"column":0},"skip":true},"47":{"start":{"line":0,"column":0},"end":{"line":0,"column":0},"skip":true},"48":{"start":{"line":0,"column":0},"end":{"line":0,"column":0},"skip":true},"49":{"start":{"line":0,"column":0},"end":{"line":0,"column":0},"skip":true},"50":{"start":{"line":0,"column":0},"end":{"line":0,"column":0},"skip":true},"51":{"start":{"line":0,"column":0},"end":{"line":0,"column":0},"skip":true},"52":{"start":{"line":0,"column":0},"end":{"line":0,"column":0},"skip":true},"53":{"start":{"line":0,"column":0},"end":{"line":0,"column":0},"skip":true},"54":{"start":{"line":0,"column":0},"end":{"line":0,"column":0},"skip":true},"55":{"start":{"line":0,"column":0},"end":{"line":0,"column":0},"skip":true},"56":{"start":{"line":0,"column":0},"end":{"line":0,"column":0},"skip":true},"57":{"start":{"line":0,"column":0},"end":{"line":0,"column":0},"skip":true},"58":{"start":{"line":0,"column":0},"end":{"line":0,"column":0},"skip":true},"59":{"start":{"line":0,"column":0},"end":{"line":0,"column":0},"skip":true},"60":{"start":{"line":0,"column":0},"end":{"line":0,"column":0},"skip":true},"61":{"start":{"line":0,"column":0},"end":{"line":0,"column":0},"skip":true},"62":{"start":{"line":0,"column":0},"end":{"line":0,"column":0},"skip":true},"63":{"start":{"line":0,"column":0},"end":{"line":0,"column":0},"skip":true},"64":{"start":{"line":0,"column":0},"end":{"line":0,"column":0},"skip":true},"65":{"start":{"line":0,"column":0},"end":{"line":0,"column":0},"skip":true},"66":{"start":{"line":0,"column":0},"end":{"line":0,"column":0},"skip":true},"67":{"start":{"line":0,"column":0},"end":{"line":0,"column":0},"skip":true},"68":{"start":{"line":0,"column":0},"end":{"line":0,"column":0},"skip":true},"69":{"start":{"line":0,"column":0},"end":{"line":0,"column":0},"skip":true},"70":{"start":{"line":0,"column":0},"end":{"line":0,"column":0},"skip":true},"71":{"start":{"line":0,"column":0},"end":{"line":0,"column":0},"skip":true},"72":{"start":{"line":0,"column":0},"end":{"line":0,"column":0},"skip":true},"73":{"start":{"line":0,"column":0},"end":{"line":0,"column":0},"skip":true},"74":{"start":{"line":0,"column":0},"end":{"line":0,"column":0},"skip":true},"75":{"start":{"line":0,"column":0},"end":{"line":0,"column":0},"skip":true},"76":{"start":{"line":0,"column":0},"end":{"line":0,"column":0},"skip":true},"77":{"start":{"line":0,"column":0},"end":{"line":0,"column":0},"skip":true},"78":{"start":{"line":0,"column":0},"end":{"line":0,"column":0},"skip":true},"79":{"start":{"line":0,"column":0},"end":{"line":0,"column":0},"skip":true},"80":{"start":{"line":0,"column":0},"end":{"line":0,"column":0},"skip":true},"81":{"start":{"line":0,"column":0},"end":{"line":0,"column":0},"skip":true},"82":{"start":{"line":0,"column":0},"end":{"line":0,"column":0},"skip":true},"83":{"start":{"line":0,"column":0},"end":{"line":0,"column":0},"skip":true},"84":{"start":{"line":0,"column":0},"end":{"line":0,"column":0},"skip":true},"85":{"start":{"line":0,"column":0},"end":{"line":0,"column":0},"skip":true},"86":{"start":{"line":0,"column":0},"end":{"line":0,"column":0},"skip":true},"87":{"start":{"line":0,"column":0},"end":{"line":0,"column":0},"skip":true},"88":{"start":{"line":0,"column":0},"end":{"line":0,"column":0},"skip":true},"89":{"start":{"line":0,"column":0},"end":{"line":0,"column":0},"skip":true},"90":{"start":{"line":0,"column":0},"end":{"line":0,"column":0},"skip":true},"91":{"start":{"line":0,"column":0},"end":{"line":0,"column":0},"skip":true},"92":{"start":{"line":0,"column":0},"end":{"line":0,"column":0},"skip":true},"93":{"start":{"line":0,"column":0},"end":{"line":0,"column":0},"skip":true},"94":{"start":{"line":0,"column":0},"end":{"line":0,"column":0},"skip":true},"95":{"start":{"line":0,"column":0},"end":{"line":0,"column":0},"skip":true},"96":{"start":{"line":0,"column":0},"end":{"line":0,"column":0},"skip":true},"97":{"start":{"line":0,"column":0},"end":{"line":0,"column":0},"skip":true},"98":{"start":{"line":0,"column":0},"end":{"line":0,"column":0},"skip":true},"99":{"start":{"line":0,"column":0},"end":{"line":0,"column":0},"skip":true},"100":{"start":{"line":0,"column":0},"end":{"line":0,"column":0},"skip":true},"101":{"start":{"line":0,"column":0},"end":{"line":0,"column":0},"skip":true},"102":{"start":{"line":0,"column":0},"end":{"line":0,"column":0},"skip":true},"103":{"start":{"line":0,"column":0},"end":{"line":0,"column":0},"skip":true},"104":{"start":{"line":0,"column":0},"end":{"line":0,"column":0},"skip":true},"105":{"start":{"line":0,"column":0},"end":{"line":0,"column":0},"skip":true},"106":{"start":{"line":0,"column":0},"end":{"line":0,"column":0},"skip":true},"107":{"start":{"line":0,"column":0},"end":{"line":0,"column":0},"skip":true},"108":{"start":{"line":0,"column":0},"end":{"line":0,"column":0},"skip":true},"109":{"start":{"line":0,"column":0},"end":{"line":0,"column":0},"skip":true},"110":{"start":{"line":0,"column":0},"end":{"line":0,"column":0},"skip":true},"111":{"start":{"line":0,"column":0},"end":{"line":0,"column":0},"skip":true}},"branchMap":{"1":{"line":8,"type":"cond-expr","locations":[{"start":{"line":0,"column":0},"end":{"line":0,"column":0},"skip":true},{"start":{"line":0,"column":0},"end":{"line":0,"column":0},"skip":true}]},"2":{"line":8,"type":"binary-expr","locations":[{"start":{"line":0,"column":0},"end":{"line":0,"column":0},"skip":true},{"start":{"line":0,"column":0},"end":{"line":0,"column":0},"skip":true}]},"3":{"line":8,"type":"cond-expr","locations":[{"start":{"line":0,"column":0},"end":{"line":0,"column":0},"skip":true},{"start":{"line":0,"column":0},"end":{"line":0,"column":0},"skip":true}]},"4":{"line":8,"type":"binary-expr","locations":[{"start":{"line":0,"column":0},"end":{"line":0,"column":0},"skip":true},{"start":{"line":0,"column":0},"end":{"line":0,"column":0},"skip":true},{"start":{"line":0,"column":0},"end":{"line":0,"column":0},"skip":true}]},"5":{"line":18,"type":"cond-expr","locations":[{"start":{"line":0,"column":0},"end":{"line":0,"column":0},"skip":true},{"start":{"line":0,"column":0},"end":{"line":0,"column":0},"skip":true}]},"6":{"line":18,"type":"binary-expr","locations":[{"start":{"line":0,"column":0},"end":{"line":0,"column":0},"skip":true},{"start":{"line":0,"column":0},"end":{"line":0,"column":0},"skip":true}]},"7":{"line":29,"type":"if","locations":[{"end":{"line":12,"column":4},"start":{"line":12,"column":4}},{"end":{"line":12,"column":4},"start":{"line":12,"column":4}}]},"8":{"line":50,"type":"cond-expr","locations":[{"end":{"line":35,"column":19},"start":{"line":35,"column":31}},{"end":{"line":35,"column":8},"start":{"line":35,"column":43}}]},"9":{"line":86,"type":"if","locations":[{"start":{"line":0,"column":0},"end":{"line":0,"column":0},"skip":true},{"start":{"line":0,"column":0},"end":{"line":0,"column":0},"skip":true}]},"10":{"line":86,"type":"binary-expr","locations":[{"start":{"line":0,"column":0},"end":{"line":0,"column":0},"skip":true},{"start":{"line":0,"column":0},"end":{"line":0,"column":0},"skip":true}]},"11":{"line":91,"type":"if","locations":[{"start":{"line":0,"column":0},"end":{"line":0,"column":0},"skip":true},{"start":{"line":0,"column":0},"end":{"line":0,"column":0},"skip":true}]},"12":{"line":100,"type":"switch","locations":[{"start":{"line":0,"column":0},"end":{"line":0,"column":0},"skip":true},{"start":{"line":0,"column":0},"end":{"line":0,"column":0},"skip":true}]},"13":{"line":112,"type":"if","locations":[{"start":{"line":0,"column":0},"end":{"line":0,"column":0},"skip":true},{"start":{"line":0,"column":0},"end":{"line":0,"column":0},"skip":true}]},"14":{"line":112,"type":"binary-expr","locations":[{"start":{"line":0,"column":0},"end":{"line":0,"column":0},"skip":true},{"start":{"line":0,"column":0},"end":{"line":0,"column":0},"skip":true}]},"15":{"line":128,"type":"cond-expr","locations":[{"start":{"line":0,"column":0},"end":{"line":0,"column":0},"skip":true},{"start":{"line":0,"column":0},"end":{"line":0,"column":0},"skip":true}]},"16":{"line":132,"type":"cond-expr","locations":[{"start":{"line":0,"column":0},"end":{"line":0,"column":0},"skip":true},{"start":{"line":0,"column":0},"end":{"line":0,"column":0},"skip":true}]},"17":{"line":136,"type":"if","locations":[{"start":{"line":0,"column":0},"end":{"line":0,"column":0},"skip":true},{"start":{"line":0,"column":0},"end":{"line":0,"column":0},"skip":true}]},"18":{"line":136,"type":"cond-expr","locations":[{"start":{"line":0,"column":0},"end":{"line":0,"column":0},"skip":true},{"start":{"line":0,"column":0},"end":{"line":0,"column":0},"skip":true}]},"19":{"line":141,"type":"if","locations":[{"start":{"line":0,"column":0},"end":{"line":0,"column":0},"skip":true},{"start":{"line":0,"column":0},"end":{"line":0,"column":0},"skip":true}]},"20":{"line":172,"type":"if","locations":[{"start":{"line":0,"column":0},"end":{"line":0,"column":0},"skip":true},{"start":{"line":0,"column":0},"end":{"line":0,"column":0},"skip":true}]},"21":{"line":172,"type":"binary-expr","locations":[{"start":{"line":0,"column":0},"end":{"line":0,"column":0},"skip":true},{"start":{"line":0,"column":0},"end":{"line":0,"column":0},"skip":true}]},"22":{"line":182,"type":"cond-expr","locations":[{"start":{"line":0,"column":0},"end":{"line":0,"column":0},"skip":true},{"start":{"line":0,"column":0},"end":{"line":0,"column":0},"skip":true}]},"23":{"line":192,"type":"if","locations":[{"start":{"line":0,"column":0},"end":{"line":0,"column":0},"skip":true},{"start":{"line":0,"column":0},"end":{"line":0,"column":0},"skip":true}]},"24":{"line":192,"type":"binary-expr","locations":[{"start":{"line":0,"column":0},"end":{"line":0,"column":0},"skip":true},{"start":{"line":0,"column":0},"end":{"line":0,"column":0},"skip":true},{"start":{"line":0,"column":0},"end":{"line":0,"column":0},"skip":true}]}},"l":{"0":22,"1":1,"2":1,"7":2,"8":2,"9":2,"13":2,"14":2,"18":1,"21":2,"27":1,"32":1,"33":3,"34":3,"35":9,"36":9,"38":3,"40":1,"41":1}},
"/Users/nmashton/Caktus/repos/Traffic-Stops/traffic_stops/static/js/app/base/VisualBase.js":{"path":"/Users/nmashton/Caktus/repos/Traffic-Stops/traffic_stops/static/js/app/base/VisualBase.js","s":{"1":1,"2":1,"3":1,"4":1,"5":0,"6":1,"7":1,"8":1,"9":1,"10":1,"11":2,"12":1,"13":5,"14":5,"15":5,"16":5,"17":5,"18":5,"19":1,"20":1,"21":1,"22":2,"23":2,"24":1,"25":0,"26":0,"27":0,"28":0,"29":0,"30":0,"31":0,"32":0,"33":0,"34":0,"35":1,"36":1,"37":1,"38":1,"39":1,"40":1,"41":7,"42":1,"43":1,"44":1,"45":1,"46":1,"47":1,"48":1,"49":1,"50":11,"51":11,"52":0,"53":0,"54":0,"55":0,"56":1,"57":11,"58":6,"59":5,"60":0,"61":1,"62":0,"63":0,"64":0,"65":1,"66":0,"67":0,"68":1,"69":0,"70":0,"71":0,"72":0,"73":1,"74":0,"75":0,"76":0,"77":0,"78":0,"79":0,"80":0,"81":1,"82":0,"83":1,"84":0,"85":0,"86":1,"87":0,"88":0,"89":0,"90":0,"91":0,"92":0,"93":0,"94":0,"95":0,"96":0,"97":0,"98":1,"99":1,"100":8,"101":1,"102":1,"103":1,"104":1,"105":1,"106":1,"107":1,"108":1,"109":1,"110":1,"111":1,"112":1,"113":1,"114":1,"115":1},"b":{"1":[1,0],"2":[1,1],"3":[0,0],"4":[0,0,0],"5":[0,2],"6":[2,2],"7":[0,0],"8":[11,0],"9":[11,10],"10":[0,0],"11":[6,5],"12":[0,0],"13":[0,0],"14":[0,0],"15":[0,0],"16":[0,0],"17":[0,0],"18":[0,0],"19":[0,0],"20":[0,0],"21":[0,1],"22":[1,0],"23":[1,1,1]},"f":{"1":1,"2":0,"3":2,"4":5,"5":1,"6":1,"7":2,"8":1,"9":0,"10":0,"11":0,"12":0,"13":0,"14":1,"15":7,"16":11,"17":11,"18":0,"19":0,"20":0,"21":0,"22":0,"23":0,"24":0,"25":0,"26":0,"27":0,"28":0,"29":8},"fnMap":{"1":{"loc":{"start":{"line":0,"column":0},"end":{"line":0,"column":0},"skip":true},"name":"(anonymous_1)","skip":true,"line":8},"2":{"loc":{"start":{"line":0,"column":0},"end":{"line":0,"column":0},"skip":true},"name":"(anonymous_2)","skip":true,"line":8},"3":{"loc":{"start":{"line":0,"column":0},"end":{"line":0,"column":0},"skip":true},"name":"_interopRequireDefault","skip":true,"line":18},"4":{"loc":{"start":{"line":5,"column":15},"end":{"line":5,"column":25}},"name":"constructor","line":21},"5":{"loc":{"start":{"line":13,"column":10},"end":{"line":13,"column":20}},"name":"setDOM","line":29},"6":{"loc":{"start":{"line":17,"column":15},"end":{"line":17,"column":25}},"name":"loader_show","line":33},"7":{"loc":{"start":{"line":22,"column":13},"end":{"line":22,"column":23}},"name":"showError","line":36},"8":{"loc":{"start":{"line":28,"column":15},"end":{"line":28,"column":25}},"name":"loader_hide","line":40},"9":{"loc":{"start":{"line":31,"column":10},"end":{"line":31,"column":24}},"name":"update","line":43},"10":{"loc":{"start":{"line":39,"column":15},"end":{"line":39,"column":25}},"name":"drawStartup","line":51},"11":{"loc":{"start":{"line":42,"column":13},"end":{"line":42,"column":23}},"name":"drawChart","line":54},"12":{"loc":{"start":{"line":45,"column":19},"end":{"line":45,"column":29}},"name":"setDefaultChart","line":57},"13":{"loc":{"start":{"line":48,"column":21},"end":{"line":48,"column":35}},"name":"triggerRaceToggle","line":60},"14":{"loc":{"start":{"line":0,"column":0},"end":{"line":0,"column":0},"skip":true},"name":"(anonymous_14)","skip":true,"line":70},"15":{"loc":{"start":{"line":0,"column":0},"end":{"line":0,"column":0},"skip":true},"name":"addPropertyToAPIObject","skip":true,"line":71},"16":{"loc":{"start":{"line":0,"column":0},"end":{"line":0,"column":0},"skip":true},"name":"_get__","skip":true,"line":88},"17":{"loc":{"start":{"line":0,"column":0},"end":{"line":0,"column":0},"skip":true},"name":"_get_original__","skip":true,"line":102},"18":{"loc":{"start":{"line":0,"column":0},"end":{"line":0,"column":0},"skip":true},"name":"_assign__","skip":true,"line":114},"19":{"loc":{"start":{"line":0,"column":0},"end":{"line":0,"column":0},"skip":true},"name":"_set_original__","skip":true,"line":122},"20":{"loc":{"start":{"line":0,"column":0},"end":{"line":0,"column":0},"skip":true},"name":"_update_operation__","skip":true,"line":128},"21":{"loc":{"start":{"line":0,"column":0},"end":{"line":0,"column":0},"skip":true},"name":"_set__","skip":true,"line":138},"22":{"loc":{"start":{"line":0,"column":0},"end":{"line":0,"column":0},"skip":true},"name":"(anonymous_22)","skip":true,"line":140},"23":{"loc":{"start":{"line":0,"column":0},"end":{"line":0,"column":0},"skip":true},"name":"_reset__","skip":true,"line":154},"24":{"loc":{"start":{"line":0,"column":0},"end":{"line":0,"column":0},"skip":true},"name":"_with__","skip":true,"line":158},"25":{"loc":{"start":{"line":0,"column":0},"end":{"line":0,"column":0},"skip":true},"name":"reset","skip":true,"line":162},"26":{"loc":{"start":{"line":0,"column":0},"end":{"line":0,"column":0},"skip":true},"name":"(anonymous_26)","skip":true,"line":163},"27":{"loc":{"start":{"line":0,"column":0},"end":{"line":0,"column":0},"skip":true},"name":"(anonymous_27)","skip":true,"line":168},"28":{"loc":{"start":{"line":0,"column":0},"end":{"line":0,"column":0},"skip":true},"name":"(anonymous_28)","skip":true,"line":169},"29":{"loc":{"start":{"line":0,"column":0},"end":{"line":0,"column":0},"skip":true},"name":"addNonEnumerableProperty","skip":true,"line":187}},"statementMap":{"1":{"start":{"line":0,"column":0},"end":{"line":0,"column":0},"skip":true},"2":{"start":{"line":0,"column":0},"end":{"line":0,"column":0},"skip":true},"3":{"start":{"line":0,"column":0},"end":{"line":0,"column":0},"skip":true},"4":{"start":{"line":0,"column":0},"end":{"line":0,"column":0},"skip":true},"5":{"start":{"line":0,"column":0},"end":{"line":0,"column":0},"skip":true},"6":{"end":{"line":1,"column":-15},"start":{"line":1,"column":-15}},"7":{"start":{"line":0,"column":0},"end":{"line":0,"column":0},"skip":true},"8":{"end":{"line":2,"column":0},"start":{"line":2,"column":0}},"9":{"start":{"line":0,"column":0},"end":{"line":0,"column":0},"skip":true},"10":{"start":{"line":0,"column":0},"end":{"line":0,"column":0},"skip":true},"11":{"start":{"line":0,"column":0},"end":{"line":0,"column":0},"skip":true},"12":{"start":{"line":0,"column":0},"end":{"line":0,"column":0},"skip":true},"13":{"end":{"line":6,"column":4},"start":{"line":6,"column":4}},"14":{"end":{"line":7,"column":4},"start":{"line":7,"column":4}},"15":{"end":{"line":8,"column":4},"start":{"line":8,"column":4}},"16":{"end":{"line":9,"column":4},"start":{"line":9,"column":4}},"17":{"end":{"line":10,"column":4},"start":{"line":10,"column":4}},"18":{"end":{"line":11,"column":4},"start":{"line":11,"column":4}},"19":{"end":{"line":14,"column":4},"start":{"line":14,"column":4}},"20":{"end":{"line":15,"column":4},"start":{"line":15,"column":4}},"21":{"end":{"line":18,"column":4},"start":{"line":18,"column":4}},"22":{"end":{"line":23,"column":4},"start":{"line":23,"column":4}},"23":{"end":{"line":24,"column":4},"start":{"line":24,"column":4}},"24":{"end":{"line":29,"column":4},"start":{"line":29,"column":4}},"25":{"start":{"line":0,"column":0},"end":{"line":0,"column":0},"skip":true},"26":{"start":{"line":0,"column":0},"end":{"line":0,"column":0},"skip":true},"27":{"end":{"line":33,"column":4},"start":{"line":33,"column":4}},"28":{"end":{"line":34,"column":4},"start":{"line":34,"column":4}},"29":{"end":{"line":35,"column":4},"start":{"line":35,"column":4}},"30":{"end":{"line":36,"column":4},"start":{"line":36,"column":4}},"31":{"end":{"line":37,"column":4},"start":{"line":37,"column":4}},"32":{"end":{"line":40,"column":4},"start":{"line":40,"column":4}},"33":{"end":{"line":43,"column":4},"start":{"line":43,"column":4}},"34":{"end":{"line":46,"column":4},"start":{"line":46,"column":4}},"35":{"start":{"line":0,"column":0},"end":{"line":0,"column":0},"skip":true},"36":{"start":{"line":0,"column":0},"end":{"line":0,"column":0},"skip":true},"37":{"start":{"line":0,"column":0},"end":{"line":0,"column":0},"skip":true},"38":{"start":{"line":0,"column":0},"end":{"line":0,"column":0},"skip":true},"39":{"start":{"line":0,"column":0},"end":{"line":0,"column":0},"skip":true},"40":{"start":{"line":0,"column":0},"end":{"line":0,"column":0},"skip":true},"41":{"start":{"line":0,"column":0},"end":{"line":0,"column":0},"skip":true},"42":{"start":{"line":0,"column":0},"end":{"line":0,"column":0},"skip":true},"43":{"start":{"line":0,"column":0},"end":{"line":0,"column":0},"skip":true},"44":{"start":{"line":0,"column":0},"end":{"line":0,"column":0},"skip":true},"45":{"start":{"line":0,"column":0},"end":{"line":0,"column":0},"skip":true},"46":{"start":{"line":0,"column":0},"end":{"line":0,"column":0},"skip":true},"47":{"start":{"line":0,"column":0},"end":{"line":0,"column":0},"skip":true},"48":{"start":{"line":0,"column":0},"end":{"line":0,"column":0},"skip":true},"49":{"start":{"line":0,"column":0},"end":{"line":0,"column":0},"skip":true},"50":{"start":{"line":0,"column":0},"end":{"line":0,"column":0},"skip":true},"51":{"start":{"line":0,"column":0},"end":{"line":0,"column":0},"skip":true},"52":{"start":{"line":0,"column":0},"end":{"line":0,"column":0},"skip":true},"53":{"start":{"line":0,"column":0},"end":{"line":0,"column":0},"skip":true},"54":{"start":{"line":0,"column":0},"end":{"line":0,"column":0},"skip":true},"55":{"start":{"line":0,"column":0},"end":{"line":0,"column":0},"skip":true},"56":{"start":{"line":0,"column":0},"end":{"line":0,"column":0},"skip":true},"57":{"start":{"line":0,"column":0},"end":{"line":0,"column":0},"skip":true},"58":{"start":{"line":0,"column":0},"end":{"line":0,"column":0},"skip":true},"59":{"start":{"line":0,"column":0},"end":{"line":0,"column":0},"skip":true},"60":{"start":{"line":0,"column":0},"end":{"line":0,"column":0},"skip":true},"61":{"start":{"line":0,"column":0},"end":{"line":0,"column":0},"skip":true},"62":{"start":{"line":0,"column":0},"end":{"line":0,"column":0},"skip":true},"63":{"start":{"line":0,"column":0},"end":{"line":0,"column":0},"skip":true},"64":{"start":{"line":0,"column":0},"end":{"line":0,"column":0},"skip":true},"65":{"start":{"line":0,"column":0},"end":{"line":0,"column":0},"skip":true},"66":{"start":{"line":0,"column":0},"end":{"line":0,"column":0},"skip":true},"67":{"start":{"line":0,"column":0},"end":{"line":0,"column":0},"skip":true},"68":{"start":{"line":0,"column":0},"end":{"line":0,"column":0},"skip":true},"69":{"start":{"line":0,"column":0},"end":{"line":0,"column":0},"skip":true},"70":{"start":{"line":0,"column":0},"end":{"line":0,"column":0},"skip":true},"71":{"start":{"line":0,"column":0},"end":{"line":0,"column":0},"skip":true},"72":{"start":{"line":0,"column":0},"end":{"line":0,"column":0},"skip":true},"73":{"start":{"line":0,"column":0},"end":{"line":0,"column":0},"skip":true},"74":{"start":{"line":0,"column":0},"end":{"line":0,"column":0},"skip":true},"75":{"start":{"line":0,"column":0},"end":{"line":0,"column":0},"skip":true},"76":{"start":{"line":0,"column":0},"end":{"line":0,"column":0},"skip":true},"77":{"start":{"line":0,"column":0},"end":{"line":0,"column":0},"skip":true},"78":{"start":{"line":0,"column":0},"end":{"line":0,"column":0},"skip":true},"79":{"start":{"line":0,"column":0},"end":{"line":0,"column":0},"skip":true},"80":{"start":{"line":0,"column":0},"end":{"line":0,"column":0},"skip":true},"81":{"start":{"line":0,"column":0},"end":{"line":0,"column":0},"skip":true},"82":{"start":{"line":0,"column":0},"end":{"line":0,"column":0},"skip":true},"83":{"start":{"line":0,"column":0},"end":{"line":0,"column":0},"skip":true},"84":{"start":{"line":0,"column":0},"end":{"line":0,"column":0},"skip":true},"85":{"start":{"line":0,"column":0},"end":{"line":0,"column":0},"skip":true},"86":{"start":{"line":0,"column":0},"end":{"line":0,"column":0},"skip":true},"87":{"start":{"line":0,"column":0},"end":{"line":0,"column":0},"skip":true},"88":{"start":{"line":0,"column":0},"end":{"line":0,"column":0},"skip":true},"89":{"start":{"line":0,"column":0},"end":{"line":0,"column":0},"skip":true},"90":{"start":{"line":0,"column":0},"end":{"line":0,"column":0},"skip":true},"91":{"start":{"line":0,"column":0},"end":{"line":0,"column":0},"skip":true},"92":{"start":{"line":0,"column":0},"end":{"line":0,"column":0},"skip":true},"93":{"start":{"line":0,"column":0},"end":{"line":0,"column":0},"skip":true},"94":{"start":{"line":0,"column":0},"end":{"line":0,"column":0},"skip":true},"95":{"start":{"line":0,"column":0},"end":{"line":0,"column":0},"skip":true},"96":{"start":{"line":0,"column":0},"end":{"line":0,"column":0},"skip":true},"97":{"start":{"line":0,"column":0},"end":{"line":0,"column":0},"skip":true},"98":{"start":{"line":0,"column":0},"end":{"line":0,"column":0},"skip":true},"99":{"start":{"line":0,"column":0},"end":{"line":0,"column":0},"skip":true},"100":{"start":{"line":0,"column":0},"end":{"line":0,"column":0},"skip":true},"101":{"start":{"line":0,"column":0},"end":{"line":0,"column":0},"skip":true},"102":{"start":{"line":0,"column":0},"end":{"line":0,"column":0},"skip":true},"103":{"start":{"line":0,"column":0},"end":{"line":0,"column":0},"skip":true},"104":{"start":{"line":0,"column":0},"end":{"line":0,"column":0},"skip":true},"105":{"start":{"line":0,"column":0},"end":{"line":0,"column":0},"skip":true},"106":{"start":{"line":0,"column":0},"end":{"line":0,"column":0},"skip":true},"107":{"start":{"line":0,"column":0},"end":{"line":0,"column":0},"skip":true},"108":{"start":{"line":0,"column":0},"end":{"line":0,"column":0},"skip":true},"109":{"start":{"line":0,"column":0},"end":{"line":0,"column":0},"skip":true},"110":{"start":{"line":0,"column":0},"end":{"line":0,"column":0},"skip":true},"111":{"start":{"line":0,"column":0},"end":{"line":0,"column":0},"skip":true},"112":{"start":{"line":0,"column":0},"end":{"line":0,"column":0},"skip":true},"113":{"start":{"line":0,"column":0},"end":{"line":0,"column":0},"skip":true},"114":{"start":{"line":0,"column":0},"end":{"line":0,"column":0},"skip":true},"115":{"start":{"line":0,"column":0},"end":{"line":0,"column":0},"skip":true}},"branchMap":{"1":{"line":8,"type":"cond-expr","locations":[{"start":{"line":0,"column":0},"end":{"line":0,"column":0},"skip":true},{"start":{"line":0,"column":0},"end":{"line":0,"column":0},"skip":true}]},"2":{"line":8,"type":"binary-expr","locations":[{"start":{"line":0,"column":0},"end":{"line":0,"column":0},"skip":true},{"start":{"line":0,"column":0},"end":{"line":0,"column":0},"skip":true}]},"3":{"line":8,"type":"cond-expr","locations":[{"start":{"line":0,"column":0},"end":{"line":0,"column":0},"skip":true},{"start":{"line":0,"column":0},"end":{"line":0,"column":0},"skip":true}]},"4":{"line":8,"type":"binary-expr","locations":[{"start":{"line":0,"column":0},"end":{"line":0,"column":0},"skip":true},{"start":{"line":0,"column":0},"end":{"line":0,"column":0},"skip":true},{"start":{"line":0,"column":0},"end":{"line":0,"column":0},"skip":true}]},"5":{"line":18,"type":"cond-expr","locations":[{"start":{"line":0,"column":0},"end":{"line":0,"column":0},"skip":true},{"start":{"line":0,"column":0},"end":{"line":0,"column":0},"skip":true}]},"6":{"line":18,"type":"binary-expr","locations":[{"start":{"line":0,"column":0},"end":{"line":0,"column":0},"skip":true},{"start":{"line":0,"column":0},"end":{"line":0,"column":0},"skip":true}]},"7":{"line":44,"type":"if","locations":[{"end":{"line":32,"column":4},"start":{"line":32,"column":4}},{"end":{"line":32,"column":4},"start":{"line":32,"column":4}}]},"8":{"line":89,"type":"if","locations":[{"start":{"line":0,"column":0},"end":{"line":0,"column":0},"skip":true},{"start":{"line":0,"column":0},"end":{"line":0,"column":0},"skip":true}]},"9":{"line":89,"type":"binary-expr","locations":[{"start":{"line":0,"column":0},"end":{"line":0,"column":0},"skip":true},{"start":{"line":0,"column":0},"end":{"line":0,"column":0},"skip":true}]},"10":{"line":94,"type":"if","locations":[{"start":{"line":0,"column":0},"end":{"line":0,"column":0},"skip":true},{"start":{"line":0,"column":0},"end":{"line":0,"column":0},"skip":true}]},"11":{"line":103,"type":"switch","locations":[{"start":{"line":0,"column":0},"end":{"line":0,"column":0},"skip":true},{"start":{"line":0,"column":0},"end":{"line":0,"column":0},"skip":true}]},"12":{"line":115,"type":"if","locations":[{"start":{"line":0,"column":0},"end":{"line":0,"column":0},"skip":true},{"start":{"line":0,"column":0},"end":{"line":0,"column":0},"skip":true}]},"13":{"line":115,"type":"binary-expr","locations":[{"start":{"line":0,"column":0},"end":{"line":0,"column":0},"skip":true},{"start":{"line":0,"column":0},"end":{"line":0,"column":0},"skip":true}]},"14":{"line":131,"type":"cond-expr","locations":[{"start":{"line":0,"column":0},"end":{"line":0,"column":0},"skip":true},{"start":{"line":0,"column":0},"end":{"line":0,"column":0},"skip":true}]},"15":{"line":135,"type":"cond-expr","locations":[{"start":{"line":0,"column":0},"end":{"line":0,"column":0},"skip":true},{"start":{"line":0,"column":0},"end":{"line":0,"column":0},"skip":true}]},"16":{"line":139,"type":"if","locations":[{"start":{"line":0,"column":0},"end":{"line":0,"column":0},"skip":true},{"start":{"line":0,"column":0},"end":{"line":0,"column":0},"skip":true}]},"17":{"line":139,"type":"cond-expr","locations":[{"start":{"line":0,"column":0},"end":{"line":0,"column":0},"skip":true},{"start":{"line":0,"column":0},"end":{"line":0,"column":0},"skip":true}]},"18":{"line":144,"type":"if","locations":[{"start":{"line":0,"column":0},"end":{"line":0,"column":0},"skip":true},{"start":{"line":0,"column":0},"end":{"line":0,"column":0},"skip":true}]},"19":{"line":175,"type":"if","locations":[{"start":{"line":0,"column":0},"end":{"line":0,"column":0},"skip":true},{"start":{"line":0,"column":0},"end":{"line":0,"column":0},"skip":true}]},"20":{"line":175,"type":"binary-expr","locations":[{"start":{"line":0,"column":0},"end":{"line":0,"column":0},"skip":true},{"start":{"line":0,"column":0},"end":{"line":0,"column":0},"skip":true}]},"21":{"line":185,"type":"cond-expr","locations":[{"start":{"line":0,"column":0},"end":{"line":0,"column":0},"skip":true},{"start":{"line":0,"column":0},"end":{"line":0,"column":0},"skip":true}]},"22":{"line":195,"type":"if","locations":[{"start":{"line":0,"column":0},"end":{"line":0,"column":0},"skip":true},{"start":{"line":0,"column":0},"end":{"line":0,"column":0},"skip":true}]},"23":{"line":195,"type":"binary-expr","locations":[{"start":{"line":0,"column":0},"end":{"line":0,"column":0},"skip":true},{"start":{"line":0,"column":0},"end":{"line":0,"column":0},"skip":true},{"start":{"line":0,"column":0},"end":{"line":0,"column":0},"skip":true}]}},"l":{"0":11,"1":1,"2":1,"6":5,"7":5,"8":5,"9":5,"10":5,"11":5,"14":1,"15":1,"18":1,"23":2,"24":2,"29":1,"33":0,"34":0,"35":0,"36":0,"37":0,"40":0,"43":0,"46":0}},
"/Users/nmashton/Caktus/repos/Traffic-Stops/traffic_stops/static/js/app/states/md/Stops.js":{"path":"/Users/nmashton/Caktus/repos/Traffic-Stops/traffic_stops/static/js/app/states/md/Stops.js","s":{"1":0,"2":0,"3":0,"4":0,"5":0,"6":0,"7":0,"8":0,"9":0,"10":0,"11":0,"12":0,"13":0,"14":0,"15":0,"16":0,"17":0,"18":0,"19":0,"20":0,"21":0,"22":1,"23":0,"24":0,"25":0,"26":0,"27":0,"28":0,"29":0,"30":0,"31":0,"32":0,"33":0,"34":0,"35":0,"36":0,"37":0,"38":0,"39":0,"40":0,"41":0,"42":0,"43":0,"44":0,"45":0,"46":0,"47":0,"48":0,"49":0,"50":0,"51":0,"52":0,"53":0,"54":0,"55":0,"56":0,"57":0,"58":0,"59":0,"60":0,"61":0,"62":0,"63":0,"64":0,"65":0,"66":0,"67":0,"68":0,"69":0,"70":0,"71":0,"72":0,"73":0,"74":0,"75":0,"76":0,"77":0,"78":0,"79":0,"80":0,"81":0,"82":0,"83":0,"84":0,"85":0,"86":0,"87":0,"88":0,"89":0,"90":0,"91":0,"92":0,"93":0,"94":0,"95":0,"96":0,"97":0,"98":0,"99":0,"100":0,"101":0,"102":0,"103":0,"104":0,"105":0,"106":0,"107":0,"108":0,"109":0,"110":0,"111":0,"112":0,"113":0,"114":1,"115":0,"116":0,"117":0,"118":0,"119":0,"120":0,"121":0,"122":0,"123":1,"124":0,"125":0,"126":0,"127":0,"128":0,"129":0,"130":1,"131":0,"132":0,"133":0,"134":0,"135":0,"136":0,"137":0,"138":0,"139":0,"140":0,"141":0,"142":0,"143":0,"144":0,"145":1,"146":0,"147":0,"148":0,"149":1,"150":0,"151":0,"152":1,"153":0,"154":0,"155":0,"156":0,"157":1,"158":0,"159":0,"160":0,"161":0,"162":0,"163":0,"164":0,"165":1,"166":0,"167":1,"168":0,"169":0,"170":1,"171":0,"172":0,"173":0,"174":0,"175":0,"176":0,"177":0,"178":0,"179":0,"180":0,"181":0,"182":0,"183":0,"184":0,"185":0,"186":0,"187":0,"188":0},"b":{"1":[0,0],"2":[0,0],"3":[0,0],"4":[0,0,0],"5":[0,0],"6":[0,0],"7":[0,0],"8":[0,0],"9":[0,0],"10":[0,0],"11":[0,0],"12":[0,0],"13":[0,0],"14":[0,0],"15":[0,0],"16":[0,0],"17":[0,0,0,0,0,0,0,0,0,0,0,0],"18":[0,0],"19":[0,0],"20":[0,0],"21":[0,0],"22":[0,0],"23":[0,0],"24":[0,0],"25":[0,0],"26":[0,0]},"f":{"1":0,"2":0,"3":0,"4":0,"5":0,"6":0,"7":0,"8":0,"9":0,"10":0,"11":0,"12":0,"13":0,"14":0,"15":0,"16":0,"17":0,"18":0,"19":0,"20":0,"21":0,"22":0,"23":0,"24":0,"25":0,"26":0,"27":0,"28":0,"29":0,"30":0,"31":0,"32":0,"33":0,"34":0,"35":0,"36":0,"37":0,"38":0,"39":0,"40":0,"41":0,"42":0,"43":0,"44":0,"45":0,"46":0,"47":0,"48":0,"49":0,"50":0,"51":0},"fnMap":{"1":{"loc":{"start":{"line":0,"column":0},"end":{"line":0,"column":0},"skip":true},"name":"(anonymous_1)","skip":true,"line":8},"2":{"loc":{"start":{"line":0,"column":0},"end":{"line":0,"column":0},"skip":true},"name":"(anonymous_2)","skip":true,"line":8},"3":{"loc":{"start":{"line":0,"column":0},"end":{"line":0,"column":0},"skip":true},"name":"_interopRequireDefault","skip":true,"line":42},"4":{"loc":{"start":{"line":13,"column":14},"end":{"line":13,"column":26}},"name":"clean_data","line":47},"5":{"loc":{"start":{"line":22,"column":28},"end":{"line":22,"column":37}},"name":"(anonymous_5)","line":56},"6":{"loc":{"start":{"line":27,"column":19},"end":{"line":27,"column":29}},"name":"(anonymous_6)","line":61},"7":{"loc":{"start":{"line":28,"column":29},"end":{"line":28,"column":38}},"name":"(anonymous_7)","line":62},"8":{"loc":{"start":{"line":38,"column":17},"end":{"line":38,"column":24}},"name":"(anonymous_8)","line":72},"9":{"loc":{"start":{"line":47,"column":28},"end":{"line":47,"column":46}},"name":"get_total_by_race","line":81},"10":{"loc":{"start":{"line":49,"column":27},"end":{"line":49,"column":42}},"name":"(anonymous_10)","line":83},"11":{"loc":{"start":{"line":55,"column":30},"end":{"line":55,"column":37}},"name":"(anonymous_11)","line":89},"12":{"loc":{"start":{"line":58,"column":17},"end":{"line":58,"column":25}},"name":"(anonymous_12)","line":92},"13":{"loc":{"start":{"line":61,"column":34},"end":{"line":61,"column":49}},"name":"(anonymous_13)","line":95},"14":{"loc":{"start":{"line":83,"column":19},"end":{"line":83,"column":29}},"name":"setDefaultChart","line":117},"15":{"loc":{"start":{"line":85,"column":9},"end":{"line":85,"column":9}},"name":"(anonymous_15)","line":118},"16":{"loc":{"start":{"line":86,"column":9},"end":{"line":86,"column":9}},"name":"(anonymous_16)","line":120},"17":{"loc":{"start":{"line":87,"column":13},"end":{"line":87,"column":13}},"name":"(anonymous_17)","line":122},"18":{"loc":{"start":{"line":96,"column":15},"end":{"line":96,"column":25}},"name":"drawStartup","line":126},"19":{"loc":{"start":{"line":101,"column":32},"end":{"line":101,"column":32}},"name":"(anonymous_19)","line":132},"20":{"loc":{"start":{"line":102,"column":18},"end":{"line":102,"column":24}},"name":"getData","line":135},"21":{"loc":{"start":{"line":119,"column":13},"end":{"line":119,"column":23}},"name":"drawChart","line":147},"22":{"loc":{"start":{"line":122,"column":16},"end":{"line":122,"column":22}},"name":"(anonymous_22)","line":152},"23":{"loc":{"start":{"line":133,"column":15},"end":{"line":133,"column":25}},"name":"_formatData","line":156},"24":{"loc":{"start":{"line":139,"column":18},"end":{"line":139,"column":28}},"name":"(anonymous_24)","line":162},"25":{"loc":{"start":{"line":150,"column":21},"end":{"line":150,"column":21}},"name":"triggerRaceToggle","line":173},"26":{"loc":{"start":{"line":158,"column":19},"end":{"line":158,"column":29}},"name":"setDefaultChart","line":183},"27":{"loc":{"start":{"line":176,"column":15},"end":{"line":176,"column":25}},"name":"drawStartup","line":190},"28":{"loc":{"start":{"line":177,"column":13},"end":{"line":177,"column":23}},"name":"drawChart","line":191},"29":{"loc":{"start":{"line":180,"column":16},"end":{"line":180,"column":22}},"name":"(anonymous_29)","line":196},"30":{"loc":{"start":{"line":190,"column":15},"end":{"line":190,"column":25}},"name":"_formatData","line":200},"31":{"loc":{"start":{"line":197,"column":27},"end":{"line":197,"column":46}},"name":"(anonymous_31)","line":207},"32":{"loc":{"start":{"line":200,"column":30},"end":{"line":200,"column":41}},"name":"(anonymous_32)","line":210},"33":{"loc":{"start":{"line":211,"column":21},"end":{"line":211,"column":21}},"name":"triggerRaceToggle","line":223},"34":{"loc":{"start":{"line":215,"column":20},"end":{"line":215,"column":30}},"name":"get_tabular_data","line":229},"35":{"loc":{"start":{"line":224,"column":26},"end":{"line":224,"column":40}},"name":"(anonymous_35)","line":240},"36":{"loc":{"start":{"line":226,"column":32},"end":{"line":226,"column":43}},"name":"(anonymous_36)","line":242},"37":{"loc":{"start":{"line":0,"column":0},"end":{"line":0,"column":0},"skip":true},"name":"(anonymous_37)","skip":true,"line":266},"38":{"loc":{"start":{"line":0,"column":0},"end":{"line":0,"column":0},"skip":true},"name":"addPropertyToAPIObject","skip":true,"line":267},"39":{"loc":{"start":{"line":0,"column":0},"end":{"line":0,"column":0},"skip":true},"name":"_get__","skip":true,"line":284},"40":{"loc":{"start":{"line":0,"column":0},"end":{"line":0,"column":0},"skip":true},"name":"_get_original__","skip":true,"line":298},"41":{"loc":{"start":{"line":0,"column":0},"end":{"line":0,"column":0},"skip":true},"name":"_assign__","skip":true,"line":340},"42":{"loc":{"start":{"line":0,"column":0},"end":{"line":0,"column":0},"skip":true},"name":"_set_original__","skip":true,"line":348},"43":{"loc":{"start":{"line":0,"column":0},"end":{"line":0,"column":0},"skip":true},"name":"_update_operation__","skip":true,"line":354},"44":{"loc":{"start":{"line":0,"column":0},"end":{"line":0,"column":0},"skip":true},"name":"_set__","skip":true,"line":364},"45":{"loc":{"start":{"line":0,"column":0},"end":{"line":0,"column":0},"skip":true},"name":"(anonymous_45)","skip":true,"line":366},"46":{"loc":{"start":{"line":0,"column":0},"end":{"line":0,"column":0},"skip":true},"name":"_reset__","skip":true,"line":380},"47":{"loc":{"start":{"line":0,"column":0},"end":{"line":0,"column":0},"skip":true},"name":"_with__","skip":true,"line":384},"48":{"loc":{"start":{"line":0,"column":0},"end":{"line":0,"column":0},"skip":true},"name":"reset","skip":true,"line":388},"49":{"loc":{"start":{"line":0,"column":0},"end":{"line":0,"column":0},"skip":true},"name":"(anonymous_49)","skip":true,"line":389},"50":{"loc":{"start":{"line":0,"column":0},"end":{"line":0,"column":0},"skip":true},"name":"(anonymous_50)","skip":true,"line":394},"51":{"loc":{"start":{"line":0,"column":0},"end":{"line":0,"column":0},"skip":true},"name":"(anonymous_51)","skip":true,"line":395}},"statementMap":{"1":{"start":{"line":0,"column":0},"end":{"line":0,"column":0},"skip":true},"2":{"start":{"line":0,"column":0},"end":{"line":0,"column":0},"skip":true},"3":{"start":{"line":0,"column":0},"end":{"line":0,"column":0},"skip":true},"4":{"start":{"line":0,"column":0},"end":{"line":0,"column":0},"skip":true},"5":{"start":{"line":0,"column":0},"end":{"line":0,"column":0},"skip":true},"6":{"end":{"line":1,"column":-15},"start":{"line":1,"column":-15}},"7":{"start":{"line":0,"column":0},"end":{"line":0,"column":0},"skip":true},"8":{"end":{"line":2,"column":0},"start":{"line":2,"column":0}},"9":{"start":{"line":0,"column":0},"end":{"line":0,"column":0},"skip":true},"10":{"end":{"line":3,"column":0},"start":{"line":3,"column":0}},"11":{"start":{"line":0,"column":0},"end":{"line":0,"column":0},"skip":true},"12":{"end":{"line":4,"column":0},"start":{"line":4,"column":0}},"13":{"start":{"line":0,"column":0},"end":{"line":0,"column":0},"skip":true},"14":{"end":{"line":6,"column":0},"start":{"line":6,"column":0}},"15":{"start":{"line":0,"column":0},"end":{"line":0,"column":0},"skip":true},"16":{"end":{"line":7,"column":0},"start":{"line":7,"column":0}},"17":{"start":{"line":0,"column":0},"end":{"line":0,"column":0},"skip":true},"18":{"end":{"line":8,"column":0},"start":{"line":8,"column":0}},"19":{"start":{"line":0,"column":0},"end":{"line":0,"column":0},"skip":true},"20":{"end":{"line":9,"column":0},"start":{"line":9,"column":0}},"21":{"start":{"line":0,"column":0},"end":{"line":0,"column":0},"skip":true},"22":{"start":{"line":0,"column":0},"end":{"line":0,"column":0},"skip":true},"23":{"start":{"line":0,"column":0},"end":{"line":0,"column":0},"skip":true},"24":{"end":{"line":10,"column":0},"start":{"line":10,"column":0}},"25":{"end":{"line":12,"column":0},"start":{"line":12,"column":0}},"26":{"end":{"line":15,"column":4},"start":{"line":15,"column":4}},"27":{"end":{"line":33,"column":5},"start":{"line":19,"column":4}},"28":{"end":{"line":21,"column":6},"start":{"line":21,"column":6}},"29":{"end":{"line":22,"column":6},"start":{"line":22,"column":6}},"30":{"end":{"line":23,"column":8},"start":{"line":23,"column":8}},"31":{"end":{"line":27,"column":6},"start":{"line":27,"column":6}},"32":{"end":{"line":28,"column":8},"start":{"line":28,"column":8}},"33":{"end":{"line":29,"column":10},"start":{"line":29,"column":10}},"34":{"end":{"line":32,"column":6},"start":{"line":32,"column":6}},"35":{"end":{"line":36,"column":4},"start":{"line":36,"column":4}},"36":{"end":{"line":38,"column":4},"start":{"line":38,"column":4}},"37":{"end":{"line":39,"column":38},"start":{"line":39,"column":6}},"38":{"end":{"line":39,"column":38},"start":{"line":39,"column":38}},"39":{"end":{"line":42,"column":4},"start":{"line":42,"column":4}},"40":{"end":{"line":46,"column":4},"start":{"line":46,"column":4}},"41":{"end":{"line":48,"column":10},"start":{"line":48,"column":10}},"42":{"end":{"line":49,"column":10},"start":{"line":49,"column":10}},"43":{"end":{"line":50,"column":12},"start":{"line":50,"column":12}},"44":{"end":{"line":52,"column":10},"start":{"line":52,"column":10}},"45":{"end":{"line":55,"column":4},"start":{"line":55,"column":4}},"46":{"end":{"line":56,"column":6},"start":{"line":56,"column":6}},"47":{"end":{"line":58,"column":4},"start":{"line":58,"column":4}},"48":{"end":{"line":64,"column":7},"start":{"line":59,"column":6}},"49":{"end":{"line":60,"column":8},"start":{"line":60,"column":8}},"50":{"end":{"line":61,"column":8},"start":{"line":61,"column":8}},"51":{"end":{"line":62,"column":10},"start":{"line":62,"column":10}},"52":{"end":{"line":68,"column":4},"start":{"line":68,"column":4}},"53":{"end":{"line":77,"column":0},"start":{"line":77,"column":0}},"54":{"end":{"line":84,"column":4},"start":{"line":84,"column":4}},"55":{"end":{"line":85,"column":9},"start":{"line":85,"column":9}},"56":{"end":{"line":86,"column":9},"start":{"line":86,"column":9}},"57":{"end":{"line":87,"column":13},"start":{"line":87,"column":13}},"58":{"end":{"line":96,"column":25},"start":{"line":96,"column":25}},"59":{"end":{"line":99,"column":4},"start":{"line":99,"column":4}},"60":{"end":{"line":101,"column":32},"start":{"line":101,"column":32}},"61":{"end":{"line":103,"column":10},"start":{"line":103,"column":10}},"62":{"end":{"line":104,"column":10},"start":{"line":104,"column":10}},"63":{"end":{"line":105,"column":10},"start":{"line":105,"column":10}},"64":{"end":{"line":108,"column":4},"start":{"line":108,"column":4}},"65":{"end":{"line":113,"column":4},"start":{"line":113,"column":4}},"66":{"end":{"line":117,"column":4},"start":{"line":117,"column":4}},"67":{"end":{"line":119,"column":23},"start":{"line":119,"column":23}},"68":{"end":{"line":120,"column":4},"start":{"line":120,"column":4}},"69":{"end":{"line":122,"column":4},"start":{"line":122,"column":4}},"70":{"end":{"line":123,"column":6},"start":{"line":123,"column":6}},"71":{"end":{"line":134,"column":4},"start":{"line":134,"column":4}},"72":{"end":{"line":139,"column":4},"start":{"line":139,"column":4}},"73":{"end":{"line":140,"column":14},"start":{"line":140,"column":6}},"74":{"end":{"line":140,"column":14},"start":{"line":140,"column":14}},"75":{"end":{"line":141,"column":6},"start":{"line":141,"column":6}},"76":{"end":{"line":148,"column":4},"start":{"line":148,"column":4}},"77":{"end":{"line":150,"column":21},"start":{"line":150,"column":21}},"78":{"end":{"line":153,"column":0},"start":{"line":153,"column":0}},"79":{"end":{"line":159,"column":4},"start":{"line":159,"column":4}},"80":{"end":{"line":169,"column":4},"start":{"line":169,"column":4}},"81":{"end":{"line":172,"column":4},"start":{"line":172,"column":4}},"82":{"end":{"line":177,"column":23},"start":{"line":177,"column":23}},"83":{"end":{"line":178,"column":4},"start":{"line":178,"column":4}},"84":{"end":{"line":180,"column":4},"start":{"line":180,"column":4}},"85":{"end":{"line":181,"column":8},"start":{"line":181,"column":8}},"86":{"end":{"line":191,"column":4},"start":{"line":191,"column":4}},"87":{"end":{"line":197,"column":4},"start":{"line":197,"column":4}},"88":{"end":{"line":198,"column":34},"start":{"line":198,"column":6}},"89":{"end":{"line":198,"column":34},"start":{"line":198,"column":34}},"90":{"end":{"line":200,"column":6},"start":{"line":200,"column":6}},"91":{"end":{"line":200,"column":42},"start":{"line":200,"column":42}},"92":{"end":{"line":201,"column":6},"start":{"line":201,"column":6}},"93":{"end":{"line":207,"column":6},"start":{"line":207,"column":6}},"94":{"end":{"line":209,"column":4},"start":{"line":209,"column":4}},"95":{"end":{"line":211,"column":21},"start":{"line":211,"column":21}},"96":{"end":{"line":214,"column":0},"start":{"line":214,"column":0}},"97":{"end":{"line":216,"column":4},"start":{"line":216,"column":4}},"98":{"end":{"line":219,"column":4},"start":{"line":219,"column":4}},"99":{"end":{"line":220,"column":4},"start":{"line":220,"column":4}},"100":{"end":{"line":221,"column":4},"start":{"line":221,"column":4}},"101":{"end":{"line":224,"column":4},"start":{"line":224,"column":4}},"102":{"end":{"line":225,"column":6},"start":{"line":225,"column":6}},"103":{"end":{"line":226,"column":6},"start":{"line":226,"column":6}},"104":{"end":{"line":226,"column":45},"start":{"line":226,"column":45}},"105":{"end":{"line":227,"column":6},"start":{"line":227,"column":6}},"106":{"end":{"line":230,"column":4},"start":{"line":230,"column":4}},"107":{"end":{"line":234,"column":38},"start":{"line":234,"column":0}},"108":{"end":{"line":234,"column":38},"start":{"line":234,"column":38}},"109":{"end":{"line":236,"column":0},"start":{"line":236,"column":0}},"110":{"start":{"line":0,"column":0},"end":{"line":0,"column":0},"skip":true},"111":{"start":{"line":0,"column":0},"end":{"line":0,"column":0},"skip":true},"112":{"start":{"line":0,"column":0},"end":{"line":0,"column":0},"skip":true},"113":{"start":{"line":0,"column":0},"end":{"line":0,"column":0},"skip":true},"114":{"start":{"line":0,"column":0},"end":{"line":0,"column":0},"skip":true},"115":{"start":{"line":0,"column":0},"end":{"line":0,"column":0},"skip":true},"116":{"start":{"line":0,"column":0},"end":{"line":0,"column":0},"skip":true},"117":{"start":{"line":0,"column":0},"end":{"line":0,"column":0},"skip":true},"118":{"start":{"line":0,"column":0},"end":{"line":0,"column":0},"skip":true},"119":{"start":{"line":0,"column":0},"end":{"line":0,"column":0},"skip":true},"120":{"start":{"line":0,"column":0},"end":{"line":0,"column":0},"skip":true},"121":{"start":{"line":0,"column":0},"end":{"line":0,"column":0},"skip":true},"122":{"start":{"line":0,"column":0},"end":{"line":0,"column":0},"skip":true},"123":{"start":{"line":0,"column":0},"end":{"line":0,"column":0},"skip":true},"124":{"start":{"line":0,"column":0},"end":{"line":0,"column":0},"skip":true},"125":{"start":{"line":0,"column":0},"end":{"line":0,"column":0},"skip":true},"126":{"start":{"line":0,"column":0},"end":{"line":0,"column":0},"skip":true},"127":{"start":{"line":0,"column":0},"end":{"line":0,"column":0},"skip":true},"128":{"start":{"line":0,"column":0},"end":{"line":0,"column":0},"skip":true},"129":{"start":{"line":0,"column":0},"end":{"line":0,"column":0},"skip":true},"130":{"start":{"line":0,"column":0},"end":{"line":0,"column":0},"skip":true},"131":{"start":{"line":0,"column":0},"end":{"line":0,"column":0},"skip":true},"132":{"start":{"line":0,"column":0},"end":{"line":0,"column":0},"skip":true},"133":{"start":{"line":0,"column":0},"end":{"line":0,"column":0},"skip":true},"134":{"start":{"line":0,"column":0},"end":{"line":0,"column":0},"skip":true},"135":{"start":{"line":0,"column":0},"end":{"line":0,"column":0},"skip":true},"136":{"start":{"line":0,"column":0},"end":{"line":0,"column":0},"skip":true},"137":{"start":{"line":0,"column":0},"end":{"line":0,"column":0},"skip":true},"138":{"start":{"line":0,"column":0},"end":{"line":0,"column":0},"skip":true},"139":{"start":{"line":0,"column":0},"end":{"line":0,"column":0},"skip":true},"140":{"start":{"line":0,"column":0},"end":{"line":0,"column":0},"skip":true},"141":{"start":{"line":0,"column":0},"end":{"line":0,"column":0},"skip":true},"142":{"start":{"line":0,"column":0},"end":{"line":0,"column":0},"skip":true},"143":{"start":{"line":0,"column":0},"end":{"line":0,"column":0},"skip":true},"144":{"start":{"line":0,"column":0},"end":{"line":0,"column":0},"skip":true},"145":{"start":{"line":0,"column":0},"end":{"line":0,"column":0},"skip":true},"146":{"start":{"line":0,"column":0},"end":{"line":0,"column":0},"skip":true},"147":{"start":{"line":0,"column":0},"end":{"line":0,"column":0},"skip":true},"148":{"start":{"line":0,"column":0},"end":{"line":0,"column":0},"skip":true},"149":{"start":{"line":0,"column":0},"end":{"line":0,"column":0},"skip":true},"150":{"start":{"line":0,"column":0},"end":{"line":0,"column":0},"skip":true},"151":{"start":{"line":0,"column":0},"end":{"line":0,"column":0},"skip":true},"152":{"start":{"line":0,"column":0},"end":{"line":0,"column":0},"skip":true},"153":{"start":{"line":0,"column":0},"end":{"line":0,"column":0},"skip":true},"154":{"start":{"line":0,"column":0},"end":{"line":0,"column":0},"skip":true},"155":{"start":{"line":0,"column":0},"end":{"line":0,"column":0},"skip":true},"156":{"start":{"line":0,"column":0},"end":{"line":0,"column":0},"skip":true},"157":{"start":{"line":0,"column":0},"end":{"line":0,"column":0},"skip":true},"158":{"start":{"line":0,"column":0},"end":{"line":0,"column":0},"skip":true},"159":{"start":{"line":0,"column":0},"end":{"line":0,"column":0},"skip":true},"160":{"start":{"line":0,"column":0},"end":{"line":0,"column":0},"skip":true},"161":{"start":{"line":0,"column":0},"end":{"line":0,"column":0},"skip":true},"162":{"start":{"line":0,"column":0},"end":{"line":0,"column":0},"skip":true},"163":{"start":{"line":0,"column":0},"end":{"line":0,"column":0},"skip":true},"164":{"start":{"line":0,"column":0},"end":{"line":0,"column":0},"skip":true},"165":{"start":{"line":0,"column":0},"end":{"line":0,"column":0},"skip":true},"166":{"start":{"line":0,"column":0},"end":{"line":0,"column":0},"skip":true},"167":{"start":{"line":0,"column":0},"end":{"line":0,"column":0},"skip":true},"168":{"start":{"line":0,"column":0},"end":{"line":0,"column":0},"skip":true},"169":{"start":{"line":0,"column":0},"end":{"line":0,"column":0},"skip":true},"170":{"start":{"line":0,"column":0},"end":{"line":0,"column":0},"skip":true},"171":{"start":{"line":0,"column":0},"end":{"line":0,"column":0},"skip":true},"172":{"start":{"line":0,"column":0},"end":{"line":0,"column":0},"skip":true},"173":{"start":{"line":0,"column":0},"end":{"line":0,"column":0},"skip":true},"174":{"start":{"line":0,"column":0},"end":{"line":0,"column":0},"skip":true},"175":{"start":{"line":0,"column":0},"end":{"line":0,"column":0},"skip":true},"176":{"start":{"line":0,"column":0},"end":{"line":0,"column":0},"skip":true},"177":{"start":{"line":0,"column":0},"end":{"line":0,"column":0},"skip":true},"178":{"start":{"line":0,"column":0},"end":{"line":0,"column":0},"skip":true},"179":{"start":{"line":0,"column":0},"end":{"line":0,"column":0},"skip":true},"180":{"start":{"line":0,"column":0},"end":{"line":0,"column":0},"skip":true},"181":{"start":{"line":0,"column":0},"end":{"line":0,"column":0},"skip":true},"182":{"start":{"line":0,"column":0},"end":{"line":0,"column":0},"skip":true},"183":{"start":{"line":0,"column":0},"end":{"line":0,"column":0},"skip":true},"184":{"start":{"line":0,"column":0},"end":{"line":0,"column":0},"skip":true},"185":{"start":{"line":0,"column":0},"end":{"line":0,"column":0},"skip":true},"186":{"start":{"line":0,"column":0},"end":{"line":0,"column":0},"skip":true},"187":{"start":{"line":0,"column":0},"end":{"line":0,"column":0},"skip":true},"188":{"start":{"line":0,"column":0},"end":{"line":0,"column":0},"skip":true}},"branchMap":{"1":{"line":8,"type":"cond-expr","locations":[{"start":{"line":0,"column":0},"end":{"line":0,"column":0},"skip":true},{"start":{"line":0,"column":0},"end":{"line":0,"column":0},"skip":true}]},"2":{"line":8,"type":"binary-expr","locations":[{"start":{"line":0,"column":0},"end":{"line":0,"column":0},"skip":true},{"start":{"line":0,"column":0},"end":{"line":0,"column":0},"skip":true}]},"3":{"line":8,"type":"cond-expr","locations":[{"start":{"line":0,"column":0},"end":{"line":0,"column":0},"skip":true},{"start":{"line":0,"column":0},"end":{"line":0,"column":0},"skip":true}]},"4":{"line":8,"type":"binary-expr","locations":[{"start":{"line":0,"column":0},"end":{"line":0,"column":0},"skip":true},{"start":{"line":0,"column":0},"end":{"line":0,"column":0},"skip":true},{"start":{"line":0,"column":0},"end":{"line":0,"column":0},"skip":true}]},"5":{"line":42,"type":"cond-expr","locations":[{"start":{"line":0,"column":0},"end":{"line":0,"column":0},"skip":true},{"start":{"line":0,"column":0},"end":{"line":0,"column":0},"skip":true}]},"6":{"line":42,"type":"binary-expr","locations":[{"start":{"line":0,"column":0},"end":{"line":0,"column":0},"skip":true},{"start":{"line":0,"column":0},"end":{"line":0,"column":0},"skip":true}]},"7":{"line":53,"type":"if","locations":[{"end":{"line":19,"column":4},"start":{"line":19,"column":4}},{"end":{"line":19,"column":4},"start":{"line":19,"column":4}}]},"8":{"line":73,"type":"if","locations":[{"end":{"line":39,"column":6},"start":{"line":39,"column":6}},{"end":{"line":39,"column":6},"start":{"line":39,"column":6}}]},"9":{"line":93,"type":"if","locations":[{"end":{"line":59,"column":6},"start":{"line":59,"column":6}},{"end":{"line":59,"column":6},"start":{"line":59,"column":6}}]},"10":{"line":163,"type":"if","locations":[{"end":{"line":140,"column":6},"start":{"line":140,"column":6}},{"end":{"line":140,"column":6},"start":{"line":140,"column":6}}]},"11":{"line":208,"type":"if","locations":[{"end":{"line":198,"column":6},"start":{"line":198,"column":6}},{"end":{"line":198,"column":6},"start":{"line":198,"column":6}}]},"12":{"line":243,"type":"binary-expr","locations":[{"end":{"line":226,"column":55},"start":{"line":226,"column":55}},{"end":{"line":226,"column":54},"start":{"line":226,"column":65}}]},"13":{"line":252,"type":"if","locations":[{"end":{"line":234,"column":0},"start":{"line":234,"column":0}},{"end":{"line":234,"column":0},"start":{"line":234,"column":0}}]},"14":{"line":285,"type":"if","locations":[{"start":{"line":0,"column":0},"end":{"line":0,"column":0},"skip":true},{"start":{"line":0,"column":0},"end":{"line":0,"column":0},"skip":true}]},"15":{"line":285,"type":"binary-expr","locations":[{"start":{"line":0,"column":0},"end":{"line":0,"column":0},"skip":true},{"start":{"line":0,"column":0},"end":{"line":0,"column":0},"skip":true}]},"16":{"line":290,"type":"if","locations":[{"start":{"line":0,"column":0},"end":{"line":0,"column":0},"skip":true},{"start":{"line":0,"column":0},"end":{"line":0,"column":0},"skip":true}]},"17":{"line":299,"type":"switch","locations":[{"start":{"line":0,"column":0},"end":{"line":0,"column":0},"skip":true},{"start":{"line":0,"column":0},"end":{"line":0,"column":0},"skip":true},{"start":{"line":0,"column":0},"end":{"line":0,"column":0},"skip":true},{"start":{"line":0,"column":0},"end":{"line":0,"column":0},"skip":true},{"start":{"line":0,"column":0},"end":{"line":0,"column":0},"skip":true},{"start":{"line":0,"column":0},"end":{"line":0,"column":0},"skip":true},{"start":{"line":0,"column":0},"end":{"line":0,"column":0},"skip":true},{"start":{"line":0,"column":0},"end":{"line":0,"column":0},"skip":true},{"start":{"line":0,"column":0},"end":{"line":0,"column":0},"skip":true},{"start":{"line":0,"column":0},"end":{"line":0,"column":0},"skip":true},{"start":{"line":0,"column":0},"end":{"line":0,"column":0},"skip":true},{"start":{"line":0,"column":0},"end":{"line":0,"column":0},"skip":true}]},"18":{"line":341,"type":"if","locations":[{"start":{"line":0,"column":0},"end":{"line":0,"column":0},"skip":true},{"start":{"line":0,"column":0},"end":{"line":0,"column":0},"skip":true}]},"19":{"line":341,"type":"binary-expr","locations":[{"start":{"line":0,"column":0},"end":{"line":0,"column":0},"skip":true},{"start":{"line":0,"column":0},"end":{"line":0,"column":0},"skip":true}]},"20":{"line":357,"type":"cond-expr","locations":[{"start":{"line":0,"column":0},"end":{"line":0,"column":0},"skip":true},{"start":{"line":0,"column":0},"end":{"line":0,"column":0},"skip":true}]},"21":{"line":361,"type":"cond-expr","locations":[{"start":{"line":0,"column":0},"end":{"line":0,"column":0},"skip":true},{"start":{"line":0,"column":0},"end":{"line":0,"column":0},"skip":true}]},"22":{"line":365,"type":"if","locations":[{"start":{"line":0,"column":0},"end":{"line":0,"column":0},"ski
[...]
"line":0,"column":0},"skip":true},"462":{"start":{"line":0,"column":0},"end":{"line":0,"column":0},"skip":true},"463":{"start":{"line":0,"column":0},"end":{"line":0,"column":0},"skip":true},"464":{"start":{"line":0,"column":0},"end":{"line":0,"column":0},"skip":true},"465":{"start":{"line":0,"column":0},"end":{"line":0,"column":0},"skip":true},"466":{"start":{"line":0,"column":0},"end":{"line":0,"column":0},"skip":true},"467":{"start":{"line":0,"column":0},"end":{"line":0,"column":0},"skip":true},"468":{"start":{"line":0,"column":0},"end":{"line":0,"column":0},"skip":true},"469":{"start":{"line":0,"column":0},"end":{"line":0,"column":0},"skip":true},"470":{"start":{"line":0,"column":0},"end":{"line":0,"column":0},"skip":true},"471":{"start":{"line":0,"column":0},"end":{"line":0,"column":0},"skip":true},"472":{"start":{"line":0,"column":0},"end":{"line":0,"column":0},"skip":true},"473":{"start":{"line":0,"column":0},"end":{"line":0,"column":0},"skip":true}},"branchMap":{"1":{"line":8,"type":"cond-expr","locations":[{"start":{"line":0,"column":0},"end":{"line":0,"column":0},"skip":true},{"start":{"line":0,"column":0},"end":{"line":0,"column":0},"skip":true}]},"2":{"line":8,"type":"binary-expr","locations":[{"start":{"line":0,"column":0},"end":{"line":0,"column":0},"skip":true},{"start":{"line":0,"column":0},"end":{"line":0,"column":0},"skip":true}]},"3":{"line":8,"type":"cond-expr","locations":[{"start":{"line":0,"column":0},"end":{"line":0,"column":0},"skip":true},{"start":{"line":0,"column":0},"end":{"line":0,"column":0},"skip":true}]},"4":{"line":8,"type":"binary-expr","locations":[{"start":{"line":0,"column":0},"end":{"line":0,"column":0},"skip":true},{"start":{"line":0,"column":0},"end":{"line":0,"column":0},"skip":true},{"start":{"line":0,"column":0},"end":{"line":0,"column":0},"skip":true}]},"5":{"line":28,"type":"cond-expr","locations":[{"start":{"line":0,"column":0},"end":{"line":0,"column":0},"skip":true},{"start":{"line":0,"column":0},"end":{"line":0,"column":0},"skip":true}]},"6":{"line":28,"type":"binary-expr","locations":[{"start":{"line":0,"column":0},"end":{"line":0,"column":0},"skip":true},{"start":{"line":0,"column":0},"end":{"line":0,"column":0},"skip":true}]},"7":{"line":43,"type":"if","locations":[{"end":{"line":20,"column":4},"start":{"line":20,"column":4}},{"end":{"line":20,"column":4},"start":{"line":20,"column":4}}]},"8":{"line":70,"type":"if","locations":[{"end":{"line":47,"column":4},"start":{"line":47,"column":4}},{"end":{"line":47,"column":4},"start":{"line":47,"column":4}}]},"9":{"line":88,"type":"if","locations":[{"end":{"line":65,"column":6},"start":{"line":65,"column":6}},{"end":{"line":65,"column":6},"start":{"line":65,"column":6}}]},"10":{"line":98,"type":"if","locations":[{"end":{"line":75,"column":8},"start":{"line":75,"column":8}},{"end":{"line":75,"column":8},"start":{"line":75,"column":8}}]},"11":{"line":143,"type":"if","locations":[{"end":{"line":116,"column":10},"start":{"line":116,"column":10}},{"end":{"line":116,"column":10},"start":{"line":116,"column":10}}]},"12":{"line":143,"type":"binary-expr","locations":[{"end":{"line":116,"column":14},"start":{"line":116,"column":15}},{"end":{"line":116,"column":10},"start":{"line":117,"column":15}}]},"13":{"line":151,"type":"if","locations":[{"end":{"line":125,"column":12},"start":{"line":125,"column":12}},{"end":{"line":125,"column":12},"start":{"line":125,"column":12}}]},"14":{"line":151,"type":"binary-expr","locations":[{"end":{"line":125,"column":16},"start":{"line":125,"column":17}},{"end":{"line":125,"column":12},"start":{"line":126,"column":17}}]},"15":{"line":161,"type":"if","locations":[{"end":{"line":136,"column":4},"start":{"line":136,"column":4}},{"end":{"line":136,"column":4},"start":{"line":136,"column":4}}]},"16":{"line":162,"type":"if","locations":[{"end":{"line":137,"column":4},"start":{"line":137,"column":4}},{"end":{"line":137,"column":4},"start":{"line":137,"column":4}}]},"17":{"line":206,"type":"if","locations":[{"end":{"line":177,"column":4},"start":{"line":177,"column":4}},{"end":{"line":177,"column":4},"start":{"line":177,"column":4}}]},"18":{"line":207,"type":"if","locations":[{"end":{"line":178,"column":4},"start":{"line":178,"column":4}},{"end":{"line":178,"column":4},"start":{"line":178,"column":4}}]},"19":{"line":225,"type":"if","locations":[{"end":{"line":194,"column":10},"start":{"line":194,"column":10}},{"end":{"line":194,"column":10},"start":{"line":194,"column":10}}]},"20":{"line":262,"type":"binary-expr","locations":[{"end":{"line":225,"column":67},"start":{"line":225,"column":67}},{"end":{"line":225,"column":60},"start":{"line":225,"column":79}}]},"21":{"line":289,"type":"binary-expr","locations":[{"end":{"line":249,"column":15},"start":{"line":249,"column":15}},{"end":{"line":249,"column":15},"start":{"line":249,"column":23}},{"end":{"line":249,"column":10},"start":{"line":249,"column":37}}]},"22":{"line":290,"type":"binary-expr","locations":[{"end":{"line":250,"column":15},"start":{"line":250,"column":15}},{"end":{"line":250,"column":15},"start":{"line":250,"column":25}},{"end":{"line":250,"column":10},"start":{"line":250,"column":41}}]},"23":{"line":291,"type":"if","locations":[{"end":{"line":251,"column":10},"start":{"line":251,"column":10}},{"end":{"line":251,"column":10},"start":{"line":251,"column":10}}]},"24":{"line":342,"type":"cond-expr","locations":[{"end":{"line":311,"column":16},"start":{"line":311,"column":46}},{"end":{"line":309,"column":4},"start":{"line":311,"column":66}}]},"25":{"line":389,"type":"binary-expr","locations":[{"end":{"line":361,"column":17},"start":{"line":361,"column":17}},{"end":{"line":361,"column":10},"start":{"line":361,"column":39}}]},"26":{"line":417,"type":"cond-expr","locations":[{"end":{"line":397,"column":16},"start":{"line":397,"column":46}},{"end":{"line":391,"column":4},"start":{"line":397,"column":66}}]},"27":{"line":418,"type":"cond-expr","locations":[{"end":{"line":398,"column":15},"start":{"line":398,"column":45}},{"end":{"line":391,"column":4},"start":{"line":398,"column":62}}]},"28":{"line":419,"type":"cond-expr","locations":[{"end":{"line":399,"column":18},"start":{"line":399,"column":48}},{"end":{"line":391,"column":4},"start":{"line":399,"column":61}}]},"29":{"line":434,"type":"if","locations":[{"end":{"line":412,"column":6},"start":{"line":412,"column":6}},{"end":{"line":412,"column":6},"start":{"line":412,"column":6}}]},"30":{"line":446,"type":"if","locations":[{"end":{"line":424,"column":8},"start":{"line":424,"column":8}},{"end":{"line":424,"column":8},"start":{"line":424,"column":8}}]},"31":{"line":453,"type":"if","locations":[{"end":{"line":431,"column":8},"start":{"line":431,"column":8}},{"end":{"line":431,"column":8},"start":{"line":431,"column":8}}]},"32":{"line":453,"type":"binary-expr","locations":[{"end":{"line":431,"column":12},"start":{"line":431,"column":12}},{"end":{"line":431,"column":8},"start":{"line":431,"column":22}}]},"33":{"line":458,"type":"binary-expr","locations":[{"end":{"line":434,"column":24},"start":{"line":434,"column":24}},{"end":{"line":433,"column":10},"start":{"line":434,"column":40}}]},"34":{"line":459,"type":"binary-expr","locations":[{"end":{"line":435,"column":24},"start":{"line":435,"column":24}},{"end":{"line":433,"column":10},"start":{"line":435,"column":38}}]},"35":{"line":460,"type":"binary-expr","locations":[{"end":{"line":436,"column":21},"start":{"line":436,"column":21}},{"end":{"line":433,"column":10},"start":{"line":436,"column":37}}]},"36":{"line":461,"type":"binary-expr","locations":[{"end":{"line":437,"column":21},"start":{"line":437,"column":21}},{"end":{"line":433,"column":10},"start":{"line":437,"column":35}}]},"37":{"line":466,"type":"if","locations":[{"end":{"line":442,"column":10},"start":{"line":442,"column":10}},{"end":{"line":442,"column":10},"start":{"line":442,"column":10}}]},"38":{"line":466,"type":"binary-expr","locations":[{"end":{"line":442,"column":13},"start":{"line":442,"column":13}},{"end":{"line":442,"column":10},"start":{"line":442,"column":27}}]},"39":{"line":552,"type":"cond-expr","locations":[{"end":{"line":551,"column":16},"start":{"line":551,"column":46}},{"end":{"line":551,"column":4},"start":{"line":551,"column":66}}]},"40":{"line":559,"type":"if","locations":[{"end":{"line":558,"column":6},"start":{"line":558,"column":6}},{"end":{"line":558,"column":6},"start":{"line":558,"column":6}}]},"41":{"line":610,"type":"binary-expr","locations":[{"end":{"line":611,"column":17},"start":{"line":611,"column":17}},{"end":{"line":611,"column":10},"start":{"line":611,"column":39}}]},"42":{"line":640,"type":"cond-expr","locations":[{"end":{"line":649,"column":16},"start":{"line":649,"column":46}},{"end":{"line":641,"column":4},"start":{"line":649,"column":66}}]},"43":{"line":643,"type":"if","locations":[{"end":{"line":652,"column":4},"start":{"line":652,"column":4}},{"end":{"line":652,"column":4},"start":{"line":652,"column":4}}]},"44":{"line":643,"type":"binary-expr","locations":[{"end":{"line":652,"column":8},"start":{"line":652,"column":8}},{"end":{"line":652,"column":4},"start":{"line":652,"column":35}}]},"45":{"line":651,"type":"if","locations":[{"end":{"line":660,"column":8},"start":{"line":660,"column":8}},{"end":{"line":660,"column":8},"start":{"line":660,"column":8}}]},"46":{"line":685,"type":"binary-expr","locations":[{"end":{"line":686,"column":50},"start":{"line":686,"column":50}},{"end":{"line":686,"column":42},"start":{"line":686,"column":63}}]},"47":{"line":688,"type":"binary-expr","locations":[{"end":{"line":687,"column":62},"start":{"line":687,"column":62}},{"end":{"line":687,"column":54},"start":{"line":687,"column":75}}]},"48":{"line":718,"type":"if","locations":[{"end":{"line":710,"column":4},"start":{"line":710,"column":4}},{"end":{"line":710,"column":4},"start":{"line":710,"column":4}}]},"49":{"line":769,"type":"binary-expr","locations":[{"end":{"line":761,"column":11},"start":{"line":761,"column":11}},{"end":{"line":761,"column":6},"start":{"line":761,"column":30}}]},"50":{"line":772,"type":"binary-expr","locations":[{"end":{"line":764,"column":18},"start":{"line":764,"column":18}},{"end":{"line":764,"column":17},"start":{"line":764,"column":25}}]},"51":{"line":772,"type":"binary-expr","locations":[{"end":{"line":764,"column":54},"start":{"line":764,"column":54}},{"end":{"line":764,"column":53},"start":{"line":764,"column":61}}]},"52":{"line":775,"type":"binary-expr","locations":[{"end":{"line":767,"column":18},"start":{"line":767,"column":18}},{"end":{"line":767,"column":17},"start":{"line":767,"column":25}}]},"53":{"line":775,"type":"binary-expr","locations":[{"end":{"line":767,"column":54},"start":{"line":767,"column":54}},{"end":{"line":767,"column":53},"start":{"line":767,"column":61}}]},"54":{"line":805,"type":"cond-expr","locations":[{"end":{"line":790,"column":21},"start":{"line":790,"column":45}},{"end":{"line":790,"column":10},"start":{"line":790,"column":59}}]},"55":{"line":806,"type":"cond-expr","locations":[{"end":{"line":791,"column":23},"start":{"line":791,"column":50}},{"end":{"line":790,"column":10},"start":{"line":791,"column":67}}]},"56":{"line":820,"type":"cond-expr","locations":[{"end":{"line":801,"column":22},"start":{"line":801,"column":40}},{"end":{"line":801,"column":10},"start":{"line":801,"column":93}}]},"57":{"line":823,"type":"cond-expr","locations":[{"end":{"line":802,"column":24},"start":{"line":802,"column":44}},{"end":{"line":802,"column":10},"start":{"line":802,"column":100}}]},"58":{"line":826,"type":"cond-expr","locations":[{"end":{"line":803,"column":22},"start":{"line":803,"column":62}},{"end":{"line":803,"column":10},"start":{"line":803,"column":77}}]},"59":{"line":826,"type":"binary-expr","locations":[{"end":{"line":803,"column":23},"start":{"line":803,"column":23}},{"end":{"line":803,"column":22},"start":{"line":803,"column":36}}]},"60":{"line":827,"type":"cond-expr","locations":[{"end":{"line":804,"column":24},"start":{"line":804,"column":68}},{"end":{"line":804,"column":10},"start":{"line":804,"column":85}}]},"61":{"line":827,"type":"binary-expr","locations":[{"end":{"line":804,"column":25},"start":{"line":804,"column":25}},{"end":{"line":804,"column":24},"start":{"line":804,"column":40}}]},"62":{"line":857,"type":"cond-expr","locations":[{"end":{"line":837,"column":9},"start":{"line":837,"column":32}},{"end":{"line":837,"column":4},"start":{"line":837,"column":55}}]},"63":{"line":868,"type":"if","locations":[{"end":{"line":848,"column":0},"start":{"line":848,"column":0}},{"end":{"line":848,"column":0},"start":{"line":848,"column":0}}]},"64":{"line":919,"type":"if","locations":[{"start":{"line":0,"column":0},"end":{"line":0,"column":0},"skip":true},{"start":{"line":0,"column":0},"end":{"line":0,"column":0},"skip":true}]},"65":{"line":919,"type":"binary-expr","locations":[{"start":{"line":0,"column":0},"end":{"line":0,"column":0},"skip":true},{"start":{"line":0,"column":0},"end":{"line":0,"column":0},"skip":true}]},"66":{"line":924,"type":"if","locations":[{"start":{"line":0,"column":0},"end":{"line":0,"column":0},"skip":true},{"start":{"line":0,"column":0},"end":{"line":0,"column":0},"skip":true}]},"67":{"line":933,"type":"switch","locations":[{"start":{"line":0,"column":0},"end":{"line":0,"column":0},"skip":true},{"start":{"line":0,"column":0},"end":{"line":0,"column":0},"skip":true},{"start":{"line":0,"column":0},"end":{"line":0,"column":0},"skip":true},{"start":{"line":0,"column":0},"end":{"line":0,"column":0},"skip":true},{"start":{"line":0,"column":0},"end":{"line":0,"column":0},"skip":true},{"start":{"line":0,"column":0},"end":{"line":0,"column":0},"skip":true},{"start":{"line":0,"column":0},"end":{"line":0,"column":0},"skip":true},{"start":{"line":0,"column":0},"end":{"line":0,"column":0},"skip":true},{"start":{"line":0,"column":0},"end":{"line":0,"column":0},"skip":true},{"start":{"line":0,"column":0},"end":{"line":0,"column":0},"skip":true},{"start":{"line":0,"column":0},"end":{"line":0,"column":0},"skip":true},{"start":{"line":0,"column":0},"end":{"line":0,"column":0},"skip":true},{"start":{"line":0,"column":0},"end":{"line":0,"column":0},"skip":true},{"start":{"line":0,"column":0},"end":{"line":0,"column":0},"skip":true},{"start":{"line":0,"column":0},"end":{"line":0,"column":0},"skip":true},{"start":{"line":0,"column":0},"end":{"line":0,"column":0},"skip":true},{"start":{"line":0,"column":0},"end":{"line":0,"column":0},"skip":true},{"start":{"line":0,"column":0},"end":{"line":0,"column":0},"skip":true},{"start":{"line":0,"column":0},"end":{"line":0,"column":0},"skip":true},{"start":{"line":0,"column":0},"end":{"line":0,"column":0},"skip":true},{"start":{"line":0,"column":0},"end":{"line":0,"column":0},"skip":true},{"start":{"line":0,"column":0},"end":{"line":0,"column":0},"skip":true},{"start":{"line":0,"column":0},"end":{"line":0,"column":0},"skip":true},{"start":{"line":0,"column":0},"end":{"line":0,"column":0},"skip":true},{"start":{"line":0,"column":0},"end":{"line":0,"column":0},"skip":true},{"start":{"line":0,"column":0},"end":{"line":0,"column":0},"skip":true},{"start":{"line":0,"column":0},"end":{"line":0,"column":0},"skip":true},{"start":{"line":0,"column":0},"end":{"line":0,"column":0},"skip":true},{"start":{"line":0,"column":0},"end":{"line":0,"column":0},"skip":true},{"start":{"line":0,"column":0},"end":{"line":0,"column":0},"skip":true},{"start":{"line":0,"column":0},"end":{"line":0,"column":0},"skip":true},{"start":{"line":0,"column":0},"end":{"line":0,"column":0},"skip":true},{"start":{"line":0,"column":0},"end":{"line":0,"column":0},"skip":true},{"start":{"line":0,"column":0},"end":{"line":0,"column":0},"skip":true}]},"68":{"line":1041,"type":"if","locations":[{"start":{"line":0,"column":0},"end":{"line":0,"column":0},"skip":true},{"start":{"line":0,"column":0},"end":{"line":0,"column":0},"skip":true}]},"69":{"line":1041,"type":"binary-expr","locations":[{"start":{"line":0,"column":0},"end":{"line":0,"column":0},"skip":true},{"start":{"line":0,"column":0},"end":{"line":0,"column":0},"skip":true}]},"70":{"line":1057,"type":"cond-expr","locations":[{"start":{"line":0,"column":0},"end":{"line":0,"column":0},"skip":true},{"start":{"line":0,"column":0},"end":{"line":0,"column":0},"skip":true}]},"71":{"line":1061,"type":"cond-expr","locations":[{"start":{"line":0,"column":0},"end":{"line":0,"column":0},"skip":true},{"start":{"line":0,"column":0},"end":{"line":0,"column":0},"skip":true}]},"72":{"line":1065,"type":"if","locations":[{"start":{"line":0,"column":0},"end":{"line":0,"column":0},"skip":true},{"start":{"line":0,"column":0},"end":{"line":0,"column":0},"skip":true}]},"73":{"line":1065,"type":"cond-expr","locations":[{"start":{"line":0,"column":0},"end":{"line":0,"column":0},"skip":true},{"start":{"line":0,"column":0},"end":{"line":0,"column":0},"skip":true}]},"74":{"line":1070,"type":"if","locations":[{"start":{"line":0,"column":0},"end":{"line":0,"column":0},"skip":true},{"start":{"line":0,"column":0},"end":{"line":0,"column":0},"skip":true}]},"75":{"line":1101,"type":"if","locations":[{"start":{"line":0,"column":0},"end":{"line":0,"column":0},"skip":true},{"start":{"line":0,"column":0},"end":{"line":0,"column":0},"skip":true}]},"76":{"line":1101,"type":"binary-expr","locations":[{"start":{"line":0,"column":0},"end":{"line":0,"column":0},"skip":true},{"start":{"line":0,"column":0},"end":{"line":0,"column":0},"skip":true}]}},"l":{"0":1,"1":0,"2":0,"3":0,"4":0,"6":0,"9":0,"10":0,"11":0,"12":0,"13":0,"15":0,"18":0,"19":0,"20":0,"21":0,"22":0,"24":0,"29":0,"31":0,"32":0,"33":0,"34":0,"38":0,"41":0,"47":0,"49":0,"50":0,"51":0,"55":0,"56":0,"57":0,"60":0,"64":0,"65":0,"67":0,"70":0,"71":0,"72":0,"74":0,"75":0,"76":0,"77":0,"84":0,"93":0,"96":0,"100":0,"101":0,"102":0,"105":0,"107":0,"108":0,"111":0,"113":0,"115":0,"116":0,"118":0,"123":0,"124":0,"125":0,"127":0,"131":0,"132":0,"136":0,"137":0,"140":0,"147":0,"150":0,"154":0,"155":0,"156":0,"159":0,"160":0,"161":0,"162":0,"166":0,"167":0,"168":0,"173":0,"174":0,"177":0,"178":0,"181":0,"188":0,"189":0,"190":0,"192":0,"193":0,"194":0,"195":0,"196":0,"197":0,"198":0,"202":0,"203":0,"204":0,"205":0,"210":0,"213":0,"216":0,"223":0,"224":0,"225":0,"230":0,"231":0,"232":0,"237":0,"238":0,"239":0,"240":0,"241":0,"243":0,"244":0,"245":0,"246":0,"247":0,"248":0,"249":0,"250":0,"251":0,"252":0,"253":0,"255":0,"256":0,"260":0,"264":0,"274":0,"281":0,"282":0,"283":0,"284":0,"294":0,"295":0,"297":0,"298":0,"309":0,"314":0,"315":0,"322":0,"325":0,"326":0,"330":0,"337":0,"338":0,"339":0,"348":0,"352":0,"354":0,"356":0,"358":0,"360":0,"361":0,"362":0,"363":0,"366":0,"372":0,"376":0,"380":0,"388":0,"391":0,"393":0,"394":0,"400":0,"403":0,"404":0,"406":0,"407":0,"411":0,"412":0,"414":0,"422":0,"424":0,"428":0,"431":0,"433":0,"439":0,"440":0,"441":0,"442":0,"445":0,"454":0,"455":0,"458":0,"461":0,"462":0,"466":0,"468":0,"477":0,"480":0,"485":0,"490":0,"498":0,"499":0,"502":0,"506":0,"507":0,"509":0,"510":0,"517":0,"526":0,"529":0,"534":0,"535":0,"537":0,"538":0,"545":0,"551":0,"557":0,"558":0,"560":0,"561":0,"567":0,"569":0,"572":0,"573":0,"577":0,"584":0,"585":0,"586":0,"587":0,"598":0,"602":0,"604":0,"606":0,"608":0,"610":0,"611":0,"612":0,"613":0,"616":0,"622":0,"626":0,"630":0,"638":0,"641":0,"642":0,"643":0,"652":0,"654":0,"655":0,"658":0,"659":0,"660":0,"661":0,"668":0,"671":0,"672":0,"676":0,"678":0,"682":0,"683":0,"684":0,"686":0,"687":0,"689":0,"690":0,"692":0,"693":0,"696":0,"697":0,"698":0,"699":0,"701":0,"702":0,"703":0,"704":0,"706":0,"709":0,"713":0,"716":0,"721":0,"727":0,"729":0,"732":0,"735":0,"736":0,"739":0,"743":0,"744":0,"746":0,"748":0,"751":0,"752":0,"753":0,"755":0,"759":0,"760":0,"761":0,"762":0,"763":0,"764":0,"766":0,"767":0,"769":0,"772":0,"776":0,"778":0,"781":0,"782":0,"783":0,"785":0,"790":0,"792":0,"796":0,"797":0,"798":0,"799":0,"800":0,"801":0,"802":0,"803":0,"804":0,"806":0,"807":0,"810":0,"811":0,"814":0,"818":0,"822":0,"823":0,"824":0,"826":0,"827":0,"828":0,"837":0,"838":0,"840":0,"841":0,"842":0,"843":0,"848":0,"850":0}}}
